Firebase physical push smoke - 2026-05-06

Device:
- Rafa / 00008130-001C152922BA001C / iOS 26.5 23F5043k

Backend:
- http://127.0.0.1:8082/health -> healthy
- http://192.168.20.167:8082/health -> healthy

Command attempted:
cd app && flutter run -t integration_test/fcm_staging_smoke_test.dart -d 00008130-001C152922BA001C --debug --publish-port --dart-define=API_BASE_URL=http://192.168.20.167:8082 --dart-define=PUBLIC_API_BASE_URL=http://192.168.20.167:8082 --no-version-check

Result:
BLOCKED before app launch.

Sanitized Xcode errors:
- Cannot create an iOS App Development provisioning profile for com.mtgia.mtgApp.
- Personal development teams do not support the Push Notifications capability.
- Provisioning profile does not include the Push Notifications capability.
- Provisioning profile does not include the aps-environment entitlement.

Interpretation:
- Firebase bundle config matches the app bundle id: com.mtgia.mtgApp.
- iOS project now declares Push Notifications and remote-notification capability.
- Physical FCM/APNs cannot be proven with the current Apple Personal Team profile.
- Next requirement is a paid Apple Developer Team / provisioning profile with Push Notifications enabled for com.mtgia.mtgApp, plus APNs key/certificate configured in Firebase Console.
