00:00 +0: loading /Users/desenvolvimentomobile/Documents/rafa/mtg/mtgia/app/integration_test/commander_reference_feather_app_runtime_test.dart
The following target(s) do not support arm64 architecture, which is a requirement for Apple Silicon iOS 26+ simulators:
  - camera_avfoundation (Flutter plugin)
  - camera_avfoundation-camera_avfoundation_privacy
  - Firebase (transitive dependency of Flutter plugin firebase_messaging)
  - firebase_core (Flutter plugin)
  - firebase_messaging (Flutter plugin)
  - firebase_messaging-firebase_messaging_Privacy
  - firebase_performance (Flutter plugin)
  - FirebaseABTesting (transitive dependency of Flutter plugin firebase_performance)
  - FirebaseABTesting-FirebaseABTesting_Privacy (transitive dependency of Flutter plugin firebase_performance)
  - FirebaseCore (transitive dependency of Flutter plugin firebase_messaging)
  - FirebaseCore-FirebaseCore_Privacy (transitive dependency of Flutter plugin firebase_messaging)
  - FirebaseCoreExtension (transitive dependency of Flutter plugin firebase_performance)
  - FirebaseCoreExtension-FirebaseCoreExtension_Privacy (transitive dependency of Flutter plugin firebase_performance)
  - FirebaseCoreInternal (transitive dependency of Flutter plugin firebase_messaging)
  - FirebaseCoreInternal-FirebaseCoreInternal_Privacy (transitive dependency of Flutter plugin firebase_messaging)
  - FirebaseInstallations (transitive dependency of Flutter plugin firebase_messaging)
  - FirebaseInstallations-FirebaseInstallations_Privacy (transitive dependency of Flutter plugin firebase_messaging)
  - FirebaseMessaging (transitive dependency of Flutter plugin firebase_messaging)
  - FirebaseMessaging-FirebaseMessaging_Privacy (transitive dependency of Flutter plugin firebase_messaging)
  - FirebasePerformance (transitive dependency of Flutter plugin firebase_performance)
  - FirebaseRemoteConfig (transitive dependency of Flutter plugin firebase_performance)
  - FirebaseRemoteConfig-FirebaseRemoteConfig_Privacy (transitive dependency of Flutter plugin firebase_performance)
  - FirebaseRemoteConfigInterop (transitive dependency of Flutter plugin firebase_performance)
  - FirebaseSessions (transitive dependency of Flutter plugin firebase_performance)
  - FirebaseSharedSwift (transitive dependency of Flutter plugin firebase_performance)
  - Flutter (transitive dependency of Flutter plugin camera_avfoundation)
  - google_mlkit_commons (Flutter plugin)
  - google_mlkit_text_recognition (Flutter plugin)
  - GoogleDataTransport (transitive dependency of Flutter plugin firebase_messaging)
  - GoogleDataTransport-GoogleDataTransport_Privacy (transitive dependency of Flutter plugin firebase_messaging)
  - GoogleMLKit (transitive dependency of Flutter plugin google_mlkit_text_recognition)
  - GoogleToolboxForMac (transitive dependency of Flutter plugin google_mlkit_text_recognition)
  - GoogleToolboxForMac-GoogleToolboxForMac_Logger_Privacy
  - GoogleToolboxForMac-GoogleToolboxForMac_Privacy
  - GoogleUtilities (transitive dependency of Flutter plugin firebase_messaging)
  - GoogleUtilities-GoogleUtilities_Privacy
  - GTMSessionFetcher (transitive dependency of Flutter plugin google_mlkit_text_recognition)
  - GTMSessionFetcher-GTMSessionFetcher_Core_Privacy
  - integration_test (Flutter plugin)
  - MLImage (transitive dependency of Flutter plugin google_mlkit_commons)
  - MLKitCommon (transitive dependency of Flutter plugin google_mlkit_text_recognition)
  - MLKitTextRecognition (transitive dependency of Flutter plugin google_mlkit_text_recognition)
  - MLKitTextRecognition-LatinOCRResources (transitive dependency of Flutter plugin google_mlkit_text_recognition)
  - MLKitTextRecognitionCommon (transitive dependency of Flutter plugin google_mlkit_text_recognition)
  - MLKitVision (transitive dependency of Flutter plugin google_mlkit_commons)
  - nanopb (transitive dependency of Flutter plugin firebase_messaging)
  - nanopb-nanopb_Privacy (transitive dependency of Flutter plugin firebase_messaging)
  - objective_c (Flutter plugin)
  - package_info_plus (Flutter plugin)
  - package_info_plus-package_info_plus_privacy
  - permission_handler_apple (Flutter plugin)
  - permission_handler_apple-permission_handler_apple_privacy
  - PromisesObjC (transitive dependency of Flutter plugin firebase_messaging)
  - PromisesObjC-FBLPromises_Privacy (transitive dependency of Flutter plugin firebase_messaging)
  - PromisesSwift (transitive dependency of Flutter plugin firebase_performance)
  - PromisesSwift-Promises_Privacy (transitive dependency of Flutter plugin firebase_performance)
  - Sentry (transitive dependency of Flutter plugin sentry_flutter)
  - Sentry-Sentry
  - sentry_flutter (Flutter plugin)
  - share_plus (Flutter plugin)
  - share_plus-share_plus_privacy
  - shared_preferences_foundation (Flutter plugin)
  - shared_preferences_foundation-shared_preferences_foundation_privacy
  - sqflite_darwin (Flutter plugin)
  - sqflite_darwin-sqflite_darwin_privacy
  - webview_flutter_wkwebview (Flutter plugin)
  - webview_flutter_wkwebview-webview_flutter_wkwebview_privacy
  - camera_avfoundation (Flutter plugin)

Please contact plugin maintainers to request arm64 support to continue to be able to use the plugin on a simulator.
Running Xcode build...
Xcode build done.                                           105.3s
00:00 +0: iPhone 15 runtime: Commander Reference Feather app proof
COMMANDER_REFERENCE_FEATHER_APP_BASE_URL https://evolution-cartinhas.8ktevp.easypanel.host
[🌐 ApiClient] GET https://evolution-cartinhas.8ktevp.easypanel.host/health
[🌐 ApiClient] GET /health → 200 (1085ms)
COMMANDER_REFERENCE_FEATHER_APP_HEALTH status=200 git_sha=6e155224ea2306d944dc8aa20d93576aa29ff8ee latency_ms=1085
[🌐 ApiClient] baseUrl = https://evolution-cartinhas.8ktevp.easypanel.host
[🌐 ApiClient] platform = TargetPlatform.iOS | kIsWeb=false | kDebugMode=true
[🧭 Router] redirect: location=/ | status=AuthStatus.initial
[🔑 Auth] initialize() → loading
[🧭 Router] redirect: location=/ | status=AuthStatus.loading
[🔑 Auth] savedToken exists: false, savedUser exists: false
[🔑 Auth] initialize() concluído → AuthStatus.unauthenticated
[🧭 Router] redirect: location=/ | status=AuthStatus.unauthenticated
[🧭 Router] redirect: location=/login | status=AuthStatus.unauthenticated
[🧭 Router] → null (sem redirect)
[📱 Screen] → PUSH: login
CAPTURE_START commander_reference_feather_01_login
CAPTURE_CONVERT_BEGIN commander_reference_feather_01_login
CAPTURE_CONVERT_DONE commander_reference_feather_01_login
CAPTURE_TAKEN commander_reference_feather_01_login bytes=736292
SCREENSHOT_BEGIN commander_reference_feather_01_login
SCREENSHOT_END commander_reference_feather_01_login
[🧭 Router] redirect: location=/register | status=AuthStatus.unauthenticated
[🧭 Router] → null (sem redirect)
[📱 Screen] → PUSH: register
[🧭 Router] redirect: location=/login | status=AuthStatus.loading
[🧭 Router] → null (status=AuthStatus.loading, aguardando)
[🌐 ApiClient] POST https://evolution-cartinhas.8ktevp.easypanel.host/auth/register
[🌐 ApiClient] POST /auth/register → 201 (603ms)
[🌐 ApiClient] GET https://evolution-cartinhas.8ktevp.easypanel.host/notifications/count
[🌐 ApiClient] GET https://evolution-cartinhas.8ktevp.easypanel.host/conversations/unread-count
[🧭 Router] redirect: location=/login | status=AuthStatus.authenticated
[🧭 Router] → /home (já autenticado)
[📱 Screen] → PUSH: home
[🌐 ApiClient] GET https://evolution-cartinhas.8ktevp.easypanel.host/decks
[🌐 ApiClient] GET https://evolution-cartinhas.8ktevp.easypanel.host/market/movers?limit=5&min_price=1.0
[🌐 ApiClient] GET /notifications/count → 200 (931ms)
CAPTURE_START commander_reference_feather_02_registered
CAPTURE_TAKEN commander_reference_feather_02_registered bytes=632067
SCREENSHOT_BEGIN commander_reference_feather_02_registered
SCREENSHOT_END commander_reference_feather_02_registered
[🌐 ApiClient] GET /conversations/unread-count → 200 (1626ms)
[🌐 ApiClient] GET /decks → 200 (1114ms)
[🌐 ApiClient] baseUrl = https://evolution-cartinhas.8ktevp.easypanel.host
[🌐 ApiClient] platform = TargetPlatform.iOS | kIsWeb=false | kDebugMode=true
[🧭 Router] redirect: location=/ | status=AuthStatus.initial
[🔑 Auth] initialize() → loading
[🧭 Router] redirect: location=/ | status=AuthStatus.loading
[🔑 Auth] savedToken exists: false, savedUser exists: false
[🔑 Auth] initialize() concluído → AuthStatus.unauthenticated
[🧭 Router] redirect: location=/ | status=AuthStatus.unauthenticated
[🧭 Router] redirect: location=/login | status=AuthStatus.unauthenticated
[🧭 Router] → null (sem redirect)
[📱 Screen] → PUSH: login
[🌐 ApiClient] GET /market/movers?limit=5&min_price=1.0 → 200 (4797ms)
[⚠️ SLOW REQUEST] GET /market/movers?limit=5&min_price=1.0 demorou 4797ms
[Observability] breadcrumb category=api message=api_slow_request data={method: GET, endpoint: /market/movers?limit=5&min_price=1.0, status_code: 200, duration_ms: 4797, request_id: mob-651db7d2c84e3-59e79ea8, response_request_id: mob-651db7d2c84e3-59e79ea8}
[📱 LoginScreen] _handleLogin() chamado
[📱 LoginScreen] chamando authProvider.login()...
[🔑 Auth] login() chamado email_domain=<redacted-qa-email>
[🧭 Router] redirect: location=/login | status=AuthStatus.loading
[🧭 Router] → null (status=AuthStatus.loading, aguardando)
[🔑 Auth] enviando POST /auth/login...
[🌐 ApiClient] POST https://evolution-cartinhas.8ktevp.easypanel.host/auth/login
[🌐 ApiClient] POST /auth/login → 200 (451ms)
[🔑 Auth] resposta recebida: statusCode=200
[🔑 Auth] token recebido: sim
[🔑 Auth] user parsed: runtime_feather_app_<redacted>
[🔑 Auth] credenciais salvas
[🔑 Auth] status → authenticated ✅
[🌐 ApiClient] GET https://evolution-cartinhas.8ktevp.easypanel.host/notifications/count
[🌐 ApiClient] GET https://evolution-cartinhas.8ktevp.easypanel.host/conversations/unread-count
[🧭 Router] redirect: location=/login | status=AuthStatus.authenticated
[🧭 Router] → /home (já autenticado)
[📱 LoginScreen] login retornou: success=true
[📱 LoginScreen] ✅ login OK — aguardando redirect do GoRouter
[📱 Screen] → PUSH: home
[🌐 ApiClient] GET https://evolution-cartinhas.8ktevp.easypanel.host/decks
[🌐 ApiClient] GET https://evolution-cartinhas.8ktevp.easypanel.host/market/movers?limit=5&min_price=1.0
CAPTURE_START commander_reference_feather_03_logged_in
[🌐 ApiClient] GET /conversations/unread-count → 200 (666ms)
[🌐 ApiClient] GET /notifications/count → 200 (675ms)
CAPTURE_TAKEN commander_reference_feather_03_logged_in bytes=632097
SCREENSHOT_BEGIN commander_reference_feather_03_logged_in
SCREENSHOT_END commander_reference_feather_03_logged_in
COMMANDER_REFERENCE_FEATHER_APP_AUTH_SUMMARY register_ui=true login_ui=true
[🧭 Router] redirect: location=/decks | status=AuthStatus.authenticated
[🧭 Router] → null (sem redirect)
[📱 Screen] → PUSH: decks
[🌐 ApiClient] GET https://evolution-cartinhas.8ktevp.easypanel.host/decks
[🌐 ApiClient] GET /decks → 200 (836ms)
[🌐 ApiClient] GET /decks → 200 (312ms)
[🧭 Router] redirect: location=/decks/generate | status=AuthStatus.authenticated
[🧭 Router] → null (sem redirect)
[📱 Screen] → PUSH: generate
CAPTURE_START commander_reference_feather_feather_01_generate_screen
CAPTURE_TAKEN commander_reference_feather_feather_01_generate_screen bytes=263041
SCREENSHOT_BEGIN commander_reference_feather_feather_01_generate_screen
SCREENSHOT_END commander_reference_feather_feather_01_generate_screen
[🌐 ApiClient] POST https://evolution-cartinhas.8ktevp.easypanel.host/ai/generate
[🌐 ApiClient] POST /ai/generate → 202 (445ms)
ℹ️ [DeckGenerate] async accepted status=202 job_id=e08441a093ca582e8c5c0049c70417fc accepted_ms=445
[Observability] breadcrumb category=ai_generate message=ai_generate_async_accepted data={status_code: 202, job_id: e08441a093ca582e8c5c0049c70417fc, accepted_ms: 445}
ℹ️ [DeckGenerate] initial async feedback after 464ms
[🌐 ApiClient] GET /market/movers?limit=5&min_price=1.0 → 200 (4371ms)
[⚠️ SLOW REQUEST] GET /market/movers?limit=5&min_price=1.0 demorou 4371ms
[Observability] breadcrumb category=api message=api_slow_request data={method: GET, endpoint: /market/movers?limit=5&min_price=1.0, status_code: 200, duration_ms: 4371, request_id: mob-651db7d8c1d03-add968f7, response_request_id: mob-651db7d8c1d03-add968f7}
COMMANDER_REFERENCE_FEATHER_APP_GENERATE_INITIAL_FEEDBACK commander="Feather, the Redeemed" archetype=boros_heroic_spellslinger elapsed_ms=764
[🌐 ApiClient] GET https://evolution-cartinhas.8ktevp.easypanel.host/ai/generate/jobs/e08441a093ca582e8c5c0049c70417fc
[🌐 ApiClient] GET /ai/generate/jobs/e08441a093ca582e8c5c0049c70417fc → 200 (489ms)
ℹ️ [DeckGenerate] async completed job_id=e08441a093ca582e8c5c0049c70417fc result_status=200 elapsed_ms=5511
[Observability] breadcrumb category=ai_generate message=ai_generate_async_completed data={job_id: e08441a093ca582e8c5c0049c70417fc, result_status_code: 200, elapsed_ms: 5511}
ℹ️ [DeckGenerate] reference diagnostics commander="Feather, the Redeemed" reference_profile_used=true reference_card_stats_used=true on_theme_candidate_count=31 unresolved_reference_cards=0
CAPTURE_START commander_reference_feather_feather_02_preview
CAPTURE_TAKEN commander_reference_feather_feather_02_preview bytes=256791
SCREENSHOT_BEGIN commander_reference_feather_feather_02_preview
SCREENSHOT_END commander_reference_feather_feather_02_preview
[🌐 ApiClient] POST https://evolution-cartinhas.8ktevp.easypanel.host/cards/resolve/batch
[🌐 ApiClient] POST /cards/resolve/batch → 200 (559ms)
[🌐 ApiClient] POST https://evolution-cartinhas.8ktevp.easypanel.host/decks
[🌐 ApiClient] POST /decks → 200 (828ms)
[🌐 ApiClient] GET https://evolution-cartinhas.8ktevp.easypanel.host/decks
[🌐 ApiClient] POST https://evolution-cartinhas.8ktevp.easypanel.host/users/me/activation-events
[🧭 Router] redirect: location=/decks | status=AuthStatus.authenticated
[🧭 Router] → null (sem redirect)
[📱 Screen] ← POP: generate (10835ms)
[⚠️ SLOW SCREEN] generate demorou 10s
[🌐 ApiClient] GET /decks → 200 (597ms)
[🌐 ApiClient] GET https://evolution-cartinhas.8ktevp.easypanel.host/decks
[🌐 ApiClient] POST /users/me/activation-events → 201 (2084ms)
[⚠️ SLOW REQUEST] POST /users/me/activation-events demorou 2084ms
[Observability] breadcrumb category=api message=api_slow_request data={method: POST, endpoint: /users/me/activation-events, status_code: 201, duration_ms: 2084, request_id: mob-651db7e4d0aa5-65232938, response_request_id: mob-651db7e4d0aa5-65232938}
[🌐 ApiClient] GET /decks → 200 (425ms)
[🧭 Router] redirect: location=/decks/<redacted-deck-id> | status=AuthStatus.authenticated
[🧭 Router] → null (sem redirect)
[📱 Screen] → PUSH: :id
[🌐 ApiClient] GET https://evolution-cartinhas.8ktevp.easypanel.host/decks/<redacted-deck-id>
CAPTURE_START commander_reference_feather_feather_03_details
[🌐 ApiClient] GET /decks/<redacted-deck-id> → 200 (711ms)
[🌐 ApiClient] POST https://evolution-cartinhas.8ktevp.easypanel.host/decks/<redacted-deck-id>/pricing
[🌐 ApiClient] POST https://evolution-cartinhas.8ktevp.easypanel.host/decks/<redacted-deck-id>/validate
CAPTURE_TAKEN commander_reference_feather_feather_03_details bytes=1381458
SCREENSHOT_BEGIN commander_reference_feather_feather_03_details
SCREENSHOT_END commander_reference_feather_feather_03_details
[🌐 ApiClient] GET https://evolution-cartinhas.8ktevp.easypanel.host/decks/<redacted-deck-id>
[🌐 ApiClient] POST /decks/<redacted-deck-id>/validate → 200 (488ms)
[🌐 ApiClient] POST /decks/<redacted-deck-id>/pricing → 200 (742ms)
[🌐 ApiClient] GET /decks/<redacted-deck-id> → 200 (748ms)
[🌐 ApiClient] POST https://evolution-cartinhas.8ktevp.easypanel.host/decks/<redacted-deck-id>/validate
[🌐 ApiClient] POST /decks/<redacted-deck-id>/validate → 200 (287ms)
COMMANDER_REFERENCE_FEATHER_APP_VALIDATE_SUMMARY {"deck_id":"<redacted-deck-id>","commander":"Feather, the Redeemed","archetype":"boros_heroic_spellslinger","app_runtime_valid":true,"deck_commander_name_matches":true,"raw_commander_entries":1,"raw_commander_names":["Feather, the Redeemed"],"validation_ok":true,"main_quantity":99,"total":100,"commander_count":1,"commander_in_99_count":0,"off_identity":0}
COMMANDER_REFERENCE_FEATHER_APP_RUNTIME_SUMMARY {"deck_id":"<redacted-deck-id>","commander":"Feather, the Redeemed","archetype":"boros_heroic_spellslinger","app_runtime_valid":true,"deck_commander_name_matches":true,"raw_commander_entries":1,"raw_commander_names":["Feather, the Redeemed"],"validation_ok":true,"main_quantity":99,"total":100,"commander_count":1,"commander_in_99_count":0,"off_identity":0}
[📱 Screen] ← POP: :id (2759ms)
COMMANDER_REFERENCE_FEATHER_APP_FINAL_SUMMARY {"deck_id":"<redacted-deck-id>","commander":"Feather, the Redeemed","archetype":"boros_heroic_spellslinger","app_runtime_valid":true,"deck_commander_name_matches":true,"raw_commander_entries":1,"raw_commander_names":["Feather, the Redeemed"],"validation_ok":true,"main_quantity":99,"total":100,"commander_count":1,"commander_in_99_count":0,"off_identity":0}
00:38 +1: (tearDownAll)
00:39 +1: All tests passed!
