== timestamp ==
2026-05-14T18:08:23Z
== git refs ==
## master...origin/master
?? app/integration_test/commander_reference_sprint4_lot1_app_runtime_test.dart
5c316ab6ac0b4513a91653faceacec11039ecae8
5c316ab6ac0b4513a91653faceacec11039ecae8
== adb devices -l ==
List of devices attached
TGOJTKDUX4S4XWWK       device usb:8-4.1.2 product:angelica_global model:M2006C3MG device:angelica transport_id:2

== requested target state ==
error: device 'R58T300SREH' not found
== flutter devices ==
Found 5 connected devices:
  M2006C3MG (mobile) • TGOJTKDUX4S4XWWK                     • android-arm    • Android 10 (API 29)
  iPhone (mobile)    • 00008130-001C152922BA001C            • ios            • iOS 26.5 23F77
  iPhone 15 (mobile) • F0B1713F-4B8A-4DB9-825E-C8A4B17A03DF • ios            • com.apple.CoreSimulator.SimRuntime.iOS-17-4 (simulator)
  macOS (desktop)    • macos                                • darwin-arm64   • macOS 26.2 25C56 darwin-arm64
  Chrome (web)       • chrome                               • web-javascript • Google Chrome 148.0.7778.97

Checking for wireless devices...

No wireless devices were found.

Error: Browsing on the local area network for [redacted-local-device]. Ensure the device is unlocked and attached with a cable or associated with the same local area network as this Mac.
The device must be opted into Developer Mode to connect wirelessly. (code -27)

Error: Browsing on the local area network for [redacted-local-device]. Ensure the device is unlocked and attached with a cable or associated with the same local area network as this Mac.
The device must be opted into Developer Mode to connect wirelessly. (code -27)

Error: Browsing on the local area network for [redacted-local-device]. Ensure the device is unlocked and discoverable via Bluetooth. (code -27)

Error: Browsing on the local area network for [redacted-local-device]. Ensure the device is unlocked and attached with a cable or associated with the same local area network as this Mac.
The device must be opted into Developer Mode to connect wirelessly. (code -27)

Run "flutter emulators" to list and start any available device emulators.

If you expected another device to be detected, please run "flutter doctor" to diagnose potential issues. You may also try increasing the time to wait for connected devices with the "--device-timeout" flag. Visit https://flutter.dev/setup/ for troubleshooting tips.
== public health ==
{"status":"healthy","service":"mtgia-server","timestamp":"2026-05-14T18:08:31.638235","environment":"production","version":"1.0.0","git_sha":"5c316ab6ac0b4513a91653faceacec11039ecae8","checks":{"process":{"status":"healthy"}}}