00:00 +0: loading /Users/desenvolvimentomobile/Documents/rafa/mtg/mtgia/app/integration_test/commander_reference_app_value_runtime_test.dart
Running Gradle task 'assembleDebug'...                             17.7s
✓ Built build/app/outputs/flutter-apk/app-debug.apk
Installing build/app/outputs/flutter-apk/app-debug.apk...           6.9s
00:00 +0: SM A135M runtime: Commander Reference app value generate/save/validate Prosper Edgar Aesi
COMMANDER_REFERENCE_APP_VALUE_RUNTIME_BASE_URL https://evolution-cartinhas.8ktevp.easypanel.host
[⚠️ ApiClient] Firebase Performance indisponível; métricas HTTP desativadas nesta sessão. Detalhe: [core/no-app] No Firebase App '[DEFAULT]' has been created - call Firebase.initializeApp()
[🌐 ApiClient] GET https://evolution-cartinhas.8ktevp.easypanel.host/health
[🌐 ApiClient] GET /health → 200 (1351ms)
COMMANDER_REFERENCE_APP_VALUE_RUNTIME_HEALTH status=200 git_sha=9f4d56163d6d59c3297b2cea848a3d8cd5c7a143 latency_ms=1351
[🌐 ApiClient] baseUrl = https://evolution-cartinhas.8ktevp.easypanel.host
[🌐 ApiClient] platform = TargetPlatform.android | kIsWeb=false | kDebugMode=true
[🧭 Router] redirect: location=/ | status=AuthStatus.initial
[🔑 Auth] initialize() → loading
[🧭 Router] redirect: location=/ | status=AuthStatus.loading
[🔑 Auth] savedToken [redacted] false, savedUser exists: false
[🔑 Auth] initialize() concluído → AuthStatus.unauthenticated
[🧭 Router] redirect: location=/ | status=AuthStatus.unauthenticated
[🧭 Router] redirect: location=/login | status=AuthStatus.unauthenticated
[🧭 Router] → null (sem redirect)
06:37 +0: SM A135M runtime: Commander Reference app value generate/save/validate Prosper Edgar Aesi - did not complete [E]
06:37 +0: (tearDownAll) - did not complete [E]
06:37 +0: Some tests failed.
