              metric              | value
----------------------------------+-------
 deck_target_cards                | 8
 target_rule_rows                 | 16
 trusted_runtime_rows             | 8
 trusted_missing_hash_rows        | 8
 trusted_without_scope_rows       | 8
 trusted_bad_effect_rows          | 0
 generated_review_only_rows       | 8
 target_bad_type_rows             | 0
 target_faces_json_rows           | 0
 target_missing_fetch_oracle_rows | 0
 backup_table_exists              | 0
(11 rows)

     card_name     |               card_id                | type_line | layout |         live_oracle_hash         |                                                            oracle_excerpt                                                            |  source   | review_status | execution_status |                logical_rule_key                 | oracle_hash |                    effect_json
-------------------+--------------------------------------+-----------+--------+----------------------------------+--------------------------------------------------------------------------------------------------------------------------------------+-----------+---------------+------------------+-------------------------------------------------+-------------+----------------------------------------------------
 Arid Mesa         | 2d7a5fab-cd2b-436b-8944-b8e364dfbd16 | Land      |        | ebfe02c9ed9ba9317ab2ed6bb2bd0529 | {T}, Pay 1 life, Sacrifice this land: Search your library for a Mountain or Plains card, put it onto the battlefield, then shuffle.  | curated   | verified      | auto             | battle_rule_v1:603c776839827f2f21cef8b62e22a1be |             | {"effect": "land"}
 Arid Mesa         | 2d7a5fab-cd2b-436b-8944-b8e364dfbd16 | Land      |        | ebfe02c9ed9ba9317ab2ed6bb2bd0529 | {T}, Pay 1 life, Sacrifice this land: Search your library for a Mountain or Plains card, put it onto the battlefield, then shuffle.  | generated | needs_review  | review_only      | battle_rule_v1:e7226e289e328c12cde9a08b785c500e |             | {"cmc": 0, "effect": "land"}
 Bloodstained Mire | 15384bd2-e1b0-49f3-975a-9b0c87a7639c | Land      |        | c2b1d722530ed12d78dbc0993c3392fe | {T}, Pay 1 life, Sacrifice this land: Search your library for a Swamp or Mountain card, put it onto the battlefield, then shuffle.   | curated   | verified      | auto             | battle_rule_v1:603c776839827f2f21cef8b62e22a1be |             | {"effect": "land"}
 Bloodstained Mire | 15384bd2-e1b0-49f3-975a-9b0c87a7639c | Land      |        | c2b1d722530ed12d78dbc0993c3392fe | {T}, Pay 1 life, Sacrifice this land: Search your library for a Swamp or Mountain card, put it onto the battlefield, then shuffle.   | generated | needs_review  | review_only      | battle_rule_v1:e7226e289e328c12cde9a08b785c500e |             | {"cmc": 0, "effect": "land"}
 Flooded Strand    | 7fe642fa-a4b1-4ec5-b137-c75805ee5ce9 | Land      |        | bdaaea9fa512cffa0852a6f4f28d5fc7 | {T}, Pay 1 life, Sacrifice this land: Search your library for a Plains or Island card, put it onto the battlefield, then shuffle.    | curated   | verified      | auto             | battle_rule_v1:603c776839827f2f21cef8b62e22a1be |             | {"effect": "land"}
 Flooded Strand    | 7fe642fa-a4b1-4ec5-b137-c75805ee5ce9 | Land      |        | bdaaea9fa512cffa0852a6f4f28d5fc7 | {T}, Pay 1 life, Sacrifice this land: Search your library for a Plains or Island card, put it onto the battlefield, then shuffle.    | generated | needs_review  | review_only      | battle_rule_v1:55c2bc99b653af8c05e99108f1c45b5d |             | {"cmc": 0.0, "effect": "land", "mana_produced": 1}
 Marsh Flats       | 3662fe5d-ca1e-41be-8273-f4e9e3bb1baa | Land      |        | 1e88f8d7987276fdac2c3311b238eaab | {T}, Pay 1 life, Sacrifice this land: Search your library for a Plains or Swamp card, put it onto the battlefield, then shuffle.     | curated   | verified      | auto             | battle_rule_v1:603c776839827f2f21cef8b62e22a1be |             | {"effect": "land"}
 Marsh Flats       | 3662fe5d-ca1e-41be-8273-f4e9e3bb1baa | Land      |        | 1e88f8d7987276fdac2c3311b238eaab | {T}, Pay 1 life, Sacrifice this land: Search your library for a Plains or Swamp card, put it onto the battlefield, then shuffle.     | generated | needs_review  | review_only      | battle_rule_v1:e7226e289e328c12cde9a08b785c500e |             | {"cmc": 0, "effect": "land"}
 Prismatic Vista   | b39d08e7-6400-4d08-8962-1f2a12dbaeab | Land      |        | 61126da5d1bfc96a6f0dbaf6bde70c46 | {T}, Pay 1 life, Sacrifice this land: Search your library for a basic land card, put it onto the battlefield, then shuffle.          | curated   | verified      | auto             | battle_rule_v1:603c776839827f2f21cef8b62e22a1be |             | {"effect": "land"}
 Prismatic Vista   | b39d08e7-6400-4d08-8962-1f2a12dbaeab | Land      |        | 61126da5d1bfc96a6f0dbaf6bde70c46 | {T}, Pay 1 life, Sacrifice this land: Search your library for a basic land card, put it onto the battlefield, then shuffle.          | generated | needs_review  | review_only      | battle_rule_v1:55c2bc99b653af8c05e99108f1c45b5d |             | {"cmc": 0.0, "effect": "land", "mana_produced": 1}
 Scalding Tarn     | 820a2796-f976-41ee-90c1-37a01a8a2a14 | Land      |        | 2f8da37c0e286b9d2ab7b9caed62a8c2 | {T}, Pay 1 life, Sacrifice this land: Search your library for an Island or Mountain card, put it onto the battlefield, then shuffle. | curated   | verified      | auto             | battle_rule_v1:603c776839827f2f21cef8b62e22a1be |             | {"effect": "land"}
 Scalding Tarn     | 820a2796-f976-41ee-90c1-37a01a8a2a14 | Land      |        | 2f8da37c0e286b9d2ab7b9caed62a8c2 | {T}, Pay 1 life, Sacrifice this land: Search your library for an Island or Mountain card, put it onto the battlefield, then shuffle. | generated | needs_review  | review_only      | battle_rule_v1:55c2bc99b653af8c05e99108f1c45b5d |             | {"cmc": 0.0, "effect": "land", "mana_produced": 1}
 Windswept Heath   | de94a98f-78cf-489c-8188-386257df185b | Land      |        | f2d4d8a8f608a11052e219ad1aa3c4e4 | {T}, Pay 1 life, Sacrifice this land: Search your library for a Forest or Plains card, put it onto the battlefield, then shuffle.    | curated   | verified      | auto             | battle_rule_v1:603c776839827f2f21cef8b62e22a1be |             | {"effect": "land"}
 Windswept Heath   | de94a98f-78cf-489c-8188-386257df185b | Land      |        | f2d4d8a8f608a11052e219ad1aa3c4e4 | {T}, Pay 1 life, Sacrifice this land: Search your library for a Forest or Plains card, put it onto the battlefield, then shuffle.    | generated | needs_review  | review_only      | battle_rule_v1:e7226e289e328c12cde9a08b785c500e |             | {"cmc": 0, "effect": "land"}
 Wooded Foothills  | e5e06009-5dc4-4224-b6bd-a9dd87b6d708 | Land      |        | 788c9b5400ed42d116b7b1dd4aeaa403 | {T}, Pay 1 life, Sacrifice this land: Search your library for a Mountain or Forest card, put it onto the battlefield, then shuffle.  | curated   | verified      | auto             | battle_rule_v1:603c776839827f2f21cef8b62e22a1be |             | {"effect": "land"}
 Wooded Foothills  | e5e06009-5dc4-4224-b6bd-a9dd87b6d708 | Land      |        | 788c9b5400ed42d116b7b1dd4aeaa403 | {T}, Pay 1 life, Sacrifice this land: Search your library for a Mountain or Forest card, put it onto the battlefield, then shuffle.  | generated | needs_review  | review_only      | battle_rule_v1:e7226e289e328c12cde9a08b785c500e |             | {"cmc": 0, "effect": "land"}
(16 rows)
