Pager usage is off.
 expected_rows | target_card_rows | oracle_hash_match_rows | deck6_rows | current_rule_rows | trusted_executable_without_oracle_hash_rows | active_review_only_rows | new_rule_key_rows_already_present | backup_table_exists
---------------+------------------+------------------------+------------+-------------------+---------------------------------------------+-------------------------+-----------------------------------+---------------------
             5 |                5 |                      5 |          5 |                12 |                                           3 |                       3 |                                 2 |                   0
(1 row)

     card_name      |               card_id                |         live_oracle_hash         |       expected_oracle_hash       |              new_logical_rule_key               |            current_logical_rule_key             |  source   | review_status | execution_status | current_effect |                    current_scope                    |       current_oracle_hash
--------------------+--------------------------------------+----------------------------------+----------------------------------+-------------------------------------------------+-------------------------------------------------+-----------+---------------+------------------+----------------+-----------------------------------------------------+----------------------------------
 Dualcaster Mage    | 8b1a072c-8a1e-4eda-9fc5-5113c0fdef98 | e26f613394b72e9724d299512983218a | e26f613394b72e9724d299512983218a | battle_rule_v1:e176019b87d68d22e2388e08a4efbf55 | battle_rule_v1:41cfcafdca0d9f19437fac325b524be6 | curated   | deprecated    | disabled         | copy_spell     |                                                     |
 Dualcaster Mage    | 8b1a072c-8a1e-4eda-9fc5-5113c0fdef98 | e26f613394b72e9724d299512983218a | e26f613394b72e9724d299512983218a | battle_rule_v1:e176019b87d68d22e2388e08a4efbf55 | battle_rule_v1:4673a7e1de38e471346eb9e0b62198ad | generated | deprecated    | disabled         | copy_spell     |                                                     |
 Dualcaster Mage    | 8b1a072c-8a1e-4eda-9fc5-5113c0fdef98 | e26f613394b72e9724d299512983218a | e26f613394b72e9724d299512983218a | battle_rule_v1:e176019b87d68d22e2388e08a4efbf55 | battle_rule_v1:e176019b87d68d22e2388e08a4efbf55 | curated   | verified      | auto             | copy_spell     | creature_etb_copy_stack_instant_or_sorcery_v1       | e26f613394b72e9724d299512983218a
 Heat Shimmer       | 75f5b6e3-3292-4449-9401-8294fd90f452 | 9c4cfbeb99bfea90a8a5d4c3c7894793 | 9c4cfbeb99bfea90a8a5d4c3c7894793 | battle_rule_v1:644897bfa688d33b1a718723360e2480 | battle_rule_v1:95aa5073467196e34333aba1235487ba | curated   | verified      | auto             | token_maker    |                                                     |
 Heat Shimmer       | 75f5b6e3-3292-4449-9401-8294fd90f452 | 9c4cfbeb99bfea90a8a5d4c3c7894793 | 9c4cfbeb99bfea90a8a5d4c3c7894793 | battle_rule_v1:644897bfa688d33b1a718723360e2480 | battle_rule_v1:07d3b9ac83a2f8e77f8940215c7bfea0 | generated | needs_review  | review_only      | token_maker    |                                                     |
 Molten Duplication | 9ab1fe9f-9787-4ebd-8091-a3902bee8bbe | 7c24d56660499c0af4db967925de1573 | 7c24d56660499c0af4db967925de1573 | battle_rule_v1:e154b34c0deaa861094d5870f4c0ad69 | battle_rule_v1:95aa5073467196e34333aba1235487ba | curated   | verified      | auto             | token_maker    |                                                     |
 Molten Duplication | 9ab1fe9f-9787-4ebd-8091-a3902bee8bbe | 7c24d56660499c0af4db967925de1573 | 7c24d56660499c0af4db967925de1573 | battle_rule_v1:e154b34c0deaa861094d5870f4c0ad69 | battle_rule_v1:29e6704125f284e042b503634847b9f3 | generated | needs_review  | review_only      | token_maker    |                                                     |
 Reiterate          | 043fdf54-8eb1-4744-943a-6e55623ee196 | 996fb5f02f16605ff7f1c899f2c50f60 | 996fb5f02f16605ff7f1c899f2c50f60 | battle_rule_v1:18eeabc2a2fa631d99caf65a43a8c405 | battle_rule_v1:b82bbb548dab138fa0700cb4cf905617 | curated   | deprecated    | disabled         | copy_spell     |                                                     |
 Reiterate          | 043fdf54-8eb1-4744-943a-6e55623ee196 | 996fb5f02f16605ff7f1c899f2c50f60 | 996fb5f02f16605ff7f1c899f2c50f60 | battle_rule_v1:18eeabc2a2fa631d99caf65a43a8c405 | battle_rule_v1:03524ca125169f7d4d0b1a1e636ca7a0 | generated | deprecated    | disabled         | copy_spell     |                                                     |
 Reiterate          | 043fdf54-8eb1-4744-943a-6e55623ee196 | 996fb5f02f16605ff7f1c899f2c50f60 | 996fb5f02f16605ff7f1c899f2c50f60 | battle_rule_v1:18eeabc2a2fa631d99caf65a43a8c405 | battle_rule_v1:18eeabc2a2fa631d99caf65a43a8c405 | curated   | verified      | auto             | copy_spell     | copy_stack_instant_or_sorcery_buyback_annotation_v1 | 996fb5f02f16605ff7f1c899f2c50f60
 Twinflame          | 7cf54c24-7b9b-4417-bc89-e64fd5f47cea | d9c51f63ac78f713113c52feadfba6db | d9c51f63ac78f713113c52feadfba6db | battle_rule_v1:97ab0167213936bfa544f19731284e56 | battle_rule_v1:95aa5073467196e34333aba1235487ba | curated   | verified      | auto             | token_maker    |                                                     |
 Twinflame          | 7cf54c24-7b9b-4417-bc89-e64fd5f47cea | d9c51f63ac78f713113c52feadfba6db | d9c51f63ac78f713113c52feadfba6db | battle_rule_v1:97ab0167213936bfa544f19731284e56 | battle_rule_v1:29e6704125f284e042b503634847b9f3 | generated | needs_review  | review_only      | token_maker    |                                                     |
(12 rows)
