Pager usage is off.
SELECT 2
SELECT 6
 target_cards_with_expected_oracle_hash | existing_rule_rows | target_specific_rule_rows | old_active_shadow_rows | target_specific_hash_defect_rows | backup_table_already_exists
----------------------------------------+--------------------+---------------------------+------------------------+----------------------------------+-----------------------------
                                      2 |                  6 |                         2 |                      3 |                                2 | f
(1 row)

        name         |     type_line      | mana_cost | cmc |           oracle_hash            |                                                           oracle_text
---------------------+--------------------+-----------+-----+----------------------------------+---------------------------------------------------------------------------------------------------------------------------------
 The One Ring        | Legendary Artifact | {4}       | 4.0 | 644d5305e6be932586a6d3b7325cadf7 | Indestructible                                                                                                                 +
                     |                    |           |     |                                  | When The One Ring enters, if you cast it, you gain protection from everything until your next turn.                            +
                     |                    |           |     |                                  | At the beginning of your upkeep, you lose 1 life for each burden counter on The One Ring.                                      +
                     |                    |           |     |                                  | {T}: Put a burden counter on The One Ring, then draw a card for each burden counter on The One Ring.
 Unexpected Windfall | Instant            | {2}{R}{R} | 4.0 | 9c4fbe06104051a2e8b1d295d307b26a | As an additional cost to cast this spell, discard a card.                                                                      +
                     |                    |           |     |                                  | Draw two cards and create two Treasure tokens. (They're artifacts with "{T}, Sacrifice this token: Add one mana of any color.")
(2 rows)

        name         |   normalized_name   |                logical_rule_key                 |  source   | review_status | execution_status | confidence |           oracle_hash            |                                                                                                                    effect_json                                                                                                                     |                            deck_role_json
---------------------+---------------------+-------------------------------------------------+-----------+---------------+------------------+------------+----------------------------------+----------------------------------------------------------------------------------------------------------------------------------------------------------------------------------------------------------------------------------------------------+-----------------------------------------------------------------------
 The One Ring        | the one ring        | battle_rule_v1:f696a2929247bdfb69bb7a4dd9c068b0 | curated   | deprecated    | disabled         |      1.000 |                                  | {"burden": true, "effect": "draw_engine"}                                                                                                                                                                                                          | {"effect": "draw_engine", "category": "draw"}
 The One Ring        | the one ring        | battle_rule_v1:cddd177eac9b084e9366e1448a48974c | generated | needs_review  | review_only      |      0.550 |                                  | {"cmc": 4.0, "effect": "indestructible"}                                                                                                                                                                                                           | {"effect": "indestructible", "category": "protection"}
 The One Ring        | the one ring        | battle_rule_v1:a71907ee296b5801e92e8d7f1940dba1 | curated   | verified      | auto             |      1.000 | 31d30901b663f08a6862c5b76f174887 | {"burden": true, "effect": "draw_engine", "draw_on_enter": false, "battle_model_scope": "the_one_ring_etb_protection_burden_draw_v1", "activated_burden_draw": true, "activation_requires_tap": true, "protection_from_everything_on_enter": true} | {"effect": "draw_engine", "category": "draw"}
 Unexpected Windfall | unexpected windfall | battle_rule_v1:ff9144b5fff75408e1a76a99888fdeca | generated | needs_review  | review_only      |      0.550 |                                  | {"cmc": 4.0, "effect": "ramp_engine", "instant": true}                                                                                                                                                                                             | {"effect": "ramp_engine", "timing": "instant", "category": "ramp"}
 Unexpected Windfall | unexpected windfall | battle_rule_v1:b965bf2683a8977ac8a6c559ebc441ab | curated   | verified      | auto             |      1.000 |                                  | {"effect": "treasure_maker", "instant": true, "draw_count": 2, "treasure_count": 2, "requires_discard_card": true}                                                                                                                                 | {"effect": "treasure_maker", "timing": "instant", "category": "ramp"}
 Unexpected Windfall | unexpected windfall | battle_rule_v1:f9f98ea1925518eea7a7c94c21ef2dc4 | curated   | verified      | auto             |      0.970 |                                  | {"cmc": 4.0, "effect": "treasure_maker", "instant": true, "draw_count": 2, "treasure_count": 2, "battle_model_scope": "discard_draw_create_treasures_v1", "requires_discard_card": true}                                                           | {"effect": "treasure_maker", "timing": "instant", "category": "ramp"}
(6 rows)
