Pager usage is off.
SELECT 2
SELECT 4
 target_cards_with_expected_oracle_hash | existing_rule_rows | target_specific_rule_rows | old_active_shadow_rows | target_specific_defect_rows | backup_table_already_exists
----------------------------------------+--------------------+---------------------------+------------------------+-----------------------------+-----------------------------
                                      2 |                  4 |                         2 |                      2 |                           2 | f
(1 row)

       name        | type_line | mana_cost | cmc |           oracle_hash            |                                              oracle_text
-------------------+-----------+-----------+-----+----------------------------------+-------------------------------------------------------------------------------------------------------
 Faithless Looting | Sorcery   | {R}       | 1.0 | 2e734d8bae3f331866abf1b030c92781 | Draw two cards, then discard two cards.                                                              +
                   |           |           |     |                                  | Flashback {2}{R} (You may cast this card from your graveyard for its flashback cost. Then exile it.)
 Gamble            | Sorcery   | {R}       | 1.0 | 9b3fc8ab7f664f6c084e0bda0ccf9a7c | Search your library for a card, put that card into your hand, discard a card at random, then shuffle.
(2 rows)

       name        |  normalized_name  |                logical_rule_key                 |  source   | review_status | execution_status | confidence | rule_version | oracle_hash |                        effect_json                         |                      deck_role_json
-------------------+-------------------+-------------------------------------------------+-----------+---------------+------------------+------------+--------------+-------------+------------------------------------------------------------+-----------------------------------------------------------
 Faithless Looting | faithless looting | battle_rule_v1:d081b2dbb37755e4efe056313d78e58c | generated | needs_review  | review_only      |      0.550 |            1 |             | {"cmc": 1.0, "count": 2, "effect": "draw_cards"}           | {"effect": "draw_cards", "category": "draw"}
 Faithless Looting | faithless looting | battle_rule_v1:554fe811b81e8a284b8a5ca9c6543caa | curated   | verified      | auto             |      1.000 |            1 |             | {"count": 2, "effect": "draw_cards"}                       | {"effect": "draw_cards", "category": "draw"}
 Gamble            | gamble            | battle_rule_v1:06e7d53f056c85dafd82a9676aac1b3b | generated | needs_review  | review_only      |      0.550 |            1 |             | {"cmc": 1.0, "effect": "tutor"}                            | {"effect": "tutor", "category": "tutor"}
 Gamble            | gamble            | battle_rule_v1:2861739f22e978549e28d2339288df2a | curated   | verified      | auto             |      1.000 |            1 |             | {"effect": "tutor", "target": "any", "discard_risk": true} | {"effect": "tutor", "target": "any", "category": "tutor"}
(4 rows)
