                         metric                          | value
---------------------------------------------------------+-------
 target_cards                                            | 2
 target_rule_rows                                        | 4
 trusted_active_rows                                     | 2
 trusted_missing_hash_rows                               | 0
 trusted_hash_mismatch_rows                              | 0
 trusted_without_scope_rows                              | 0
 generated_review_only_rows                              | 0
 disabled_or_deprecated_rows                             | 2
 active_card_id_mismatch_same_oracle_rows                | 0
 active_card_id_mismatch_unknown_or_mismatch_oracle_rows | 0
 backup_rows                                             | 4
(11 rows)

       name        |     card_name     |             rule_card_id             |            target_card_id            |  source   | review_status | execution_status |                logical_rule_key                 |           oracle_hash            |        target_oracle_hash        |                                                                                                                                                                                                                    effect_json
-------------------+-------------------+--------------------------------------+--------------------------------------+-----------+---------------+------------------+-------------------------------------------------+----------------------------------+----------------------------------+---------------------------------------------------------------------------------------------------------------------------------------------------------------------------------------------------------------------------------------------------------------------------------------------------------------------------------------------------------------------------------------------------------------------------------------------------
 Dragon's Approach | Dragon's Approach | c08cc492-04d4-49d6-883a-c65ebc04d28a | c08cc492-04d4-49d6-883a-c65ebc04d28a | curated   | verified      | auto             | battle_rule_v1:78d365e6550e295f9cbfa4f92245f864 | ae76127a796805d8e77b0a50b442656b | ae76127a796805d8e77b0a50b442656b | {"damage": 3, "effect": "dragons_approach", "battle_model_scope": "fixed_damage_graveyard_dragon_tutor_ripple_v1", "copy_limit_exception": true, "oracle_runtime_scope": "fixed_each_opponent_damage_optional_graveyard_cost_dragon_library_to_battlefield", "ripple_interop_status": "same_name_ripple_runtime", "dragon_tutor_destination": "battlefield", "graveyard_cost_named_copies": 5, "pg056_deck608_dragon_package": "dragon_approach"}
 Dragon's Approach | Dragon's Approach | c08cc492-04d4-49d6-883a-c65ebc04d28a | c08cc492-04d4-49d6-883a-c65ebc04d28a | generated | deprecated    | disabled         | battle_rule_v1:2efa4dbd568d11da821ee0284a0f0dae |                                  | ae76127a796805d8e77b0a50b442656b | {"cmc": 3.0, "count": 1, "effect": "draw_cards"}
 Thrumming Stone   | Thrumming Stone   | 65db99a7-a9d4-4b61-8d5a-a9eaeb0d1c43 | 65db99a7-a9d4-4b61-8d5a-a9eaeb0d1c43 | curated   | verified      | auto             | battle_rule_v1:aab9a1ed1e17a7a4d3446562be30775f | 2051804759af48573b5c1824c81d2c13 | 2051804759af48573b5c1824c81d2c13 | {"cmc": 5.0, "effect": "ripple_engine", "ripple_count": 4, "ripple_applies_to": "spells_you_cast", "battle_model_scope": "static_spell_ripple_4_same_name_runtime_v1", "oracle_runtime_scope": "controller_spells_gain_ripple_4_runtime_same_name_free_cast", "ripple_resolution_model": "reveal_top_four_cast_same_name_bottom_rest", "pg056_deck608_dragon_package": "thrumming_stone"}
 Thrumming Stone   | Thrumming Stone   | 65db99a7-a9d4-4b61-8d5a-a9eaeb0d1c43 | 65db99a7-a9d4-4b61-8d5a-a9eaeb0d1c43 | generated | deprecated    | disabled         | battle_rule_v1:ed12791327f86f031a26f28af61ab9b2 |                                  | 2051804759af48573b5c1824c81d2c13 | {"cmc": 5.0, "effect": "ripple_engine"}
(4 rows)
