                         metric                          | value
---------------------------------------------------------+-------
 deck_target_cards                                       | 2
 target_rule_rows                                        | 5
 target_runtime_rows                                     | 2
 trusted_missing_hash_rows                               | 0
 trusted_hash_mismatch_rows                              | 0
 trusted_without_scope_rows                              | 0
 target_runtime_rows_without_produces                    | 0
 target_runtime_rows_bad_mana_produced                   | 0
 target_runtime_rows_bad_scope                           | 0
 generated_review_only_rows                              | 0
 active_curated_shadow_rows                              | 0
 active_card_id_mismatch_same_oracle_rows                | 0
 active_card_id_mismatch_unknown_or_mismatch_oracle_rows | 0
 disabled_or_deprecated_rows                             | 3
 backup_rows                                             | 5
(15 rows)

     name      |               card_id                |  source   | review_status | execution_status |                logical_rule_key                 |           oracle_hash            |                                                                                                                                                                                                                                      effect_json
---------------+--------------------------------------+-----------+---------------+------------------+-------------------------------------------------+----------------------------------+---------------------------------------------------------------------------------------------------------------------------------------------------------------------------------------------------------------------------------------------------------------------------------------------------------------------------------------------------------------------------------------------------------------------------------------------------------------------------------------
 Rite of Flame | 63443a04-89b0-4f2b-86be-a0a775871f74 | curated   | verified      | auto             | battle_rule_v1:b66dd96fa32c9822c798f16a83fa5518 | 35a034ee45b092bc443cd5992d8793f4 | {"effect": "ramp_ritual", "sorcery": true, "produces": "R", "mana_produced": 2, "mana_color_status": "abstracted_to_generic_pool_runtime", "battle_model_scope": "rite_of_flame_singleton_baseline_red_ritual_v1", "oracle_runtime_scope": "single_shot_red_ritual_runtime_graveyard_copy_scaling_annotation_only", "singleton_commander_baseline": true, "pg058_l3b_simple_red_ritual_family": "deck6_simple_red_rituals", "graveyard_named_copy_scaling_status": "annotation_only"}
 Rite of Flame | 63443a04-89b0-4f2b-86be-a0a775871f74 | generated | deprecated    | disabled         | battle_rule_v1:01792d393f02309add8d0b240c8ff25e |                                  | {"cmc": 1.0, "effect": "ramp_ritual", "instant": true, "mana_produced": 1}
 Seething Song | b8b37250-ca47-4dcc-a6d9-1675febf2587 | curated   | verified      | auto             | battle_rule_v1:3eb15dc581c6b913158f9b63c023f3d7 | ccd492289c6f1c14c8fb7a248d7bbf32 | {"cmc": 3.0, "effect": "ramp_ritual", "instant": true, "produces": "R", "mana_produced": 5, "mana_color_status": "abstracted_to_generic_pool_runtime", "battle_model_scope": "single_shot_red_ritual_v1", "oracle_runtime_scope": "single_shot_red_ritual_runtime_generic_pool_color_annotation", "pg058_l3b_simple_red_ritual_family": "deck6_simple_red_rituals"}
 Seething Song | b8b37250-ca47-4dcc-a6d9-1675febf2587 | curated   | deprecated    | disabled         | battle_rule_v1:e74e2572d38b7bc2ac333159dfee0be0 |                                  | {"effect": "ramp_ritual", "mana_produced": 5}
 Seething Song | b8b37250-ca47-4dcc-a6d9-1675febf2587 | generated | deprecated    | disabled         | battle_rule_v1:41a31344e35504dd54da43a12481a1f1 |                                  | {"cmc": 3.0, "effect": "ramp_ritual", "instant": true, "mana_produced": 5}
(5 rows)
