 expected_target_rules | cards_resolved_rows | raw_oracle_hash_match_rows | current_rule_rows | current_trusted_executable_rows | rows_to_disable | new_key_conflict_rows | backup_table_already_exists
-----------------------+---------------------+----------------------------+-------------------+---------------------------------+-----------------+-----------------------+-----------------------------
                     2 |                   2 |                          2 |                 4 |                               2 |               4 |                     0 | f
(1 row)

         name         | type_line |                                                             oracle_text
----------------------+-----------+-------------------------------------------------------------------------------------------------------------------------------------
 Return the Favor     | Instant   | Spree (Choose one or more additional costs.)                                                                                       +
                      |           | + {1} — Copy target instant spell, sorcery spell, activated ability, or triggered ability. You may choose new targets for the copy.+
                      |           | + {1} — Change the target of target spell or ability with a single target.
 Untimely Malfunction | Instant   | Choose one —                                                                                                                       +
                      |           | • Destroy target artifact.                                                                                                         +
                      |           | • Change the target of target spell or ability with a single target.                                                               +
                      |           | • One or two target creatures can't block this turn.
(2 rows)

   normalized_name    |      card_name       |                logical_rule_key                 | oracle_hash |                                                                    effect_json                                                                    |                                      deck_role_json                                       | review_status | execution_status |  source   | confidence | rule_version
----------------------+----------------------+-------------------------------------------------+-------------+---------------------------------------------------------------------------------------------------------------------------------------------------+-------------------------------------------------------------------------------------------+---------------+------------------+-----------+------------+--------------
 return the favor     | Return the Favor     | battle_rule_v1:a2d3576649203ce5874ce076d7a8a0a0 |             | {"cmc": 2.0, "effect": "copy_spell", "instant": true}                                                                                             | {"effect": "copy_spell", "timing": "instant", "category": "engine"}                       | verified      | auto             | curated   |      0.820 |            1
 return the favor     | Return the Favor     | battle_rule_v1:c8d028e48e7e32c3b3ace93ac91c7216 |             | {"cmc": 2.0, "effect": "copy_spell", "instant": true}                                                                                             | {"effect": "copy_spell", "timing": "instant", "category": "engine"}                       | needs_review  | review_only      | generated |      0.550 |            1
 untimely malfunction | Untimely Malfunction | battle_rule_v1:0f108cd7e592ec9c848447b13e97d6cf |             | {"cmc": 2.0, "modes": ["destroy_artifact", "redirect_target", "cant_block"], "effect": "remove_permanent", "target": "artifact", "instant": true} | {"modal": true, "effect": "remove_permanent", "timing": "instant", "category": "removal"} | verified      | auto             | curated   |      0.880 |            1
 untimely malfunction | Untimely Malfunction | battle_rule_v1:8b297552724d5caee8f0cac7f8e26426 |             | {"cmc": 2.0, "effect": "remove_permanent", "instant": true}                                                                                       | {"effect": "remove_permanent", "timing": "instant", "category": "removal"}                | needs_review  | review_only      | generated |      0.550 |            1
(4 rows)
