Pager usage is off.
CREATE TABLE
INSERT 0 9
 target_rule_rows | target_hash_match_rows | target_missing_hash_rows | trusted_auto_rows | rule_version_at_least_2_rows | scoped_rows
------------------+------------------------+--------------------------+-------------------+------------------------------+-------------
                9 |                      9 |                        0 |                 9 |                            9 |           9
(1 row)

 backup_rows
-------------
           9
(1 row)

             normalized_name             |                card_name                |                logical_rule_key                 | review_status | execution_status |           oracle_hash            |           battle_model_scope
-----------------------------------------+-----------------------------------------+-------------------------------------------------+---------------+------------------+----------------------------------+-----------------------------------------
 fellwar stone                           | Fellwar Stone                           | battle_rule_v1:3906ffa3cbf7d3437d68e44e13e10bba | active        | auto             | d63befc8ac40d9a38732f9b5c1a7414a | conditional_opponent_color_mana_rock_v1
 mana vault                              | Mana Vault                              | battle_rule_v1:5a2533694ffd19223d3cde1e25d258ff | active        | auto             | 35e3fd94c8453c0e326033af49ae18c8 | fast_mana_artifact_partial_v1
 mox amber                               | Mox Amber                               | battle_rule_v1:972703914ee50acd7a4e6f529fea1adf | verified      | auto             | e47b40cf2afc4c9ceac6bf91815da706 | legend_gated_fast_mana_v1
 scroll rack                             | Scroll Rack                             | battle_rule_v1:3b58ff16a7eb52fb05c1bd8517225cd2 | active        | auto             | 8133928f03d5a5a77f2beecfcbd09e30 | scroll_rack_upkeep_single_exchange_v1
 seething song                           | Seething Song                           | battle_rule_v1:3eb15dc581c6b913158f9b63c023f3d7 | verified      | auto             | ccd492289c6f1c14c8fb7a248d7bbf32 | single_shot_red_ritual_v1
 silence                                 | Silence                                 | battle_rule_v1:74b210b77b004a677906e0216d44e445 | verified      | auto             | a0ca3c09a7db091c435ab31adb9c1780 | silence_until_eot_v1
 talisman of conviction                  | Talisman of Conviction                  | battle_rule_v1:02133e513da5ea98ac74d32d39b16470 | active        | auto             | d49ceec937367a344a9f0948eea4f8f2 | pain_talisman_color_pair_partial_v1
 unexpected windfall                     | Unexpected Windfall                     | battle_rule_v1:f9f98ea1925518eea7a7c94c21ef2dc4 | verified      | auto             | 9c4fbe06104051a2e8b1d295d307b26a | discard_draw_create_treasures_v1
 valakut awakening // valakut stoneforge | Valakut Awakening // Valakut Stoneforge | battle_rule_v1:6e1f3b876822abafe1de47610f46858d | verified      | auto             | 22b42fcc181b7aed71f78b2e1e51e887 | bottom_then_draw_plus_one_mdfc_land_v1
(9 rows)
