Pager usage is off.
SELECT 2
 target_rule_rows | target_hash_match_rows | target_missing_hash_rows | target_expected_scope_rows | target_expected_target_rows | target_expected_compensation_rows | trusted_auto_rows | rule_version_at_least_2_rows
------------------+------------------------+--------------------------+----------------------------+-----------------------------+-----------------------------------+-------------------+------------------------------
                2 |                      2 |                        0 |                          2 |                           2 |                                 2 |                 2 |                            2
(1 row)

 non_disabled_shadow_rows
--------------------------
                        0
(1 row)

 disabled_shadow_rows
----------------------
                    2
(1 row)

 backup_rows
-------------
           4
(1 row)

  normalized_name   |     card_name      |                logical_rule_key                 |           oracle_hash            |                                                                                                                                                                                                                                                                                                         effect_json                                                                                                                                                                                                                                                                                                          |                                                                                                                             deck_role_json                                                                                                                             | review_status | execution_status | rule_version
--------------------+--------------------+-------------------------------------------------+----------------------------------+------------------------------------------------------------------------------------------------------------------------------------------------------------------------------------------------------------------------------------------------------------------------------------------------------------------------------------------------------------------------------------------------------------------------------------------------------------------------------------------------------------------------------------------------------------------------------------------------------------------------------+------------------------------------------------------------------------------------------------------------------------------------------------------------------------------------------------------------------------------------------------------------------------+---------------+------------------+--------------
 generous gift      | Generous Gift      | battle_rule_v1:70fa2e668d7c5e40f055c04c01d25a6c | 9363edd299df8476da36798bd527cde1 | {"cmc": 3.0, "effect": "remove_permanent", "target": "permanent", "instant": true, "battle_model_scope": "destroy_target_permanent_create_3_3_green_elephant_for_controller_v1", "oracle_runtime_scope": "destroy_target_permanent_runtime_create_3_3_green_elephant_for_controller_v1", "compensation_token_status": "dynamic_creature_token_executor", "target_controller_token_name": "Elephant", "target_controller_token_power": 3, "target_controller_token_colors": ["G"], "target_controller_token_subtype": "Elephant", "target_controller_creature_tokens": 1, "target_controller_token_toughness": 3}             | {"effect": "remove_permanent", "timing": "instant", "category": "removal", "functions": ["destroy_target_permanent", "target_controller_creature_token_compensation"], "runtime_modes": ["targeted_destroy_permanent", "creature_token_compensation"]}                 | verified      | auto             |            2
 generous gift      | Generous Gift      | battle_rule_v1:46532ff07498f8542f4d0f7450ae6b65 |                                  | {"cmc": 3.0, "effect": "remove_permanent", "instant": true}                                                                                                                                                                                                                                                                                                                                                                                                                                                                                                                                                                  | {"effect": "remove_permanent", "timing": "instant", "category": "removal"}                                                                                                                                                                                             | deprecated    | disabled         |            1
 stroke of midnight | Stroke of Midnight | battle_rule_v1:9b50d2f897b561c8c390c9e0e04da417 | a885e8190e19cf23b1f4c82563ca111b | {"cmc": 3.0, "effect": "remove_permanent", "target": "nonland_permanent", "instant": true, "battle_model_scope": "destroy_target_nonland_permanent_create_1_1_white_human_for_controller_v1", "oracle_runtime_scope": "destroy_target_nonland_permanent_runtime_create_1_1_white_human_for_controller_v1", "compensation_token_status": "dynamic_creature_token_executor", "target_controller_token_name": "Human", "target_controller_token_power": 1, "target_controller_token_colors": ["W"], "target_controller_token_subtype": "Human", "target_controller_creature_tokens": 1, "target_controller_token_toughness": 1} | {"effect": "remove_permanent", "timing": "instant", "category": "removal", "functions": ["destroy_target_nonland_permanent", "target_controller_creature_token_compensation"], "runtime_modes": ["targeted_destroy_nonland_permanent", "creature_token_compensation"]} | verified      | auto             |            2
 stroke of midnight | Stroke of Midnight | battle_rule_v1:46532ff07498f8542f4d0f7450ae6b65 |                                  | {"cmc": 3.0, "effect": "remove_permanent", "instant": true}                                                                                                                                                                                                                                                                                                                                                                                                                                                                                                                                                                  | {"effect": "remove_permanent", "timing": "instant", "category": "removal"}                                                                                                                                                                                             | deprecated    | disabled         |            1
(4 rows)
