                         metric                          | value
---------------------------------------------------------+-------
 target_cards                                            | 2
 target_rule_rows                                        | 4
 trusted_active_rows                                     | 1
 trusted_missing_hash_rows                               | 1
 trusted_without_scope_rows                              | 1
 generated_review_only_rows                              | 3
 thrumming_trusted_active_rows                           | 0
 active_card_id_mismatch_same_oracle_rows                | 0
 active_card_id_mismatch_unknown_or_mismatch_oracle_rows | 0
 target_names_missing_rules                              | 0
(10 rows)

       name        |               card_id                |              oracle_id               | mana_cost | cmc |     type_line      |        target_oracle_hash        |                                                                                                                                                     oracle_text
-------------------+--------------------------------------+--------------------------------------+-----------+-----+--------------------+----------------------------------+---------------------------------------------------------------------------------------------------------------------------------------------------------------------------------------------------------------------------------------------------------------------------------------------------------------------
 Dragon's Approach | c08cc492-04d4-49d6-883a-c65ebc04d28a | 47e191f7-6314-4875-b5ee-57e5daf089c4 | {2}{R}    | 3.0 | Sorcery            | ae76127a796805d8e77b0a50b442656b | Dragon's Approach deals 3 damage to each opponent. You may exile Dragon's Approach and four cards named Dragon's Approach from your graveyard. If you do, search your library for a Dragon creature card, put it onto the battlefield, then shuffle. / A deck can have any number of cards named Dragon's Approach.
 Thrumming Stone   | 65db99a7-a9d4-4b61-8d5a-a9eaeb0d1c43 | b2bd40a1-1857-4f4c-aed6-d4e224ac0ef7 | {5}       | 5.0 | Legendary Artifact | 2051804759af48573b5c1824c81d2c13 | Spells you cast have ripple 4. (Whenever you cast a spell, you may reveal the top four cards of your library. You may cast spells with the same name as that spell from among the revealed cards without paying their mana costs. Put the rest on the bottom of your library.)
(2 rows)

       name        |     card_name     |             rule_card_id             |            target_card_id            |  source   | review_status | execution_status |                logical_rule_key                 | oracle_hash |                   effect_json                    |                                          notes
-------------------+-------------------+--------------------------------------+--------------------------------------+-----------+---------------+------------------+-------------------------------------------------+-------------+--------------------------------------------------+------------------------------------------------------------------------------------------
 Dragon's Approach | Dragon's Approach | c08cc492-04d4-49d6-883a-c65ebc04d28a | c08cc492-04d4-49d6-883a-c65ebc04d28a | curated   | verified      | auto             | battle_rule_v1:78d365e6550e295f9cbfa4f92245f864 |             | {"damage": 3, "effect": "dragons_approach"}      | Migrated from legacy HANDCRAFTED_KNOWN_CARDS provenance to curated source on 2026-06-17.
 Dragon's Approach | Dragon's Approach | c08cc492-04d4-49d6-883a-c65ebc04d28a | c08cc492-04d4-49d6-883a-c65ebc04d28a | generated | needs_review  | review_only      | battle_rule_v1:2efa4dbd568d11da821ee0284a0f0dae |             | {"cmc": 3.0, "count": 1, "effect": "draw_cards"} | Seeded from known_cards_generated.json; audit before trusting.
 Thrumming Stone   | Thrumming Stone   | 65db99a7-a9d4-4b61-8d5a-a9eaeb0d1c43 | 65db99a7-a9d4-4b61-8d5a-a9eaeb0d1c43 | generated | needs_review  | review_only      | battle_rule_v1:aab9a1ed1e17a7a4d3446562be30775f |             | {"cmc": 5.0, "effect": "ripple_engine"}          | Seeded from known_cards_generated.json; audit before trusting.
 Thrumming Stone   | Thrumming Stone   | 65db99a7-a9d4-4b61-8d5a-a9eaeb0d1c43 | 65db99a7-a9d4-4b61-8d5a-a9eaeb0d1c43 | generated | needs_review  | review_only      | battle_rule_v1:ed12791327f86f031a26f28af61ab9b2 |             | {"cmc": 5.0, "effect": "ripple_engine"}          | Seeded from known_cards_generated.json; audit before trusting.
(4 rows)
