 expected_target_rules | cards_resolved_rows | raw_oracle_hash_match_rows | promotable_rows | current_rule_rows | shadow_rows_to_disable | new_key_conflict_rows | backup_table_already_exists
-----------------------+---------------------+----------------------------+-----------------+-------------------+------------------------+-----------------------+-----------------------------
                     4 |                   3 |                          4 |               4 |                 8 |                      4 |                     0 | f
(1 row)

        name        |               card_id                |       type_line       | mana_cost |                                                                                                                        oracle_text                                                                                                                        |        actual_oracle_hash        |       expected_oracle_hash       |                          expected_scope
--------------------+--------------------------------------+-----------------------+-----------+-----------------------------------------------------------------------------------------------------------------------------------------------------------------------------------------------------------------------------------------------------------+----------------------------------+----------------------------------+------------------------------------------------------------------
 Furygale Flocking  | a56c1a39-a256-4067-8516-4bbd8e08980e | Sorcery               | {8}{R}{R} | This spell costs {1} less to cast for each instant and sorcery card in your graveyard.                                                                                                                                                                   +| 8946b0e85c8430c6105ea70c7fb2724a | 8946b0e85c8430c6105ea70c7fb2724a | per_opponent_two_3_3_flying_hasty_elemental_tokens_v1
                    |                                      |                       |           | For each opponent, create two 3/3 blue and red Elemental creature tokens with flying that attack that opponent this turn if able. They gain haste until end of turn.                                                                                      |                                  |                                  |
 Prismari Pianist   | 2ae3f49c-3b48-480a-ae7a-c69920e91014 | Creature — Djinn Bard | {1}{R}{R} | Whenever you cast an instant or sorcery spell, create a 1/1 blue and red Elemental creature token. If that spell's mana value is 5 or greater, create three of those tokens instead.                                                                      | 1594ae692e3095e544f3cd3430d43e86 | 1594ae692e3095e544f3cd3430d43e86 | instant_sorcery_cast_create_1_or_3_1_1_elementals_by_spell_mv_v1
 Tempt with Bunnies | 7a8b7999-d3ed-4cea-a33b-02d0e322fb91 | Sorcery               | {2}{W}    | Tempting Offer — Draw a card and create a 1/1 white Rabbit creature token. Then each opponent may draw a card and create a 1/1 white Rabbit creature token. For each opponent who does, you draw a card and you create a 1/1 white Rabbit creature token. | 201f6c7234bfef550f3d497e736f0d7a | 201f6c7234bfef550f3d497e736f0d7a | tempting_offer_base_create_1_1_white_rabbit_component_v1
 Tempt with Bunnies | 7a8b7999-d3ed-4cea-a33b-02d0e322fb91 | Sorcery               | {2}{W}    | Tempting Offer — Draw a card and create a 1/1 white Rabbit creature token. Then each opponent may draw a card and create a 1/1 white Rabbit creature token. For each opponent who does, you draw a card and you create a 1/1 white Rabbit creature token. | 201f6c7234bfef550f3d497e736f0d7a | 201f6c7234bfef550f3d497e736f0d7a | tempting_offer_base_draw_one_component_v1
(4 rows)

  normalized_name   |     card_name      |                logical_rule_key                 |              effect_json              |                 deck_role_json                  |  source   | review_status | execution_status | oracle_hash
--------------------+--------------------+-------------------------------------------------+---------------------------------------+-------------------------------------------------+-----------+---------------+------------------+-------------
 furygale flocking  | Furygale Flocking  | battle_rule_v1:8efd14e0d2f631b8e9f0205cf6030f39 | {"cmc": 0.0, "effect": "token_maker"} | {"effect": "token_maker", "category": "wincon"} | generated | needs_review  | review_only      |
 furygale flocking  | Furygale Flocking  | battle_rule_v1:b00038ee20b54d2b9bac7287d2de3443 | {"cmc": 0.0, "effect": "token_maker"} | {"effect": "token_maker", "category": "wincon"} | generated | needs_review  | review_only      |
 prismari pianist   | Prismari Pianist   | battle_rule_v1:8efd14e0d2f631b8e9f0205cf6030f39 | {"cmc": 0.0, "effect": "token_maker"} | {"effect": "token_maker", "category": "wincon"} | generated | needs_review  | review_only      |
 prismari pianist   | Prismari Pianist   | battle_rule_v1:b00038ee20b54d2b9bac7287d2de3443 | {"cmc": 0.0, "effect": "token_maker"} | {"effect": "token_maker", "category": "wincon"} | generated | needs_review  | review_only      |
 tempt with bunnies | Tempt with Bunnies | battle_rule_v1:030b2f3e0f549a462c3c8ea429877980 | {"cmc": 3.0, "effect": "token_maker"} | {"effect": "token_maker", "category": "wincon"} | generated | needs_review  | review_only      |
 tempt with bunnies | Tempt with Bunnies | battle_rule_v1:030b2f3e0f549a462c3c8ea429877980 | {"cmc": 3.0, "effect": "token_maker"} | {"effect": "token_maker", "category": "wincon"} | generated | needs_review  | review_only      |
 tempt with bunnies | Tempt with Bunnies | battle_rule_v1:adf4845203520f2f668e196538e532f2 | {"cmc": 3.0, "effect": "token_maker"} | {"effect": "token_maker", "category": "wincon"} | generated | needs_review  | review_only      |
 tempt with bunnies | Tempt with Bunnies | battle_rule_v1:adf4845203520f2f668e196538e532f2 | {"cmc": 3.0, "effect": "token_maker"} | {"effect": "token_maker", "category": "wincon"} | generated | needs_review  | review_only      |
(8 rows)
