Pager usage is off.
CREATE TABLE
INSERT 0 23
 target_rule_rows | target_hash_match_rows | target_missing_hash_rows | trusted_auto_rows | scoped_target_rows | target_backup_rows | effect_json_unchanged_rows | deck_role_json_unchanged_rows | active_shadow_rows | disabled_shadow_rows | total_backup_rows 
------------------+------------------------+--------------------------+-------------------+--------------------+--------------------+----------------------------+-------------------------------+--------------------+----------------------+-------------------
               23 |                     23 |                        0 |                23 |                 23 |                 23 |                         23 |                            23 |                  0 |                   44 |                67
(1 row)

              name               |         normalized_name         |                logical_rule_key                 | review_status | execution_status | confidence | rule_version |           oracle_hash            |       expected_oracle_hash       |           effect            |                      battle_model_scope                      
---------------------------------+---------------------------------+-------------------------------------------------+---------------+------------------+------------+--------------+----------------------------------+----------------------------------+-----------------------------+--------------------------------------------------------------
 Borrowed Knowledge              | borrowed knowledge              | battle_rule_v1:ab8c8e79988c1b44ccf6f4cd8324aa78 | verified      | auto             |      0.940 |            1 | 8027b5b33d6dda44ff12265baabb8407 | 8027b5b33d6dda44ff12265baabb8407 | draw_cards                  | modal_discard_hand_draw_equal_discarded_hand_v1
 Chandra, Hope's Beacon          | chandra, hope's beacon          | battle_rule_v1:207d63694c9c3f9c9ee4bf5eb22689f1 | active        | auto             |      0.860 |            1 | c1ff6aa18ae8c03f7ecccfd33a45b589 | c1ff6aa18ae8c03f7ecccfd33a45b589 | copy_spell                  | planeswalker_spell_copy_engine_plus_loyalty_annotation_v1
 Combustible Gearhulk            | combustible gearhulk            | battle_rule_v1:6a93d9061542e1b4b2c92baa569c56e9 | active        | auto             |      0.900 |            1 | e7d8cac3ecb3f29206d6b36d975b8bfa | e7d8cac3ecb3f29206d6b36d975b8bfa | creature                    | artifact_creature_etb_draw_three_default_v1
 Commander's Plate               | commander's plate               | battle_rule_v1:abc69abda697439c441b557d2ddf27ad | active        | auto             |      0.890 |            1 | 3a9c2345e54e6ccaa6cc1a1f6aa35801 | 3a9c2345e54e6ccaa6cc1a1f6aa35801 | equipment_static_attachment | equipment_commander_plate_auto_attach_v1
 Farewell                        | farewell                        | battle_rule_v1:c5aef30c5a5904e02c4cfe40957080d3 | active        | auto             |      0.900 |            1 | 4f0536b65096d1326139fe7f7f9435db | 4f0536b65096d1326139fe7f7f9435db | board_wipe                  | modal_exile_wipe_creature_runtime_baseline_v1
 Hit the Mother Lode             | hit the mother lode             | battle_rule_v1:3c85508fc77f408ea77c6ad8c81cab34 | active        | auto             |      0.840 |            1 | 971773d66dc1e38d5cbb8465858998bd | 971773d66dc1e38d5cbb8465858998bd | treasure_maker              | discover_10_treasure_difference_average_v1
 Hit the Mother Lode             | hit the mother lode             | battle_rule_v1:96918f32221fe2908cf49d33a457af2f | active        | auto             |      0.840 |            1 | 971773d66dc1e38d5cbb8465858998bd | 971773d66dc1e38d5cbb8465858998bd | draw_cards                  | discover_10_as_one_card_value_component_v1
 Improvisation Capstone          | improvisation capstone          | battle_rule_v1:4a001137f9a15f1a45b994a4d63f1689 | active        | auto             |      0.840 |            1 | 211282705b9124c8f737b1eb351e13f0 | 211282705b9124c8f737b1eb351e13f0 | exile_value                 | exile_value_free_casts_paradigm_annotation_v1
 Increasing Vengeance            | increasing vengeance            | battle_rule_v1:30ea39d59aa1ffc3158a49675b767c30 | active        | auto             |      0.880 |            1 | 112a3720da30692b859f8a9bedc90a2f | 112a3720da30692b859f8a9bedc90a2f | copy_spell                  | instant_copy_spell_requires_stack_target_v1
 Library of Leng                 | library of leng                 | battle_rule_v1:b6491cf6f7d7df9a3fb0d91abd3d31c3 | active        | auto             |      0.930 |            1 | 575aef3cc2523831e440ea7dcd55fa6e | 575aef3cc2523831e440ea7dcd55fa6e | passive                     | discard_replacement_to_top_v1
 Mithril Coat                    | mithril coat                    | battle_rule_v1:af0db3c4541fbb0e337359c8420a613c | active        | auto             |      0.930 |            1 | 62dd63935c78d3962d388d37bb2a498b | 62dd63935c78d3962d388d37bb2a498b | equipment_static_attachment | flash_equipment_indestructible_auto_attach_v1
 Olórin's Searing Light          | olórin's searing light          | battle_rule_v1:ff60d5ae64eccde0c80bc7fb7b463ff4 | active        | auto             |      0.860 |            1 | 519ac16db041b51d9562300859c589b9 | 519ac16db041b51d9562300859c589b9 | remove_creature             | each_opponent_greatest_power_edict_single_target_baseline_v1
 Ondu Inversion // Ondu Skyruins | ondu inversion // ondu skyruins | battle_rule_v1:89baba2dcd27be9d4b7d0fcbdb82bb8f | active        | auto             |      0.900 |            1 | b60f294f3269b1ca28cfb83c7708cf14 | b60f294f3269b1ca28cfb83c7708cf14 | board_wipe                  | nonland_permanent_wipe_with_mdfc_land_face_v1
 Reckless Endeavor               | reckless endeavor               | battle_rule_v1:58cf44e1552692ff62aeaf4ae3c7eaee | active        | auto             |      0.880 |            1 | a9360407a1ca872b72f52acfed795194 | a9360407a1ca872b72f52acfed795194 | damage_wipe_treasure        | d12_damage_wipe_treasure_average_v1
 Restoration Seminar             | restoration seminar             | battle_rule_v1:e354df66477b8437134c5fb0bbb3e371 | verified      | auto             |      0.930 |            1 | 23ccef3f0d08d7be5c4285e10c682356 | 23ccef3f0d08d7be5c4285e10c682356 | recursion                   | nonland_permanent_graveyard_to_battlefield_paradigm_v1
 Reverse the Sands               | reverse the sands               | battle_rule_v1:70d3cbd28ace705feb076fb737205e90 | active        | auto             |      0.860 |            1 | cf45f8dd47bcf4f77694df304a5a432a | cf45f8dd47bcf4f77694df304a5a432a | redistribute_life_totals    | redistribute_life_totals_swap_highest_opponent_v1
 Soulfire Eruption               | soulfire eruption               | battle_rule_v1:57f8434c0cd32364c89eaf074940d0ec | active        | auto             |      0.840 |            1 | 31b7f03353f2d3fefa35e790ef709644 | 31b7f03353f2d3fefa35e790ef709644 | deal_damage                 | multi_target_exile_damage_average_single_target_v1
 Sunforger                       | sunforger                       | battle_rule_v1:6e364810e102d8ab6c2ce482573d2f66 | active        | auto             |      0.860 |            1 | 3e4cf1c2a53dedcc2a49f0ab82aa803d | 3e4cf1c2a53dedcc2a49f0ab82aa803d | equipment_static_attachment | power_equipment_with_instant_tutor_annotation_v1
 Swiftfoot Boots                 | swiftfoot boots                 | battle_rule_v1:86b568648669ceb1eef6d7f6b95d4f1c | verified      | auto             |      0.960 |            1 | 5f4fa8fe20c8a6c55a2aee48c34c6b25 | 5f4fa8fe20c8a6c55a2aee48c34c6b25 | equipment_static_attachment | equipment_auto_attach_haste_hexproof_v1
 Thought Vessel                  | thought vessel                  | battle_rule_v1:93ac5946d2f83cec409a2892520f26d0 | verified      | auto             |      0.970 |            1 | ff80b35ee08bb1b68ec7c0be24d6eaaa | ff80b35ee08bb1b68ec7c0be24d6eaaa | ramp_permanent              | colorless_mana_rock_no_max_hand_size_v1
 Tibalt's Trickery               | tibalt's trickery               | battle_rule_v1:c3821ae5e8f44d1820ba5c1ed48c3366 | active        | auto             |      0.860 |            1 | 4817af87412f9b1d481222c3da52ced5 | 4817af87412f9b1d481222c3da52ced5 | counter                     | counterspell_with_random_replacement_annotation_v1
 Wayfarer's Bauble               | wayfarer's bauble               | battle_rule_v1:97eb0d5868d1c777b74aa7d35fc85eab | active        | auto             |      0.920 |            1 | f11935fa793ae03d95ae75d62cdfa516 | f11935fa793ae03d95ae75d62cdfa516 | ramp_permanent              | self_sacrifice_basic_land_tutor_artifact_v1
 Wear // Tear                    | wear // tear                    | battle_rule_v1:a89224366575c83b24415529fe686a0e | verified      | auto             |      0.950 |            1 | bccbbc9c0ebfc638e73f0ee82a7d72d3 | bccbbc9c0ebfc638e73f0ee82a7d72d3 | remove_permanent            | split_artifact_or_enchantment_removal_v1
(23 rows)

