Pager usage is off.
SELECT 2
SELECT 4
 target_cards_with_expected_oracle_hash | existing_rule_rows | new_rule_key_rows_already_present | current_active_or_review_rows | rows_missing_pg068_runtime_metadata | backup_table_already_exists
----------------------------------------+--------------------+-----------------------------------+-------------------------------+-------------------------------------+-----------------------------
                                      2 |                  4 |                                 0 |                             4 |                                   4 | f
(1 row)

      name       |        type_line        | mana_cost | cmc |           oracle_hash            |                                                         oracle_text
-----------------+-------------------------+-----------+-----+----------------------------------+-----------------------------------------------------------------------------------------------------------------------------
 Dualcaster Mage | Creature — Human Wizard | {1}{R}{R} | 3.0 | e26f613394b72e9724d299512983218a | Flash                                                                                                                      +
                 |                         |           |     |                                  | When this creature enters, copy target instant or sorcery spell. You may choose new targets for the copy.
 Reiterate       | Instant                 | {1}{R}{R} | 3.0 | 996fb5f02f16605ff7f1c899f2c50f60 | Buyback {3} (You may pay an additional {3} as you cast this spell. If you do, put this card into your hand as it resolves.)+
                 |                         |           |     |                                  | Copy target instant or sorcery spell. You may choose new targets for the copy.
(2 rows)

      name       | normalized_name |                logical_rule_key                 |  source   | review_status | execution_status | confidence | oracle_hash |                                                effect_json                                                 |                           deck_role_json
-----------------+-----------------+-------------------------------------------------+-----------+---------------+------------------+------------+-------------+------------------------------------------------------------------------------------------------------------+---------------------------------------------------------------------
 Dualcaster Mage | dualcaster mage | battle_rule_v1:41cfcafdca0d9f19437fac325b524be6 | curated   | verified      | auto             |      1.000 |             | {"power": 2, "effect": "copy_spell", "keywords": ["flash"], "toughness": 2, "is_creature_permanent": true} | {"effect": "copy_spell", "category": "engine"}
 Dualcaster Mage | dualcaster mage | battle_rule_v1:4673a7e1de38e471346eb9e0b62198ad | generated | needs_review  | review_only      |      0.550 |             | {"cmc": 3.0, "effect": "copy_spell"}                                                                       | {"effect": "copy_spell", "category": "engine"}
 Reiterate       | reiterate       | battle_rule_v1:b82bbb548dab138fa0700cb4cf905617 | curated   | verified      | auto             |      1.000 |             | {"effect": "copy_spell", "instant": true}                                                                  | {"effect": "copy_spell", "timing": "instant", "category": "engine"}
 Reiterate       | reiterate       | battle_rule_v1:03524ca125169f7d4d0b1a1e636ca7a0 | generated | needs_review  | review_only      |      0.550 |             | {"cmc": 3.0, "effect": "copy_spell", "instant": true}                                                      | {"effect": "copy_spell", "timing": "instant", "category": "engine"}
(4 rows)
