Pager usage is off.
BEGIN
SELECT 2
 expected_target_rules | cards_resolved_rows | raw_oracle_hash_match_rows | promotable_rows | current_rule_rows | shadow_rows_to_disable | new_key_conflict_rows | backup_table_already_exists
-----------------------+---------------------+----------------------------+-----------------+-------------------+------------------------+-----------------------+-----------------------------
                     2 |                   2 |                          2 |               2 |                 4 |                      2 |                     0 | f
(1 row)

        name        |               card_id                | type_line |                                        oracle_text                                         |        actual_oracle_hash        |       expected_oracle_hash
--------------------+--------------------------------------+-----------+--------------------------------------------------------------------------------------------+----------------------------------+----------------------------------
 Generous Gift      | c889018b-975b-4bdb-a27d-52b62b09bd9d | Instant   | Destroy target permanent. Its controller creates a 3/3 green Elephant creature token.      | 9363edd299df8476da36798bd527cde1 | 9363edd299df8476da36798bd527cde1
 Stroke of Midnight | 0683f722-a930-41fb-9e56-a670659ef353 | Instant   | Destroy target nonland permanent. Its controller creates a 1/1 white Human creature token. | a885e8190e19cf23b1f4c82563ca111b | a885e8190e19cf23b1f4c82563ca111b
(2 rows)

  normalized_name   |     card_name      |                logical_rule_key                 |                         effect_json                         |                               deck_role_json                               |  source   | review_status | execution_status | oracle_hash
--------------------+--------------------+-------------------------------------------------+-------------------------------------------------------------+----------------------------------------------------------------------------+-----------+---------------+------------------+-------------
 generous gift      | Generous Gift      | battle_rule_v1:46532ff07498f8542f4d0f7450ae6b65 | {"cmc": 3.0, "effect": "remove_permanent", "instant": true} | {"effect": "remove_permanent", "timing": "instant", "category": "removal"} | generated | needs_review  | review_only      |
 generous gift      | Generous Gift      | battle_rule_v1:0b547d7209a38ac2d23a1cca07917680 | {"effect": "remove_permanent", "instant": true}             | {"effect": "remove_permanent", "timing": "instant", "category": "removal"} | curated   | verified      | auto             |
 stroke of midnight | Stroke of Midnight | battle_rule_v1:46532ff07498f8542f4d0f7450ae6b65 | {"cmc": 3.0, "effect": "remove_permanent", "instant": true} | {"effect": "remove_permanent", "timing": "instant", "category": "removal"} | generated | needs_review  | review_only      |
 stroke of midnight | Stroke of Midnight | battle_rule_v1:9d5afecce0b2500c1dff74bcd97e6eb4 | {"cmc": 3.0, "effect": "remove_permanent", "instant": true} | {"effect": "remove_permanent", "timing": "instant", "category": "removal"} | generated | needs_review  | review_only      |
(4 rows)

ROLLBACK
