{
  "apply_pg": false,
  "apply_sqlite_from_pg": true,
  "canonical_snapshot_rows_exported": 3204,
  "curated_rows": 132,
  "database_target": "143.198.230.247:5433/halder",
  "export_canonical_fallback_json": "docs/hermes-analysis/master_optimizer_reports/local_battle_replay_pg114_emerias_call_20260623_200501/known_cards_canonical_snapshot_20260623_201031.json",
  "generated_at": "2026-06-23T20:10:31.997932+00:00",
  "generated_rows": 1961,
  "include_generated": true,
  "include_needs_review": true,
  "input_rows": 2110,
  "manual_rows": 17,
  "only_classification": [],
  "only_recommended_action": [],
  "only_summary_json": null,
  "oracle_normalized_rows": 269,
  "pg_inserted_or_updated": 0,
  "pg_rows_loaded": 5318,
  "pg_skipped_lower_priority": 0,
  "reviewed_rules_json": "/Users/desenvolvimentomobile/Documents/rafa/mtg/mtgia/docs/hermes-analysis/manaloom-knowledge/scripts/reviewed_battle_card_rules.json",
  "selected_card_count": 0,
  "selected_cards": [],
  "sqlite_db": "/Users/desenvolvimentomobile/Documents/rafa/mtg/mtgia/docs/hermes-analysis/manaloom-knowledge/scripts/knowledge.db",
  "sqlite_inserted_or_updated": 5273
}
BATTLE_DECISION_STRATEGY_AUDIT {"code_counts": {"forced_keep_after_bad_mulligan": 1}, "decision_types": {"cast_spell": 39, "combat_attack": 20, "lorehold_upkeep_rummage": 3, "mulligan_decision": 10, "pass_no_action": 73, "response": 3, "tutor": 2, "utility_artifact_activation": 8, "utility_land_activation": 1}, "decisions": 159, "events": 971, "findings": 1, "high_confidence_learning_eligible": false, "high_confidence_learning_weight": 0.0, "highest_severity": "medium", "learning_confidence": "low_confidence_replay", "learning_confidence_reason": "forced_keep_after_bad_mulligan", "low_confidence_learning_codes": ["forced_keep_after_bad_mulligan"], "low_confidence_learning_findings": 1, "review_required_findings": 0, "severity_counts": {"medium": 1}, "verdict": "low_confidence_replay"}
{"timestamp_utc": "20260623_201031", "events_file": "docs/hermes-analysis/master_optimizer_reports/local_battle_replay_pg114_emerias_call_20260623_200501/battle_full_replay_20260623_201031.jsonl", "decision_trace_file": "docs/hermes-analysis/master_optimizer_reports/local_battle_replay_pg114_emerias_call_20260623_200501/battle_full_replay_20260623_201031.decision_trace.jsonl", "forensic_audit_file": "docs/hermes-analysis/master_optimizer_reports/local_battle_replay_pg114_emerias_call_20260623_200501/replay_decision_audit_20260623_201031.md", "strategy_audit_file": "docs/hermes-analysis/master_optimizer_reports/local_battle_replay_pg114_emerias_call_20260623_200501/battle_strategy_audit_20260623_201031.json", "sync_report": "docs/hermes-analysis/master_optimizer_reports/local_battle_replay_pg114_emerias_call_20260623_200501/battle_card_rules_cache_sync_20260623_201031.json", "canonical_snapshot_artifact": "docs/hermes-analysis/master_optimizer_reports/local_battle_replay_pg114_emerias_call_20260623_200501/known_cards_canonical_snapshot_20260623_201031.json", "forensic_summary": {"status": "turn_invariants_clean", "turn_findings": 0, "decision_findings": 0, "critical": 0, "high": 0, "medium": 0, "low": 0}, "strategy_summary": {"code_counts": {"forced_keep_after_bad_mulligan": 1}, "decision_types": {"cast_spell": 39, "combat_attack": 20, "lorehold_upkeep_rummage": 3, "mulligan_decision": 10, "pass_no_action": 73, "response": 3, "tutor": 2, "utility_artifact_activation": 8, "utility_land_activation": 1}, "decisions": 159, "events": 971, "findings": 1, "high_confidence_learning_eligible": false, "high_confidence_learning_weight": 0.0, "highest_severity": "medium", "learning_confidence": "low_confidence_replay", "learning_confidence_reason": "forced_keep_after_bad_mulligan", "low_confidence_learning_codes": ["forced_keep_after_bad_mulligan"], "low_confidence_learning_findings": 1, "review_required_findings": 0, "severity_counts": {"medium": 1}, "verdict": "low_confidence_replay"}}
local_battle_replay_audit=ok
artifact_dir=docs/hermes-analysis/master_optimizer_reports/local_battle_replay_pg114_emerias_call_20260623_200501
summary_json=docs/hermes-analysis/master_optimizer_reports/local_battle_replay_pg114_emerias_call_20260623_200501/summary_20260623_201031.json
