                card_name                |             normalized_name             |                logical_rule_key                 | source  | review_status | execution_status | rule_version |               card_id                |       computed_oracle_hash       | oracle_text_length
-----------------------------------------+-----------------------------------------+-------------------------------------------------+---------+---------------+------------------+--------------+--------------------------------------+----------------------------------+--------------------
 Akroma's Will                           | akroma's will                           | battle_rule_v1:1134718ef1509d04fbc1291dbdbdf23e | curated | verified      | auto             |            1 | aed24a55-92f5-441d-8846-413544520b1a | 006e2b72eae264e2aaba82d99d07f593 |                281
 Ancient Den                             | ancient den                             | battle_rule_v1:ea7e00f2d90b2ceead4036ab10cd0200 | curated | verified      | auto             |            1 | 98f9fb2f-df2f-4c7c-8381-fa2441cccbe4 | c7264c311c98ff99b293a96ad9ab2daf |                 13
 Ancient Tomb                            | ancient tomb                            | battle_rule_v1:c364544e9bd651211acf851db2313ccd | curated | verified      | auto             |            1 | fa0a6d8f-7097-4f25-9adb-6fe7df179894 | 5f61966c5bfc67508502d929ca891af3 |                 49
 Basking Broodscale                      | basking broodscale                      | battle_rule_v1:4a8564b60f39507bb2bb7fe5ca0b3a72 | curated | active        | auto             |            1 | 09544480-c90f-409d-9bc3-93be84feadc9 | 325bca13766fa2c770259e79375080bc |                284
 Chromatic Star                          | chromatic star                          | battle_rule_v1:7ff862e1720f195ee0374e3a6767b0da | curated | active        | auto             |            1 | a1e061e3-9239-4c6b-905e-1aaf266a24d2 | e42c268c0db1c7273a78d08b85d8918b |                139
 Dismember                               | dismember                               | battle_rule_v1:2f513570333d9f48be476602a7ce1593 | curated | verified      | auto             |            1 | c823afa9-5d47-4935-aab6-ee3bf448d84e | e3824a160f31571d21bccb7be33474cf |                 92
 Entomb                                  | entomb                                  | battle_rule_v1:eb8223965ca43b8748902c1f16770332 | curated | verified      | auto             |            1 | 38cb6aff-9b27-471e-9dbd-87978dc730eb | ff9463f33167f2489bb78394a914d43c |                 80
 Everflowing Chalice                     | everflowing chalice                     | battle_rule_v1:67f848a7a9f40c7337ec0c13e0c1de7c | curated | verified      | auto             |            1 | bede9e2b-04b8-4a4a-82dc-76e45859d02a | 2916ac287962232283ac7b1dbe684b7d |                224
 Fellwar Stone                           | fellwar stone                           | battle_rule_v1:3906ffa3cbf7d3437d68e44e13e10bba | curated | active        | auto             |            2 | e052e629-239f-49d1-a68f-f678f18e93dc | d63befc8ac40d9a38732f9b5c1a7414a |                 78
 Formidable Speaker                      | formidable speaker                      | battle_rule_v1:ba0c54df93c61d9c92a11905c50b7bea | curated | active        | auto             |            1 | 2c71b9a6-ed6d-4252-94ff-2208452dbfb6 | 2339245d7d8beb5a87ea1c0c8b67dc88 |                192
 Gemstone Caverns                        | gemstone caverns                        | battle_rule_v1:9384b4cf2ffc3b4afc5cb65fb4febaea | curated | active        | auto             |            1 | fe78265c-8e98-4056-84c2-dad98d6bb955 | 2c25335e12791e77b9c19c9b3af0a413 |                298
 Great Furnace                           | great furnace                           | battle_rule_v1:9a28465081dd2ac48819f94e919646a6 | curated | verified      | auto             |            1 | a0063e78-cfa6-4d2d-aeeb-6512c1d43b51 | ed6887f502cae452812d5f5d0a0c5792 |                 13
 Hall of Heliod's Generosity             | hall of heliod's generosity             | battle_rule_v1:4bddcb4c084d969a7ac60a4e378b06dd | curated | active        | auto             |            1 | a0b0c6cf-bc63-463b-94f3-9ba79f035ffa | cf91d14269b30b7db1f05234d34db931 |                 98
 Inventors' Fair                         | inventors' fair                         | battle_rule_v1:c11487143935b327650306d7e7e8c8e2 | curated | active        | auto             |            1 | 4df732d0-7304-4634-b40a-d912e8baef52 | 9529349d5e874f6304264ddf6a2d0c2f |                284
 Library of Leng                         | library of leng                         | battle_rule_v1:b6491cf6f7d7df9a3fb0d91abd3d31c3 | curated | active        | auto             |            2 | ec9cd418-f443-4e59-9a1a-7086be318209 | 575aef3cc2523831e440ea7dcd55fa6e |                159
 Lumra, Bellow of the Woods              | lumra, bellow of the woods              | battle_rule_v1:847f9ee3ec1da14f043c8a52a4dbfb52 | curated | verified      | auto             |            1 | 290c0a93-5f0c-45fe-9b80-277b1dc36392 | 6d55531f06ba4e627600f3962ad9f95f |                205
 Mana Vault                              | mana vault                              | battle_rule_v1:5a2533694ffd19223d3cde1e25d258ff | curated | active        | auto             |            2 | d2f38c20-79e2-4330-b6ae-ded990a465e4 | 35e3fd94c8453c0e326033af49ae18c8 |                243
 Mox Amber                               | mox amber                               | battle_rule_v1:972703914ee50acd7a4e6f529fea1adf | curated | verified      | auto             |            2 | bcd7d52d-b4e2-42e1-9bca-768f1672bc4b | e47b40cf2afc4c9ceac6bf91815da706 |                 87
 Natural Order                           | natural order                           | battle_rule_v1:8a9cf49fe56ad1fabdb48aead5531bd1 | curated | verified      | auto             |            1 | 3bb76ce6-1083-4834-b3fa-cdc68aec0a6f | 313e25b11a10c99127eca70b7fefbb75 |                159
 Rampant Growth                          | rampant growth                          | battle_rule_v1:439f162ed0ffa2321dd21b0692f07af4 | curated | verified      | auto             |            1 | d553a5c8-1bf6-4648-b567-f6c68a6e30f9 | 4ce07a0d5e5a33a68517b988b63dbe42 |                 99
 Reanimate                               | reanimate                               | battle_rule_v1:853d724485700fc5e29a050e9f5856a4 | curated | active        | auto             |            1 | a3c3d616-b19e-4f86-8034-654eb1811b1e | 5936b4653734cd7087eb67229b4efbc3 |                129
 Runaway Steam-Kin                       | runaway steam-kin                       | battle_rule_v1:955e0141660dfdc8b31aaf15056693aa | curated | verified      | auto             |            1 | dbf6f43f-ee78-4f73-9eff-f0e86628c4c1 | abe8e79d26d363a82e68a55e6c19c0b3 |                191
 Sami's Curiosity                        | sami's curiosity                        | battle_rule_v1:b25c35d72e00a057dc20945c38059d0e | curated | verified      | auto             |            1 | b164352a-a931-409a-9fca-5570a6cc1a0c | d88d3c9d7319f3ce78f286614392ffbf |                190
 Scavenging Ooze                         | scavenging ooze                         | battle_rule_v1:c6c94f94c02d497596c4f1b1cd05a9bd | curated | active        | auto             |            1 | 20a0fc7c-5e9a-446b-b636-ae5f955ad39a | 072765012c562c0dd7e6c1965a77fa17 |                125
 Scroll Rack                             | scroll rack                             | battle_rule_v1:3b58ff16a7eb52fb05c1bd8517225cd2 | curated | active        | auto             |            2 | 166c82b2-f988-4073-9cf4-73a0bf4645a6 | 8133928f03d5a5a77f2beecfcbd09e30 |                206
 Silence                                 | silence                                 | battle_rule_v1:74b210b77b004a677906e0216d44e445 | curated | verified      | auto             |            2 | 6eac5767-386d-4c9e-a7e1-926e43e32e83 | a0ca3c09a7db091c435ab31adb9c1780 |                 43
 Skullclamp                              | skullclamp                              | battle_rule_v1:f996204e0cd900b700b6bf7defb607a6 | curated | active        | auto             |            1 | 53f9ed4b-c7f3-42c6-a751-4b79287f4a0a | 01408ac2502c74e39791c1779ab33833 |                 88
 Soul-Guide Lantern                      | soul-guide lantern                      | battle_rule_v1:3454aa122d10a4abd906132eb7745339 | curated | verified      | auto             |            1 | f636fb2e-16cb-4807-ad94-463be361a61a | 6a9e4cf9a4397715ccd0737e1b8cf270 |                173
 Splendid Reclamation                    | splendid reclamation                    | battle_rule_v1:323e4e2c6e95da761c1614e4dff44778 | curated | verified      | auto             |            1 | 1fd6f391-9e65-4bb0-8bb1-548360bed90b | 81249444bdb32006d5e687858df04b9a |                 68
 Staff of Compleation                    | staff of compleation                    | battle_rule_v1:d464d25de43eb912c79baea1cee783e5 | curated | active        | auto             |            1 | e0ac5a9b-f026-4b6a-a98e-b334be6d133b | 6b66f4e89a1a484d4fd15b2acc365603 |                180
 Sunbaked Canyon                         | sunbaked canyon                         | battle_rule_v1:07c97c73f65d524510e30b6bbfca0b61 | curated | active        | auto             |            1 | 4acbecf1-fa0e-4d2f-9d87-5d91b1fd8ef5 | eae946655b75e4666adfbdb760bee0ff |                 76
 Talisman of Conviction                  | talisman of conviction                  | battle_rule_v1:02133e513da5ea98ac74d32d39b16470 | curated | active        | auto             |            2 | 6a6b4572-5c96-4405-a480-45344904b697 | d49ceec937367a344a9f0948eea4f8f2 |                 71
 Unexpected Windfall                     | unexpected windfall                     | battle_rule_v1:f9f98ea1925518eea7a7c94c21ef2dc4 | curated | verified      | auto             |            2 | 08112727-89cc-4af8-aff1-1435ffc40098 | 9c4fbe06104051a2e8b1d295d307b26a |                185
 Urza's Saga                             | urza's saga                             | battle_rule_v1:b62b6dfa5cdc9db4b8b21faf7bfc0498 | curated | active        | auto             |            1 | 55761b91-117b-4861-ba85-5ac377ab09df | 43e3b1636425f22bbd834442ddb93bc0 |                391
 Valakut Awakening                       | valakut awakening                       | battle_rule_v1:245b8d2627720fadfd7a30464d07605a | curated | verified      | auto             |            2 | 75a73cfc-e7a7-4280-9fac-f3b1810d26fd | 22b42fcc181b7aed71f78b2e1e51e887 |                105
 Valakut Awakening // Valakut Stoneforge | valakut awakening // valakut stoneforge | battle_rule_v1:6e1f3b876822abafe1de47610f46858d | curated | verified      | auto             |            2 | 75a73cfc-e7a7-4280-9fac-f3b1810d26fd | 22b42fcc181b7aed71f78b2e1e51e887 |                105
 Vexing Bauble                           | vexing bauble                           | battle_rule_v1:6a85170698c85498bf618c0c0283a770 | curated | verified      | auto             |            1 | 11288e9b-9c75-41c4-a6c3-736e28687134 | 020e696ec9560830bb82bf0244595d69 |                133
 Wall of Omens                           | wall of omens                           | battle_rule_v1:ee84dfe5a22708bf0b0ef435699ed7a4 | curated | verified      | auto             |            1 | 6363223d-a83d-43af-9064-9c5918d832c2 | 755be179e545f27507f78b6a79a34485 |                 48
 War Room                                | war room                                | battle_rule_v1:9cdb33ac0e813c0a25d960b65dbc7417 | curated | active        | auto             |            1 | 9d65f34d-bc5e-4979-8f58-2b52f7496d6c | d9c250570bb91d94ceae9fcd74081ef5 |                111
 Wayfarer's Bauble                       | wayfarer's bauble                       | battle_rule_v1:97eb0d5868d1c777b74aa7d35fc85eab | curated | active        | auto             |            2 | b393933f-6ebf-4cf9-bbdc-58bdbb654a66 | f11935fa793ae03d95ae75d62cdfa516 |                134
 Worldfire                               | worldfire                               | battle_rule_v1:1b9bb9bfd6774cc55d21e50009efa9f3 | curated | verified      | auto             |            1 | 69693acc-2fe5-4627-82d7-b17a5574f65c | dfb75aa49416e7e281ad8e5cdcf721fa |                104
 Zuran Orb                               | zuran orb                               | battle_rule_v1:d977323f1ef9834d148ef87dc519ba37 | curated | verified      | auto             |            1 | 2254e7f1-becd-4819-a6e6-3f7cf9170314 | 5fef1974ee8b02952ac5612ea66c5c33 |                 34
(42 rows)

 trusted_executable_rules_missing_oracle_hash_with_oracle_text
---------------------------------------------------------------
                                                            42
(1 row)
