             metric             | value
--------------------------------+-------
 target_cards                   | 1
 target_rule_rows               | 2
 curated_auto_rows              | 1
 generated_disabled_rows        | 1
 target_oracle_hash_rows        | 1
 current_assumed_commander_rows | 1
 current_annotation_scope_rows  | 1
 pgc054_namespace_rows          | 0
 backup_table_exists            | 0
(9 rows)

                  id                  |       name        |              oracle_id               |        target_oracle_hash        | type_line |                                      oracle_text
--------------------------------------+-------------------+--------------------------------------+----------------------------------+-----------+---------------------------------------------------------------------------------------
 a01557bf-b19b-4387-a1e3-d0718078dcf7 | Spectator Seating | cf6d10ed-85c3-48f2-8ba0-2960e03b408b | d0cfc448e06bce117f8a1db3a55831a4 | Land      | This land enters tapped unless you have two or more opponents. / {T}: Add {R} or {W}.
(1 row)

     card_name     |  normalized_name  |  source   | review_status | execution_status | rule_version |                logical_rule_key                 |           oracle_hash            | reviewed_by |                                                                                                                                                           effect_json                                                                                                                                                           |                                                                         notes
-------------------+-------------------+-----------+---------------+------------------+--------------+-------------------------------------------------+----------------------------------+-------------+---------------------------------------------------------------------------------------------------------------------------------------------------------------------------------------------------------------------------------------------------------------------------------------------------------------------------------+--------------------------------------------------------------------------------------------------------------------------------------------------------
 Spectator Seating | spectator seating | curated   | verified      | auto             |            1 | battle_rule_v1:603c776839827f2f21cef8b62e22a1be | d0cfc448e06bce117f8a1db3a55831a4 |             | {"effect": "land", "produces": "RW", "mana_produced": 1, "battle_model_scope": "bond_land_dual_source_etb_annotation_v1", "oracle_runtime_scope": "mana_source_runtime_with_annotation_only_clauses", "pg051_l1b_land_family": "deck6_nonfetch_mana_land", "multiplayer_enters_untapped_status": "assumed_for_commander_table"} | Curated bulk rule from authoritative cards.type_line containing Land; battle treats land faces as land plays.                                         +
                   |                   |           |               |                  |              |                                                 |                                  |             |                                                                                                                                                                                                                                                                                                                                 | PG051 2026-06-23: Deck 6 L1B non-fetch land mana-source model. Added oracle_hash, battle_model_scope, mana production, and annotation-only status for
 Spectator Seating | spectator seating | generated | needs_review  | disabled         |            1 | battle_rule_v1:55c2bc99b653af8c05e99108f1c45b5d |                                  |             | {"cmc": 0.0, "effect": "land", "mana_produced": 1}                                                                                                                                                                                                                                                                              | Seeded from known_cards_generated.json; audit before trusting. Oracle-normalized to match battle runtime.
(2 rows)
