{
  "apply_pg": false,
  "apply_sqlite_from_pg": true,
  "canonical_snapshot_rows_exported": 3258,
  "curated_rows": 0,
  "database_target": "143.198.230.247:5433/halder",
  "export_canonical_fallback_json": "docs/hermes-analysis/manaloom-knowledge/scripts/known_cards_canonical_snapshot.json",
  "generated_at": "2026-06-29T11:09:26.589961+00:00",
  "generated_rows": 2,
  "include_generated": true,
  "include_needs_review": false,
  "input_rows": 2,
  "manual_rows": 0,
  "only_classification": [],
  "only_recommended_action": [],
  "only_summary_json": null,
  "oracle_normalized_rows": 1,
  "pg_inserted_or_updated": 0,
  "pg_rows_loaded": 2,
  "pg_skipped_lower_priority": 0,
  "reviewed_rules_json": "/Users/desenvolvimentomobile/Documents/rafa/mtg/mtgia/docs/hermes-analysis/manaloom-knowledge/scripts/reviewed_battle_card_rules.json",
  "selected_card_count": 2,
  "selected_cards": [
    "Sundering Eruption // Volcanic Fissure",
    "Untimely Malfunction"
  ],
  "sqlite_db": "/Users/desenvolvimentomobile/Documents/rafa/mtg/mtgia/docs/hermes-analysis/manaloom-knowledge/scripts/knowledge.db",
  "sqlite_inserted_or_updated": 2
}
