{
  "count": 8,
  "rows": [
    {
      "ability_kind": "triggered",
      "battle_model_scope": "xmage_creature_etb_destroy_target_v1",
      "etb_remove_effect": "remove_creature",
      "etb_remove_target": "creature",
      "execution_status": "auto",
      "logical_rule_key": "battle_rule_v1:f96dc72f401683ff611868a4b8f983e4",
      "max_targets": 3,
      "name": "Armaggon, Future Shark",
      "oracle_hash": "42d0563f848525d5b48b5a965e737a82",
      "review_status": "verified",
      "rule_source": "curated",
      "target_constraints": {
        "card_types": [
          "creature"
        ]
      },
      "target_controller": null,
      "trigger": "enters_battlefield"
    },
    {
      "ability_kind": "triggered",
      "battle_model_scope": "xmage_creature_etb_destroy_target_v1",
      "etb_remove_effect": "remove_creature",
      "etb_remove_target": "creature",
      "execution_status": "auto",
      "logical_rule_key": "battle_rule_v1:2c266d73b60612c1698b37380e2569bd",
      "max_targets": null,
      "name": "Final-Sting Faerie",
      "oracle_hash": "42d0d972b96570dadafcd049776cc4bd",
      "review_status": "verified",
      "rule_source": "curated",
      "target_constraints": {
        "card_types": [
          "creature"
        ],
        "damaged_this_turn": true
      },
      "target_controller": null,
      "trigger": "enters_battlefield"
    },
    {
      "ability_kind": "triggered",
      "battle_model_scope": "xmage_creature_etb_destroy_target_v1",
      "etb_remove_effect": "remove_creature",
      "etb_remove_target": "creature",
      "execution_status": "auto",
      "logical_rule_key": "battle_rule_v1:c9a712d3ef34819b410ce03a92e5e520",
      "max_targets": null,
      "name": "Gilt-Leaf Winnower",
      "oracle_hash": "2b700e8000d83ff1a3b5123f7a94a539",
      "review_status": "verified",
      "rule_source": "curated",
      "target_constraints": {
        "card_types": [
          "creature"
        ],
        "exclude_subtypes": [
          "elf"
        ],
        "power_toughness_not_equal": true
      },
      "target_controller": null,
      "trigger": "enters_battlefield"
    },
    {
      "ability_kind": "triggered",
      "battle_model_scope": "xmage_creature_etb_destroy_target_v1",
      "etb_remove_effect": "remove_permanent",
      "etb_remove_target": "permanent",
      "execution_status": "auto",
      "logical_rule_key": "battle_rule_v1:dd9bbbfafb8d905d6c63ad502a4b3705",
      "max_targets": null,
      "name": "Kraul Whipcracker",
      "oracle_hash": "3f8818b7b6a2340e8240ae3f68e81f4e",
      "review_status": "verified",
      "rule_source": "curated",
      "target_constraints": {
        "card_types": [
          "permanent"
        ],
        "controller_scope": "opponent",
        "token": true
      },
      "target_controller": "opponent",
      "trigger": "enters_battlefield"
    },
    {
      "ability_kind": "triggered",
      "battle_model_scope": "xmage_creature_etb_destroy_target_v1",
      "etb_remove_effect": "remove_creature",
      "etb_remove_target": "creature",
      "execution_status": "auto",
      "logical_rule_key": "battle_rule_v1:88a7268178877454ebebb8065e85ffdb",
      "max_targets": null,
      "name": "Lurking Deadeye",
      "oracle_hash": "bf55cf78c4c69fd8dcd2e76d855f0e85",
      "review_status": "verified",
      "rule_source": "curated",
      "target_constraints": {
        "card_types": [
          "creature"
        ],
        "damaged_this_turn": true
      },
      "target_controller": null,
      "trigger": "enters_battlefield"
    },
    {
      "ability_kind": "triggered",
      "battle_model_scope": "xmage_creature_etb_destroy_target_v1",
      "etb_remove_effect": "remove_creature",
      "etb_remove_target": "creature",
      "execution_status": "auto",
      "logical_rule_key": "battle_rule_v1:37c237dafb6102dd303e7e6032f5aa26",
      "max_targets": null,
      "name": "Nekrataal",
      "oracle_hash": "390a3a6d4a8e535f7740f8956122e094",
      "review_status": "verified",
      "rule_source": "curated",
      "target_constraints": {
        "card_types": [
          "creature"
        ],
        "exclude_card_types": [
          "artifact"
        ],
        "exclude_colors": [
          "B"
        ]
      },
      "target_controller": null,
      "trigger": "enters_battlefield"
    },
    {
      "ability_kind": "triggered",
      "battle_model_scope": "xmage_creature_etb_destroy_target_v1",
      "etb_remove_effect": "remove_creature",
      "etb_remove_target": "creature",
      "execution_status": "auto",
      "logical_rule_key": "battle_rule_v1:42db1519409feeb45390c07a693f6f60",
      "max_targets": null,
      "name": "Ogre Gatecrasher",
      "oracle_hash": "f0b9214dea59196b599d4a824f349a79",
      "review_status": "verified",
      "rule_source": "curated",
      "target_constraints": {
        "card_types": [
          "creature"
        ],
        "required_keywords": [
          "defender"
        ]
      },
      "target_controller": null,
      "trigger": "enters_battlefield"
    },
    {
      "ability_kind": "triggered",
      "battle_model_scope": "xmage_creature_etb_destroy_target_v1",
      "etb_remove_effect": "remove_creature",
      "etb_remove_target": "creature",
      "execution_status": "auto",
      "logical_rule_key": "battle_rule_v1:0dd5fc990d260f811c5aac9dc86150c7",
      "max_targets": null,
      "name": "Stingerfling Spider",
      "oracle_hash": "2bd99d3e075e935e742104ca6e55dddd",
      "review_status": "verified",
      "rule_source": "curated",
      "target_constraints": {
        "card_types": [
          "creature"
        ],
        "required_keywords": [
          "flying"
        ]
      },
      "target_controller": null,
      "trigger": "enters_battlefield"
    }
  ]
}
