      card_name       |   normalized_name    |           oracle_hash            |                logical_rule_key                 |      shadow_handling       | target_card_rows |          canonical_card_id           | existing_rule_rows | expected_rule_rows_before | would_deprecate_shadow_rows
----------------------+----------------------+----------------------------------+-------------------------------------------------+----------------------------+------------------+--------------------------------------+--------------------+---------------------------+-----------------------------
 Almighty Brushwagg   | almighty brushwagg   | 16c0920222f7063716833f1b597860ea | battle_rule_v1:dee1d5fdcce8a7d41ce9cb71769cc4a1 | deprecate_nonmatching_rows |                1 | f6e02fbe-73bb-41e2-bcb9-6e6866c368d7 |                  0 |                         0 |                           0
 Anointed Chorister   | anointed chorister   | d11a58d97ca855244358b4f577fa3341 | battle_rule_v1:bd270a5aaa2a2f6fcbeb41b20c9b0e51 | deprecate_nonmatching_rows |                1 | 5dea3509-6098-4ce6-bd09-83d556c903a1 |                  0 |                         0 |                           0
 Aven Flock           | aven flock           | 0e89241e7c79870ddca3b1725dc9e8be | battle_rule_v1:c47a8875ba2037b7b1104e195c024dd6 | deprecate_nonmatching_rows |                1 | 919ecf4a-9ea1-4045-ac05-9556de5959be |                  0 |                         0 |                           0
 Balshan Collaborator | balshan collaborator | b64d699493ad9e4aac71c1a22fbef69a | battle_rule_v1:694861e655bdfa1e09157c70ca27a715 | deprecate_nonmatching_rows |                1 | 2271b611-6fcc-440a-92bd-6b01d50f3323 |                  0 |                         0 |                           0
 Blistering Dieflyn   | blistering dieflyn   | 7bef419e43e36b9488d7a49565362c00 | battle_rule_v1:215ed6c0663ac712d8908764f893e5bc | deprecate_nonmatching_rows |                1 | c4296c8e-c27f-4943-a09e-1bd5470f356f |                  0 |                         0 |                           0
 Burrog Banemaker     | burrog banemaker     | 2531bdd67f5acd4b6ff79ad7071dcf19 | battle_rule_v1:6ec89fb1ff020a09bd4b7d556d8d7a5e | deprecate_nonmatching_rows |                1 | 544d6db0-3c63-40fc-9286-4919f94a0f77 |                  0 |                         0 |                           0
 Capashen Knight      | capashen knight      | efcf4b69ae5a8ebc23f3160c0d2afc21 | battle_rule_v1:f73b279dcf57b8d564b9a5ee7b91a096 | deprecate_nonmatching_rows |                1 | 99007ae3-c87b-42b0-8dc0-6b66c4e5acfa |                  0 |                         0 |                           0
 Char-Rumbler         | char-rumbler         | 2dafeb10c896817105d49da7d7d05d6f | battle_rule_v1:3b404ad0b195a352272cf59c5218af71 | deprecate_nonmatching_rows |                1 | e07fbbfb-a840-48e2-9388-ae3d0b8f88ae |                  0 |                         0 |                           0
 Crypt Ripper         | crypt ripper         | 7af0f38166b7beefb788b39fedb96033 | battle_rule_v1:b6732ab1b8f7b5472c692781e8e75004 | deprecate_nonmatching_rows |                1 | 2d423cb0-cec4-45ee-abd0-64b072dd2fca |                  0 |                         0 |                           0
 Dragon Hatchling     | dragon hatchling     | 88963d70765769a171edcbb7214f932b | battle_rule_v1:c368af5ab4fc204a162244d655b62eca | deprecate_nonmatching_rows |                1 | a1e7f24d-1018-49d2-855f-e90ee85a3ca7 |                  0 |                         0 |                           0
 Drifting Shade       | drifting shade       | b64d699493ad9e4aac71c1a22fbef69a | battle_rule_v1:694861e655bdfa1e09157c70ca27a715 | deprecate_nonmatching_rows |                1 | b6051e2a-dcd5-4318-90f8-3000fbd4a92a |                  0 |                         0 |                           0
 Dungeon Shade        | dungeon shade        | b64d699493ad9e4aac71c1a22fbef69a | battle_rule_v1:694861e655bdfa1e09157c70ca27a715 | deprecate_nonmatching_rows |                1 | 3cd62b85-dc22-43ba-bc95-a0b1f64d0028 |                  0 |                         0 |                           0
 Ember-Eye Wolf       | ember-eye wolf       | fcbb759a62415cf574b32cc6ad51ee66 | battle_rule_v1:fc0bc3dbb35c8170a89199f8464f0ac2 | deprecate_nonmatching_rows |                1 | 4479b30d-c614-40fe-b4ae-c9c7d3136c75 |                  0 |                         0 |                           0
 Feral Ridgewolf      | feral ridgewolf      | d0ae3576ef1d9a78ebd605ecd9d4d5af | battle_rule_v1:a991b9ae5b653dfb337dfce1bb77d4e0 | deprecate_nonmatching_rows |                1 | a5fc7139-d152-4f6b-b830-11efeaecee41 |                  0 |                         0 |                           0
 Fireborn Knight      | fireborn knight      | 5dfb9714e8adfecd997d3328365831c2 | battle_rule_v1:81b47a1d1067012d9448722e21ae0e7a | deprecate_nonmatching_rows |                1 | bc6596ba-9baa-4c2d-82f4-c8a48d8f4d09 |                  0 |                         0 |                           0
 Firefly              | firefly              | 88963d70765769a171edcbb7214f932b | battle_rule_v1:c368af5ab4fc204a162244d655b62eca | deprecate_nonmatching_rows |                1 | 822f6004-6c42-44b9-8773-e0b463f8ab99 |                  0 |                         0 |                           0
 Flowstone Hellion    | flowstone hellion    | 185997fedd25bca173d3c413154a2631 | battle_rule_v1:6c8d2b120ef825bb9bfe56d8664ed73f | deprecate_nonmatching_rows |                1 | 326a1b85-7ae0-4dc1-9be2-7f626fe84875 |                  0 |                         0 |                           0
 Flowstone Kavu       | flowstone kavu       | 1321036cacb3c2ef7a69c14448d22c24 | battle_rule_v1:e670dac0e0beccc44521ee3e774f6ba7 | deprecate_nonmatching_rows |                1 | 129be072-6b0c-48ad-a02a-be1b6903890c |                  0 |                         0 |                           0
 Flowstone Mauler     | flowstone mauler     | c747d6884b0b274f3c056ecd00b6f672 | battle_rule_v1:ce81ced1eebeeadca2ac09097c722550 | deprecate_nonmatching_rows |                1 | 99c56929-090f-4da9-96a4-9f54fb1d64c2 |                  0 |                         0 |                           0
 Flowstone Wall       | flowstone wall       | 2f04a1ef54b15a8dcc8fc9ab08fca596 | battle_rule_v1:280c7ca5135c5f8113f60cb1ecbde86c | deprecate_nonmatching_rows |                1 | a3a2cf90-66b4-49a6-b5b7-733992d64a0e |                  0 |                         0 |                           0
 Flowstone Wyvern     | flowstone wyvern     | 400ab3af4484e330584b5e00272d2247 | battle_rule_v1:857507e7add5a7998adb32158945020d | deprecate_nonmatching_rows |                1 | 589bd883-ea44-4474-9cda-a096a3723c9b |                  0 |                         0 |                           0
 Furnace Spirit       | furnace spirit       | 35401abfd74aeb715169bda3c5ecf813 | battle_rule_v1:4d907cccec1625eaac2d4f778c2e6e18 | deprecate_nonmatching_rows |                1 | cd0a461c-dc9a-4540-aef5-17443509a582 |                  0 |                         0 |                           0
 Furnace Whelp        | furnace whelp        | 88963d70765769a171edcbb7214f932b | battle_rule_v1:c368af5ab4fc204a162244d655b62eca | deprecate_nonmatching_rows |                1 | 1a7db7fa-b2a9-4c26-827e-d0e069e23407 |                  0 |                         0 |                           0
 Granite Gargoyle     | granite gargoyle     | 262a866f38ae7531363e12ed68a211da | battle_rule_v1:81dd0103db37c7143ccd4d64771b5b60 | deprecate_nonmatching_rows |                1 | 5f2a7154-ece3-44d1-b37b-fe392e08dbc5 |                  0 |                         0 |                           0
 Hellkite Punisher    | hellkite punisher    | 88963d70765769a171edcbb7214f932b | battle_rule_v1:c368af5ab4fc204a162244d655b62eca | deprecate_nonmatching_rows |                1 | 3221bfaf-c613-4b78-87e6-c8103cbd6557 |                  0 |                         0 |                           0
 Hermitic Nautilus    | hermitic nautilus    | aa598eff470f5d2034c12be58ad20dcb | battle_rule_v1:6fbe57091b18ebd5a193b86f8e4539d9 | deprecate_nonmatching_rows |                1 | 25681346-3f86-4e06-8647-2d5d79870df3 |                  0 |                         0 |                           0
 Inkrise Infiltrator  | inkrise infiltrator  | 90e3b21cc5112a8fccfbd120ef139fce | battle_rule_v1:399fb2aedc543f5cc79e2366784c968d | deprecate_nonmatching_rows |                1 | 4087369f-fe58-4956-b4fd-6bd960eecf99 |                  0 |                         0 |                           0
 Killer Bees          | killer bees          | baee0268f2125cfd9796cf940571b099 | battle_rule_v1:8f35774cf06969e2fe8b2cb2d33be769 | deprecate_nonmatching_rows |                1 | 8b0f7580-e8f9-452d-a700-964a9821cc17 |                  0 |                         0 |                           0
 Lionheart Maverick   | lionheart maverick   | 723516e221dea27a979c1348c115941b | battle_rule_v1:af8c786d4cd03f8efc4128e5833e5afa | deprecate_nonmatching_rows |                1 | dd99aa06-c2c7-4ad6-8880-b3a4efa9beb6 |                  0 |                         0 |                           0
 Loxodon Stalwart     | loxodon stalwart     | 5ee6116f25b58bb9d44791162cdc3adb | battle_rule_v1:cc214962023b3845b59e79dc1a4dc8bb | deprecate_nonmatching_rows |                1 | 8ec5f026-26df-4e78-99a4-1257354df807 |                  0 |                         0 |                           0
 Marble Gargoyle      | marble gargoyle      | 7e4c20f57d3b18218bcd72b05c029b58 | battle_rule_v1:c47a8875ba2037b7b1104e195c024dd6 | deprecate_nonmatching_rows |                1 | 548a25dc-66a8-4a3d-a779-41e644888865 |                  0 |                         0 |                           0
 Masked Blackguard    | masked blackguard    | 62adb961ab2a9807ca0490496f432311 | battle_rule_v1:544e9d05054b1496b945ea6f33380bd8 | deprecate_nonmatching_rows |                1 | c235cc65-4517-4ec4-a6a4-fa6f0a125ab9 |                  0 |                         0 |                           0
 Mesa Falcon          | mesa falcon          | 03512fdb23fc0ca2ea6668b0494c3ba6 | battle_rule_v1:b52fe3a21a3c9c72d8d0500a464e4239 | deprecate_nonmatching_rows |                1 | f4f52567-f183-44c9-8cd6-6cd5dd3d24ed |                  0 |                         0 |                           0
 Metropolis Sprite    | metropolis sprite    | cce5f503942a5b8606e5ac65e49fe8c2 | battle_rule_v1:950b21f71f666f24f07a0fa675d2c305 | deprecate_nonmatching_rows |                1 | 5ed14d9b-3a79-4559-a790-6f091a0be0be |                  0 |                         0 |                           0
 Minotaur Sureshot    | minotaur sureshot    | 45b6aea0e32c7698ddf38008de831e6e | battle_rule_v1:4ab9f74caa9440031d6b9729c8cddae7 | deprecate_nonmatching_rows |                1 | 16956569-ab10-4181-afe8-89f444ff9fa9 |                  0 |                         0 |                           0
 Moonwing Moth        | moonwing moth        | 7e4c20f57d3b18218bcd72b05c029b58 | battle_rule_v1:c47a8875ba2037b7b1104e195c024dd6 | deprecate_nonmatching_rows |                1 | 73e0a64b-8833-4335-b604-58dd6f9a2623 |                  0 |                         0 |                           0
 Nightwing Shade      | nightwing shade      | 3d54ab26d45c6da4469e4edb9e282437 | battle_rule_v1:9d74e870b21fc9560f2adf66ba347650 | deprecate_nonmatching_rows |                1 | 1f629a73-6d1c-4a2a-99ff-28e3359e0278 |                  0 |                         0 |                           0
 Pardic Collaborator  | pardic collaborator  | 1dbe004898427546e2ced92256ef5b98 | battle_rule_v1:68c326d17044aa9876c4aed52e2e1e30 | deprecate_nonmatching_rows |                1 | 6f570811-ed04-4d83-bf13-42f01fcf5b92 |                  0 |                         0 |                           0
 Pearl Dragon         | pearl dragon         | 03512fdb23fc0ca2ea6668b0494c3ba6 | battle_rule_v1:b52fe3a21a3c9c72d8d0500a464e4239 | deprecate_nonmatching_rows |                1 | 045b5e15-b5ef-41e5-af58-9e207478b823 |                  0 |                         0 |                           0
 Pyre Charger         | pyre charger         | 35401abfd74aeb715169bda3c5ecf813 | battle_rule_v1:4d907cccec1625eaac2d4f778c2e6e18 | deprecate_nonmatching_rows |                1 | 5935e0a3-73db-4f6c-a35a-b5d0fbb15400 |                  0 |                         0 |                           0
 Rakdos Trumpeter     | rakdos trumpeter     | ebcf2948d023fe807a7b614baf6dc26b | battle_rule_v1:7d8cdabe8f03a49391e2ac2706a9f8fa | deprecate_nonmatching_rows |                1 | d350e3f5-a243-4dea-965b-d61decb79173 |                  0 |                         0 |                           0
 Ravine Raider        | ravine raider        | 030454b7d2ecb69231b3a664928948bb | battle_rule_v1:3e117c80b5a9c8c16b1cea7f2e54c455 | deprecate_nonmatching_rows |                1 | f6d7f3d7-4ff5-4576-a8ab-dd5ccc19cdf4 |                  0 |                         0 |                           0
 Rune-Cervin Rider    | rune-cervin rider    | 0df5e3c04bfbf3c8ecc35f4020e963bf | battle_rule_v1:535e47b2105f034898ccf6776050de96 | deprecate_nonmatching_rows |                1 | 6cc5de4c-c4a7-4700-b259-cbfb60475855 |                  0 |                         0 |                           0
 Sandstone Warrior    | sandstone warrior    | b2e78dc485ab4e2fea1e12c61412dc0c | battle_rule_v1:66a529c971397c868bd13bce61018e05 | deprecate_nonmatching_rows |                1 | b623aad3-92d5-4d66-b2a6-62c9359699ed |                  0 |                         0 |                           0
 Shivan Dragon        | shivan dragon        | 88963d70765769a171edcbb7214f932b | battle_rule_v1:c368af5ab4fc204a162244d655b62eca | deprecate_nonmatching_rows |                1 | 86fe28de-1592-4dd1-915c-09c447b2f17d |                  0 |                         0 |                           0
 Steam Spitter        | steam spitter        | cc0847da9753612eb56858f782be9337 | battle_rule_v1:1ef7b201da30ac4ca515bd6d3b2ab08a | deprecate_nonmatching_rows |                1 | a6525d7d-5971-4089-8c02-8709b2efcaaa |                  0 |                         0 |                           0
 Sun-Collared Raptor  | sun-collared raptor  | 41853fe70384bc5d11e32407665f744d | battle_rule_v1:454bdff4e011070224a0ba0c322753eb | deprecate_nonmatching_rows |                1 | c46584f2-2bac-4a86-9715-a8fb9a2bd9b6 |                  0 |                         0 |                           0
 Talonrend            | talonrend            | 54aad6b34c225205e371b993edf64245 | battle_rule_v1:7bb3f55d7eb725487695655fb1ca6010 | deprecate_nonmatching_rows |                1 | 1c711ffb-d1f1-431a-b95d-eb32d274b24d |                  0 |                         0 |                           0
 Tattered Apparition  | tattered apparition  | 3d54ab26d45c6da4469e4edb9e282437 | battle_rule_v1:9d74e870b21fc9560f2adf66ba347650 | deprecate_nonmatching_rows |                1 | c6986430-44a5-4725-93af-a146a217644d |                  0 |                         0 |                           0
 Thirsting Shade      | thirsting shade      | 492106d61621384b8b6fc42bdf6ff9eb | battle_rule_v1:bf3deb58d117dc8173a13996793d65f7 | deprecate_nonmatching_rows |                1 | cfca8ef1-4cd6-4be6-84b8-779d6b25e521 |                  0 |                         0 |                           0
 Thunder Wall         | thunder wall         | dfda45fc15c95551a7bf37d9b06ce945 | battle_rule_v1:e22d8580ab6eb1dcc0101ee099b976ce | deprecate_nonmatching_rows |                1 | e0364bc0-884a-4f6f-86dd-6548a0f199ae |                  0 |                         0 |                           0
 Torch Drake          | torch drake          | c04f5eb3ab28fbb7c5d31d9f773ed083 | battle_rule_v1:67ca015731703b979782a4f0b07b06ef | deprecate_nonmatching_rows |                1 | 5f7e7d7f-821e-4850-abc2-96ecc9789a03 |                  0 |                         0 |                           0
 Tower Drake          | tower drake          | 7e4c20f57d3b18218bcd72b05c029b58 | battle_rule_v1:c47a8875ba2037b7b1104e195c024dd6 | deprecate_nonmatching_rows |                1 | d49b1d86-3efd-483d-b700-a63b51556075 |                  0 |                         0 |                           0
 Wall of Faith        | wall of faith        | 6f8e0a2e384b1fc917d8cb4a85101a90 | battle_rule_v1:e604ba35e838001ad2fa41364405aaf2 | deprecate_nonmatching_rows |                1 | a6f13f7d-9d1d-4043-8f38-d16e49adadf1 |                  0 |                         0 |                           0
 Wall of Fire         | wall of fire         | 3a5cd5825274eaa82c4346ec5955a065 | battle_rule_v1:f6434f24517f7bad4e918828affc44e5 | deprecate_nonmatching_rows |                1 | 9d43a138-621a-47c1-80f3-ae8167dab882 |                  0 |                         0 |                           0
 Wall of Lava         | wall of lava         | 21f209600cc4b9758e5197dc35d9e19c | battle_rule_v1:330dda59fd1f61d2a32bd04398f3e54d | deprecate_nonmatching_rows |                1 | ef5bfe62-7f61-4026-bcd2-427ac2744913 |                  0 |                         0 |                           0
 Wall of Opposition   | wall of opposition   | e70c993bddac4f65c4c5f83ad85876bb | battle_rule_v1:8f392660925e515a6b82b6a455685297 | deprecate_nonmatching_rows |                1 | 98ecd6f8-996f-4fa8-990f-6cb8dd285f93 |                  0 |                         0 |                           0
 Wall of Water        | wall of water        | a328ce90276e1581ed87e436f928c572 | battle_rule_v1:a256190bebbc2a81ec82e7ed105625cb | deprecate_nonmatching_rows |                1 | 1789dc39-af5c-4415-8bdc-c29ed9ded46b |                  0 |                         0 |                           0
(58 rows)
