{
  "battle_model_scope": "xmage_fixed_boost_keyword_target_creature_until_eot_draw_card_spell_v1",
  "card": "Guided Strike",
  "effect": "composite_resolution",
  "events": [
    {
      "card": "Guided Strike",
      "cmc": 0,
      "composite_rule_component_count": 2,
      "destination": "graveyard",
      "effect": "composite_resolution",
      "event": "spell_resolved",
      "player": "Active",
      "result": "resolved",
      "rule_alternative_count": 1,
      "rule_confidence": 0.96,
      "rule_execution_status": "auto",
      "rule_logical_key": "battle_rule_v1:88c885e72847e263872123f6ff2fe637",
      "rule_oracle_hash": "b3d4cd02e513dc7ee5a83669a6b8e10e",
      "rule_review_status": "verified",
      "rule_runtime_selection_mode": "single_selected",
      "rule_source": "curated",
      "rule_version": 2,
      "stack_object": "Guided Strike",
      "to_zone": "graveyard",
      "turn": 8,
      "type_line": "Instant",
      "zone_after": "graveyard"
    },
    {
      "available_targets": 1,
      "card": "Guided Strike",
      "destination": null,
      "event": "stat_modifier_until_eot_resolved",
      "granted_keywords_until_eot": [
        "first_strike"
      ],
      "player": "Active",
      "power_delta": 1,
      "result": "stat_modifier_until_eot_applied",
      "rule_confidence": 0.0,
      "rule_execution_status": "auto",
      "rule_review_status": "unknown",
      "rule_source": "unknown",
      "rule_version": null,
      "target": "Active Bear",
      "target_controller": "Active",
      "target_legal": true,
      "target_name": "Active Bear",
      "target_options": [
        {
          "target": "Active Bear",
          "target_cmc": null,
          "target_effect": "creature",
          "target_is_commander": false,
          "target_power": 3,
          "target_score": [
            0,
            1,
            0,
            3,
            2
          ],
          "target_toughness": 2
        }
      ],
      "target_player": "Active",
      "target_power_after": 3,
      "target_power_before": 2,
      "target_score": [
        0,
        1,
        0,
        3,
        2
      ],
      "target_toughness_after": 2,
      "target_toughness_before": 2,
      "target_type": "creature",
      "targeting_pipeline": "targeting_formal_minimal",
      "toughness_delta": 0,
      "turn": 8
    },
    {
      "card": "Guided Strike",
      "component_effect": "stat_modifier_until_eot",
      "component_index": 0,
      "event": "composite_rule_component_resolved",
      "outcome": "stat_modifier_until_eot_applied",
      "player": "Active",
      "rule_confidence": 0.0,
      "rule_execution_status": "auto",
      "rule_review_status": "unknown",
      "rule_source": "unknown",
      "rule_version": null,
      "turn": 8
    },
    {
      "card": "Guided Strike",
      "component_effect": "draw_cards",
      "component_index": 1,
      "event": "composite_rule_component_resolved",
      "outcome": "cards_drawn",
      "player": "Active",
      "rule_confidence": 0.0,
      "rule_execution_status": "auto",
      "rule_review_status": "unknown",
      "rule_source": "unknown",
      "rule_version": null,
      "turn": 8
    },
    {
      "applied": [
        {
          "effect": "stat_modifier_until_eot",
          "power_delta": 1,
          "target": "Active Bear",
          "toughness_delta": 0
        },
        {
          "count": 1,
          "effect": "draw_cards"
        }
      ],
      "card": "Guided Strike",
      "components_applied": 2,
      "components_skipped": 0,
      "composite_rule_component_count": 2,
      "event": "composite_rule_resolved",
      "player": "Active",
      "rule_alternative_count": 1,
      "rule_confidence": 0.96,
      "rule_execution_status": "auto",
      "rule_logical_key": "battle_rule_v1:88c885e72847e263872123f6ff2fe637",
      "rule_oracle_hash": "b3d4cd02e513dc7ee5a83669a6b8e10e",
      "rule_review_status": "verified",
      "rule_runtime_selection_mode": "single_selected",
      "rule_source": "curated",
      "rule_version": 2,
      "skipped": [],
      "turn": 8
    }
  ],
  "execution_status": "auto",
  "graveyard_after": [
    "Guided Strike"
  ],
  "hand_after": [
    "Fresh Card"
  ],
  "logical_rule_key": "battle_rule_v1:88c885e72847e263872123f6ff2fe637",
  "review_status": "verified",
  "rule_source": "curated",
  "target_after": {
    "_until_eot_originals": {
      "first_strike": null,
      "keywords": null,
      "power": 2,
      "toughness": 2
    },
    "first_strike": true,
    "keywords": [
      "first_strike"
    ],
    "name": "Active Bear",
    "power": 3,
    "toughness": 2,
    "type_line": "Creature - Bear"
  }
}
