PASS test_sba_only_reports_new_elimination
PASS test_eliminated_player_battlefield_leaves_game
PASS test_cleanup_runs_with_previously_eliminated_player
PASS test_plus_minus_counters_cancel_as_sba
PASS test_zero_or_negative_toughness_dies_even_if_indestructible
PASS test_noncreature_zero_toughness_permanents_survive_sba
PASS test_illegal_aura_goes_to_graveyard_and_equipment_detaches
PASS test_saga_final_chapter_sacrifices_after_pending_ability_resolves
PASS test_zone_change_records_lki_and_advances_zone_identity
PASS test_noncreature_permanent_zone_change_uses_generic_helper
PASS test_exile_records_face_up_and_face_down_visibility
PASS test_combat_emits_structured_event
PASS test_end_of_combat_triggers_use_stack_and_apnap_order
PASS test_apnap_trigger_order_puts_nonactive_trigger_on_top
PASS test_same_controller_triggers_keep_timestamp_stack_order
PASS test_spell_cast_trigger_resolves_from_stack_before_spell
PASS test_draw_step_runs_once_with_multiple_permanents
PASS test_approach_sets_explicit_win_state
PASS test_turn_stops_immediately_after_approach_win
PASS test_conformance_failed_draw_from_empty_library_loses
PASS test_failed_draw_from_empty_library_loses_even_with_cards_in_hand
PASS test_one_shot_ritual_is_not_spent_without_same_turn_payoff
PASS test_one_shot_ritual_can_be_spent_when_it_unlocks_spell
PASS test_one_shot_ritual_trace_records_unlock_payoff
PASS test_extra_turns_are_taken_before_next_player
PASS test_extra_combat_effect_schedules_and_untaps_creatures
PASS test_extra_combat_is_taken_before_postcombat_main
PASS test_treasure_maker_can_discard_draw_and_create_treasures
PASS test_mulligan_rejects_three_lands_with_only_expensive_spells
PASS test_mulligan_rejects_three_lands_with_single_early_body_and_expensive_cluster
PASS test_mulligan_keeps_two_lands_with_cheap_ramp
PASS test_mulligan_keeps_three_lands_with_card_flow_even_with_expensive_cluster
PASS test_mulligan_rejects_off_color_early_hand_without_fixing
PASS test_mulligan_keeps_off_color_early_hand_when_wildcard_fixing_exists
PASS test_mulligan_treats_fetch_land_as_opening_color_fixing
PASS test_mulligan_rejects_five_lands_with_only_reactive_spell
PASS test_mulligan_rejects_dead_mox_amber_hand_without_live_legend
PASS test_mulligan_bottoms_expensive_cards_before_lands_and_early_play
PASS test_mulligan_bottoms_expensive_card_even_in_land_heavy_hand
PASS test_mulligan_bottoms_off_color_early_spell_after_dead_bomb
PASS test_mulligan_bottoms_excess_land_when_no_dead_spell_exists
PASS test_mana_sources_do_not_refill_after_spending
PASS test_treasures_are_spent_without_refilling_sources
PASS test_colored_mana_requires_the_correct_color
PASS test_treasure_and_flexible_sources_pay_colored_costs
PASS test_basic_lands_refresh_as_colored_sources
PASS test_l1b_nonfetch_lands_refresh_as_flexible_mana_sources
PASS test_l3a_artifact_mana_rocks_refresh_with_oracle_scopes
PASS test_pain_mana_source_shapes_refresh_without_new_runtime_executor
PASS test_runtime_pain_mana_source_costs_are_paid_when_mana_is_spent
PASS test_sunbillow_verge_white_unconditional_red_requires_plains_or_mountain
PASS test_opening_hand_virtual_mana_respects_sunbillow_red_condition
PASS test_spectator_seating_enters_tapped_with_fewer_than_two_opponents
PASS test_spectator_seating_enters_untapped_with_two_opponents_and_only_pays_boros
PASS test_check_land_enters_untapped_only_with_required_land_subtype
PASS test_fastland_enters_tapped_at_three_other_lands
PASS test_slowland_enters_untapped_with_two_other_lands
PASS test_global_creatures_tap_for_any_color_passive_turns_creatures_into_mana_sources
PASS test_enduring_vitality_static_mana_grant_respects_summoning_sickness_on_self
PASS test_training_grounds_reduces_generic_creature_activation_cost_to_floor_one
PASS test_training_grounds_does_not_reduce_artifact_activation_cost
PASS test_hybrid_and_phyrexian_mana_use_legal_payment_options
PASS test_monocolored_hybrid_and_hybrid_phyrexian_mana_use_legal_payment_options
PASS test_restricted_mana_only_pays_matching_spell_categories
PASS test_restricted_mana_combines_with_treasure_for_matching_generic_costs
PASS test_counterspell_consumes_card_mana_and_counters_target
PASS test_counterspell_respects_mana_value_target_restriction
PASS test_cannot_lose_turn_response_not_spent_on_nonlethal_removal
PASS test_cannot_lose_turn_response_cast_for_second_approach
PASS test_empty_stack_priority_requires_main_phase
PASS test_empty_stack_priority_casts_main_phase_creature
PASS test_main_phase_priority_loop_casts_bounded_empty_stack_actions
PASS test_empty_stack_priority_skips_tutor_without_library_target
PASS test_empty_stack_priority_emits_apnap_pass_sequence
PASS test_main_phase_pass_trace_explains_held_interaction
PASS test_main_phase_pass_trace_explains_mana_constrained_hand
PASS test_stack_resolution_emits_apnap_pass_sequence_before_resolve
PASS test_spell_resolved_includes_stack_and_zone_provenance
PASS test_direct_spell_resolution_fills_minimum_resolution_context
PASS test_casting_context_locks_cost_before_payment
PASS test_pearl_medallion_reduces_white_spell_generic_cost_without_mana_source
PASS test_pearl_medallion_does_not_reduce_nonwhite_spell
PASS test_scarlet_witch_reduces_mv4_instant_or_sorcery_by_source_power
PASS test_scarlet_witch_does_not_reduce_mv3_or_non_instant_sorcery_spell
PASS test_casting_context_emits_cost_paid_event
PASS test_casting_context_locks_x_alternative_and_additional_costs
PASS test_casting_context_replay_exposes_modes_targets_and_x_value
PASS test_casting_context_rejects_illegal_timing_without_payment
PASS test_cast_spells_emits_minimal_601_pipeline_fields
PASS test_conformance_stack_resolves_lifo
PASS test_player_does_not_counter_own_spell
PASS test_player_does_not_protect_against_own_wheel_payoff
PASS test_end_step_interaction_does_not_cast_counter_without_stack_target
PASS test_empty_stack_priority_holds_response_only_instants
PASS test_low_life_main_phase_preserves_survival_response_mana
PASS test_combat_response_handles_commander_damage_lethal
PASS test_board_wipe_trace_uses_resolution_result_after_phase_out
PASS test_mid_life_commander_cast_preserves_survival_response_mana
PASS test_critical_life_prioritizes_attack_tax_over_commander
PASS test_stack_resolution_recovers_missing_cast_ledger_event
PASS test_the_one_ring_enters_with_protection_without_etb_draw
PASS test_the_one_ring_burden_activation_draws_and_adds_counter
PASS test_kicked_orims_chant_prevents_lethal_attack_declaration
PASS test_low_life_casts_the_one_ring_before_attack_limit_when_under_pressure
PASS test_continuous_effects_apply_layers_and_sublayers_in_order
PASS test_continuous_effects_apply_type_color_text_and_ability_layers
PASS test_continuous_effect_dependencies_override_timestamp_within_layer
PASS test_planeswalker_loyalty_activation_damage_and_sba
PASS test_teferi_time_raveler_resolves_as_planeswalker_permanent
PASS test_battle_defense_damage_and_sba
PASS test_battle_defeated_casts_back_face
PASS test_dfc_characteristics_and_color_identity_use_all_faces
PASS test_adventure_prototype_and_split_characteristics_by_cast_mode
PASS test_adventure_resolves_to_exile_then_casts_creature_from_exile
PASS test_engine_metrics_collects_core_health_signals
PASS test_engine_metrics_snapshot_writes_sanitized_json
PASS test_engine_metrics_report_aggregates_sanitized_snapshots
PASS test_commander_vehicle_spacecraft_eligibility_and_hybrid_identity
PASS test_warp_exiles_at_end_step_then_recasts_from_exile
PASS test_flashback_cast_from_graveyard_exiles_after_resolution
PASS test_station_activation_unlocks_spacecraft
PASS test_prepare_omen_paradigm_lander_and_ability_word_helpers
PASS test_multi_defender_attack_commander_free_for_all
PASS test_conformance_registry_has_executable_coverage
PASS test_conformance_blocked_attacker_stays_blocked_after_blocker_leaves
PASS test_conformance_apnap_trigger_order_is_lifo_after_stack_placement
PASS test_conformance_prevention_applies_before_damage_life_change
PASS test_conformance_commander_damage_ledger_persists_across_zone_change
PASS test_commander_damage_is_tracked_per_commander_origin
PASS test_commander_destroyed_in_combat_returns_to_command_zone
PASS test_unaffordable_commander_is_held_without_illegal_cast_event
PASS test_affordable_commander_cast_uses_command_zone_source
PASS test_dargo_commander_cast_uses_variable_self_reduction_and_sacrifices_artifacts
PASS test_formal_targeting_rejects_opponent_hexproof_creature
PASS test_formal_targeting_respects_protection_from_source_color
PASS test_formal_targeting_keeps_ward_as_legal_target
PASS test_removal_replay_includes_formal_targeting_metadata
PASS test_multi_target_removal_partially_resolves_legal_targets
PASS test_targeted_removal_declares_target_at_cast_time
PASS test_declared_removal_target_is_revalidated_not_reselected
PASS test_ward_counters_targeted_removal_when_unpaid
PASS test_ward_paid_allows_targeted_removal_to_resolve
PASS test_evaluation_mode_prioritizes_lorehold_for_targeted_removal
PASS test_only_attacked_player_can_block
PASS test_combat_prioritizes_visible_lethal
PASS test_combat_focuses_known_approach_caster
PASS test_evaluation_mode_forces_opponents_to_pressure_lorehold
PASS test_evaluation_mode_tags_lorehold_lethal_pressure_as_lethal
PASS test_table_intent_uses_nemesis_memory_for_attack_targeting
PASS test_table_intent_records_combat_damage_as_future_hostility
PASS test_table_intent_lethal_keeps_attackers_on_chosen_target
PASS test_table_intent_target_reserves_blockers_when_under_pressure
PASS test_table_intent_target_can_attack_with_vigilance_while_reserving_blockers
PASS test_crawlspace_effect_limits_attackers_against_defender
PASS test_ghostly_prison_effect_taxes_attackers_against_defender
PASS test_sphere_of_safety_scales_attack_tax_with_enchantments
PASS test_ensnaring_bridge_limits_attackers_by_controller_hand_size
PASS test_magus_of_the_moat_allows_only_flying_attackers
PASS test_magus_of_the_moat_limits_controller_own_ground_attackers
PASS test_silent_arbiter_limits_total_attackers_globally
PASS test_first_strike_does_not_deal_regular_damage_twice
PASS test_must_attack_zero_power_creature_attacks_if_able
PASS test_cant_attack_alone_creature_does_not_attack_by_itself
PASS test_cant_attack_alone_creature_attacks_with_another_attacker
PASS test_multiple_blockers_can_gang_block
PASS test_trample_assigns_excess_damage_to_defender
PASS test_damage_assignment_order_prioritizes_low_lethal_blocker
PASS test_deathtouch_assigns_one_lethal_damage_per_blocker
PASS test_first_strike_blocker_kills_before_regular_damage
PASS test_indestructible_blocker_survives_lethal_combat_damage
PASS test_teferis_protection_is_held_for_lethal_combat_damage
PASS test_double_strike_trample_deals_excess_in_both_steps
PASS test_card_oracle_cache_enriches_battle_cards
PASS test_learned_opponent_commander_uses_oracle_metadata
PASS test_battle_card_rules_table_overrides_fallbacks
PASS test_load_deck_preserves_semantic_snapshot_identity_fields
PASS test_load_deck_construction_report_accepts_valid_commander_shape
PASS test_load_deck_ignores_zero_quantity_rows
PASS test_load_deck_construction_report_flags_singleton_violations
PASS test_load_deck_construction_report_flags_off_color_cards
PASS test_lands_are_not_instant_or_sorcery_even_with_generated_metadata
PASS test_end_step_window_does_not_cast_lands
PASS test_zuran_orb_is_life_artifact_not_mana_rock
PASS test_vexing_bauble_is_hate_artifact_not_immediate_draw
PASS test_known_land_name_without_oracle_imports_as_land_not_creature
PASS test_unknown_card_without_oracle_does_not_default_to_creature
PASS test_rule_sync_oracle_normalizes_generated_land_rules
PASS test_lorehold_miracle_requires_lorehold_on_battlefield
PASS test_lorehold_miracle_casts_first_draw_only_with_lorehold
PASS test_molecule_man_grants_zero_miracle_to_nonland_first_draw
PASS test_lorehold_miracle_does_not_use_second_draw_of_turn
PASS test_lorehold_miracle_skips_bad_wheel_refill
PASS test_lorehold_miracle_does_not_cast_counter_without_stack_target
PASS test_lorehold_miracle_does_not_cast_redirect_without_stack_target
PASS test_lorehold_upkeep_rummage_emits_pg035_rule_provenance
PASS test_past_in_flames_grants_flashback_with_pg036_rule_provenance
PASS test_flashback_targeted_removal_declares_target_before_resolution
PASS test_path_to_exile_exiles_creature_with_pg037_rule_provenance
PASS test_swords_to_plowshares_exiles_creature_and_gains_power_life_with_pg040_rule_provenance
PASS test_pg095_winds_of_abandon_exiles_opponent_creature_with_rule_provenance
PASS test_pg096_high_noon_is_passive_static_rule_not_creature_removal
PASS test_teferis_protection_phases_all_permanents_locks_life_and_exiles_self_with_pg041_rule_provenance
PASS test_pg205_clever_concealment_phases_controlled_nonland_permanents_only
PASS test_pg192_perch_protection_creates_birds_then_phases_everything_and_exiles_self
PASS test_pg192_sand_scout_tutors_desert_when_behind_and_creates_one_sand_warrior_per_turn
PASS test_reverberate_copies_stack_spell_with_pg038_rule_provenance
PASS test_reiterate_copies_stack_spell_with_pg068_rule_provenance
PASS test_copy_spell_buyback_runtime_returns_to_hand_only_when_paid
PASS test_spree_copy_runtime_requires_selected_mode_additional_cost
PASS test_copy_stack_object_runtime_copies_triggered_ability
PASS test_pg067_reiterate_buyback_returns_to_hand_with_sqlite_rule
PASS test_reiterate_skips_green_suns_copy_without_controller_library_target
PASS test_reiterate_preserves_x_when_copying_green_suns_with_valid_target
PASS test_copy_spell_runtime_choose_new_targets_retargets_declared_removal
PASS test_dualcaster_mage_etb_copies_stack_spell_with_pg068_rule_provenance
PASS test_deflecting_swat_redirects_targeted_removal_for_free_with_commander
PASS test_flawless_maneuver_protects_creatures_for_free_with_commander
PASS test_landfall_does_not_enqueue_without_real_landfall_source
PASS test_landfall_enqueue_with_real_landfall_source
PASS test_reforge_resolution_draws_seven_when_count_missing
PASS test_boros_charm_protects_creatures_until_cleanup
PASS test_boros_charm_grants_indestructible_to_all_permanents_until_cleanup
PASS test_pg204_gods_willing_grants_protection_to_best_creature_until_cleanup
PASS test_boros_charm_double_strike_targets_one_creature_until_cleanup
PASS test_dawns_truce_oracle_normalizes_to_gift_hexproof_indestructible
PASS test_dawns_truce_gifts_card_and_grants_hexproof_indestructible_until_cleanup
PASS test_austere_command_resolves_two_destroy_modes
PASS test_blasphemous_act_deals_13_damage_to_each_creature
PASS test_pg098_call_forth_tempest_uses_dynamic_opponent_creature_damage
PASS test_pg099_avatars_wrath_airbends_all_other_creatures_and_locks_nonhand_casts
PASS test_akromas_will_keywords_are_until_end_of_turn_without_power_boost
PASS test_mox_amber_only_counts_mana_with_live_legend
PASS test_pg243_millikin_counts_as_colorless_mana_source
PASS test_pg243_tablet_of_discovery_counts_as_red_mana_source
PASS test_silence_effect_blocks_counterspell_responses
PASS test_lorehold_miracle_ignores_lands_and_creatures
PASS test_lorehold_miracle_rejects_flash_creatures
PASS test_silence_spell_blocks_responses_until_cleanup_only
PASS test_proactive_silence_requires_payoff_after_paying_silence
PASS test_proactive_silence_casts_before_second_approach
PASS test_forced_focus_access_opening_hand_replaces_non_focus_card
PASS test_forced_focus_access_library_top_preserves_hand_size
PASS test_pg054_silence_lock_family_rule_provenance
PASS test_pg055_artifact_mana_rock_family_rule_provenance
PASS test_pg058_simple_red_ritual_family_rule_provenance
PASS test_pg058_simple_red_ritual_family_runtime_adds_one_shot_mana
PASS test_pg080_deck606_l3_mana_ramp_family_rule_provenance
PASS test_pg080_monologue_tax_creates_treasure_on_opponent_second_spell
PASS test_pg080_mox_opal_requires_metalcraft_for_mana
PASS test_pg080_simian_spirit_guide_exiles_from_hand_for_one_mana
PASS test_pg082_deck6_606_hash_only_rules_resolve_from_sqlite_cache
PASS test_pg094_deck6_606_l2_hash_restore_rules_resolve_from_sqlite_cache
PASS test_samis_curiosity_creates_lander_token_not_tutor
PASS test_audit_promoted_cards_keep_conservative_semantics
PASS test_snapback_return_target_creature_stays_creature_removal
PASS test_functional_tag_gate_cards_resolve_from_curated_pg_rules
PASS test_basking_broodscale_enters_as_creature_not_immediate_token_maker
PASS test_scavenging_ooze_enters_as_creature_not_immediate_removal
PASS test_mox_diamond_discards_land_when_it_unlocks_commander
PASS test_mox_diamond_does_not_spend_last_land_without_payoff
PASS test_mox_diamond_does_not_claim_unaffordable_commander_payoff
PASS test_chrome_mox_imprints_colored_nonartifact_nonland_card
PASS test_chrome_mox_does_not_cast_without_valid_imprint
PASS test_everflowing_chalice_pays_multikicker_before_becoming_mana_source
PASS test_everflowing_chalice_does_not_cast_as_zero_mana_ramp
PASS test_lightning_greaves_grants_haste_and_shroud_without_indestructible
PASS test_static_equipment_applies_boost_and_keywords_to_best_creature
PASS test_artifact_etb_tutors_two_basic_plains_to_hand_and_stays_on_battlefield
PASS test_starfield_shepherd_etb_prefers_basic_plains_when_mana_light_then_one_drop_creature
PASS test_archaeomancers_map_opponent_land_trigger_requires_controller_behind_on_lands
PASS test_archaeomancers_map_opponent_land_trigger_skips_when_controller_not_behind
PASS test_blind_obedience_taps_opponent_artifacts_and_creatures_on_entry
PASS test_land_tax_tutors_three_basic_lands_when_opponent_has_more_lands
PASS test_land_tax_skips_when_no_opponent_controls_more_lands
PASS test_pg232_scholar_of_new_horizons_enters_with_counter_and_upgrades_plains_to_battlefield_when_behind
PASS test_pg232_scholar_of_new_horizons_puts_plains_into_hand_when_not_behind
PASS test_pg238_knight_of_the_white_orchid_etb_tutors_plains_to_battlefield_when_behind
PASS test_pg238_loyal_warhound_etb_respects_basic_plains_filter
PASS test_instant_copy_spell_does_not_become_permanent_engine_without_stack_target
PASS test_pyromancer_ascension_counts_before_copying_spell
PASS test_unexpected_windfall_discards_draws_two_creates_two_treasures_with_pg069_rule_provenance
PASS test_pg070_faithless_looting_draws_two_discards_two_with_rule_provenance
PASS test_pg070_gamble_tutors_then_randomly_discards_with_rule_provenance
PASS test_pg071_lotus_petal_is_one_shot_fast_mana_with_rule_provenance
PASS test_pg071_ruby_medallion_is_static_cost_reducer_not_mana_source
PASS test_pg072_pyroblast_counters_only_blue_stack_spell_with_rule_provenance
PASS test_pg086_counter_target_filter_respects_uncounterable_static_shield
PASS test_pg086_removal_targets_filter_nontoken_and_mana_value_max
PASS test_pg072_get_lost_removes_allowed_permanent_and_creates_map_tokens
PASS test_pg076_chaos_warp_shuffles_target_into_library_and_reveals_top_permanent
PASS test_pg077_jeskas_will_uses_opponent_hand_and_impulse_exiles_top_three
PASS test_pg077_mizzixs_mastery_exiles_graveyard_spell_and_resolves_copy
PASS test_pg106_mizzixs_mastery_copy_declares_target_before_removal_resolution
PASS test_runtime_alias_force_of_vigor_destroys_artifacts_or_enchantments_only
PASS test_exact_erode_scope_can_target_planeswalker_and_preserves_basic_land_annotation
PASS test_exact_land_removal_scope_can_target_land
PASS test_star_of_extinction_exact_scope_destroys_target_land_then_damages_creatures_and_planeswalkers
PASS test_runtime_alias_calamity_of_cinders_damages_only_untapped_creatures
PASS test_pg073_esper_sentinel_draws_on_first_noncreature_spell_with_power_tax
PASS test_pg073_wheel_of_misfortune_uses_secret_number_compact_runtime
PASS test_pg076_support_passive_annotations_and_ranger_small_creature_tutor
PASS test_smothering_tithe_draw_step_creates_treasure_with_rule_provenance
PASS test_pg143_tataru_taru_etb_and_off_turn_draw_trigger_create_single_tapped_treasure
PASS test_consecrated_sphinx_opponent_draw_trigger_draws_two_with_rule_provenance
PASS test_underworld_dreams_and_fate_unraveler_punish_each_opponent_drawn_card
PASS test_geths_grimoire_and_megrim_trigger_on_opponent_discard_with_rule_provenance
PASS test_feast_of_sanity_triggers_on_controller_discard_and_gains_life
PASS test_cool_but_rude_attack_rummage_level_two_damages_each_opponent
PASS test_cool_but_rude_level_three_tutors_then_randomly_discards
PASS test_lightning_helix_damage_spell_gains_life_with_rule_provenance
PASS test_caldera_pyremaw_instant_sorcery_trigger_adds_counter_then_deals_power_damage
PASS test_reckless_endeavor_damage_wipe_creates_treasures
PASS test_reverse_the_sands_swaps_with_highest_life_opponent
PASS test_birgi_adds_red_mana_when_controller_casts_spell
PASS test_lotho_second_spell_trigger_creates_treasure_and_loses_life
PASS test_pg144_knuckles_combat_damage_trigger_creates_treasure_each_damage_step
PASS test_prized_statue_enters_and_dies_create_treasures
PASS test_impulsive_pilferer_dies_create_treasure
PASS test_electroduplicate_creates_hasty_copy_and_sacrifices_at_end_step
PASS test_heat_shimmer_copies_any_creature_and_exiles_token_at_end_step
PASS test_twinflame_copies_own_creature_only_and_exiles_token_at_end_step
PASS test_molten_duplication_copies_own_artifact_as_artifact_and_sacrifices_token
PASS test_flash_photography_copies_target_permanent_without_temporary_cleanup
PASS test_adagia_station_copy_creates_legendary_artifact_or_enchantment_token
PASS test_clone_legion_copies_each_creature_controlled_by_target_player
PASS test_clone_legion_tokens_without_haste_cannot_attack_same_turn
PASS test_phyrexian_metamorph_enters_as_copy_of_best_creature_and_keeps_artifact_type
PASS test_copy_enchantment_without_target_enters_as_self
PASS test_mockingbird_copies_only_creature_within_source_mana_value_and_keeps_bird_flying
PASS test_imposter_mech_copies_only_opponent_creature_and_overwrites_vehicle_type_line
PASS test_phantasmal_image_adds_illusion_subtype_and_targeted_sacrifice_marker
PASS test_astral_dragon_etb_creates_two_dragon_copies_of_noncreature_permanent
PASS test_valakut_awakening_filters_hand_and_draws_plus_one
PASS test_valakut_awakening_preserves_approach_as_win_condition
PASS test_valakut_awakening_split_name_emits_pg042_rule_provenance
PASS test_mulligan_trace_scores_keep_vs_mulligan_for_heavy_dead_hand
PASS test_special_lands_are_modelled_as_lands_not_spell_heuristics
PASS test_war_room_activates_when_hand_is_low_and_life_is_safe
PASS test_war_room_skips_when_life_is_too_low
PASS test_sunbaked_canyon_turns_expendable_land_into_card
PASS test_sunbaked_canyon_requires_extra_mana_beyond_its_own_tap_proxy
PASS test_sunbaked_canyon_skips_when_it_would_cut_too_deep_on_lands
PASS test_treasure_vault_cashes_in_expendable_land_for_x_treasures
PASS test_treasure_vault_skips_when_land_base_is_too_shallow
PASS test_inventors_fair_gains_life_on_upkeep_with_three_artifacts
PASS test_inventors_fair_tutors_artifact_when_threshold_and_mana_exist
PASS test_inventors_fair_skips_without_artifact_threshold
PASS test_hall_of_heliods_generosity_recovers_best_enchantment_to_top
PASS test_hall_of_heliods_generosity_skips_without_white_mana
PASS test_ancient_tomb_pays_life_only_when_it_unlocks_contextual_play
PASS test_ancient_tomb_skips_when_no_relevant_unlock_exists
PASS test_ancient_tomb_skips_when_life_is_too_low
PASS test_chromatic_star_precombat_unlocks_off_color_spell
PASS test_chromatic_star_postcombat_cash_in_when_hand_is_low
PASS test_urzas_saga_enters_with_initial_chapter_state
PASS test_urzas_saga_creates_construct_on_chapter_two
PASS test_urzas_saga_tutors_safe_artifact_then_sacrifices
PASS test_urzas_saga_prefers_topdeck_engine_for_lorehold_plan
PASS test_blood_sun_draws_on_etb_and_enters_as_passive_enchantment
PASS test_blood_sun_suppresses_war_room_activation_across_table
PASS test_blood_sun_suppresses_urzas_saga_upkeep_progression
PASS test_authority_of_the_consuls_taps_opponent_creatures_and_gains_life
PASS test_authority_of_the_consuls_taps_opponent_tokens_and_gains_life
PASS test_magus_of_the_wheel_activates_from_battlefield_and_refills_each_player
PASS test_land_tutor_artifact_trace_scores_rejected_options
PASS test_fetch_land_activation_filters_targets_by_subtype_and_pays_life
PASS test_fetch_land_skips_when_life_payment_would_be_lethal
PASS test_angels_grace_prevents_lethal_damage_and_life_zero_loss_this_turn
PASS test_angels_grace_blocks_opponent_approach_win_this_turn
PASS test_senseis_top_sets_up_lorehold_approach_second_cast
PASS test_scroll_rack_sets_up_lorehold_approach_second_cast_on_opponent_upkeep
PASS test_brainstone_first_draw_approach_wins_before_rummage_resolution
PASS test_lorehold_upkeep_rummage_preserves_approach_without_top_replacement
PASS test_lorehold_upkeep_rummage_discards_squee_to_graveyard_for_recursion
PASS test_low_life_casts_approach_before_proactive_attack_tax
PASS test_grand_abolisher_casts_as_setup_for_future_approach
PASS test_orims_chant_held_without_castable_second_approach_payoff
PASS test_cleanup_discard_preserves_attack_tax_over_excess_cards
PASS test_enlightened_tutor_puts_artifact_or_enchantment_on_library_top
PASS test_idyllic_tutor_finds_enchantment_to_hand_only
PASS test_goblin_engineer_etb_tutors_artifact_to_graveyard
PASS test_imperial_recruiter_etb_tutors_power_two_creature_to_hand
PASS test_recruiter_of_the_guard_etb_tutors_toughness_two_creature_to_hand
PASS test_natural_order_sacrifices_green_creature_for_green_battlefield_tutor
PASS test_natural_order_does_not_cast_without_green_creature_to_sacrifice
PASS test_summoning_sick_mana_creature_does_not_add_mana_when_cast
PASS test_bloom_tender_refresh_counts_distinct_colors_among_controlled_permanents
PASS test_circle_of_dreams_druid_refresh_counts_controlled_creatures
PASS test_springleaf_drum_requires_untapped_creature_support_for_mana_refresh
PASS test_monolith_refresh_adds_three_colorless_when_untapped
PASS test_monolith_does_not_untap_during_untap_step
PASS test_candelabra_of_tawnos_reuses_ancient_tomb_for_contextual_unlock
PASS test_earthcraft_taps_summoning_sick_creature_to_reuse_basic_land
PASS test_magus_of_the_candelabra_skips_when_summoning_sick
PASS test_oboro_breezecaller_returns_land_to_hand_for_contextual_unlock
PASS test_runtime_cast_plan_chooses_highest_affordable_x_for_battlefield_tutor
PASS test_runtime_cast_plan_supports_self_graveyard_count_cost_reduction_creature
PASS test_chord_of_calling_x_scope_tutors_only_within_x_limit
PASS test_green_suns_zenith_x_scope_shuffles_self_after_tutor
PASS test_whir_of_invention_x_scope_tutors_artifact_within_x_limit
PASS test_rhystic_study_exact_scope_draws_on_opponent_spell
PASS test_mystic_remora_exact_scope_ignores_creatures_and_draws_on_noncreatures
PASS test_dismember_applies_stat_modifier_and_kills_indestructible_zero_toughness
PASS test_ashnods_altar_sacrifices_token_only_for_contextual_mana_unlock
PASS test_goblin_bombardment_sacrifices_expendable_token_for_damage
PASS test_goblin_bombardment_review_only_snapshot_does_not_remove_on_cast
PASS test_goblin_bombardment_skips_without_expendable_creature
PASS test_iron_man_attack_trigger_sacrifices_treasure_for_artifact_tutor
PASS test_flame_wave_oracle_and_runtime_damage_target_player_creatures
PASS test_aetherflux_reservoir_gains_life_on_future_spell_casts_not_resolution_damage
PASS test_brain_freeze_mills_library_instead_of_dealing_life_damage
PASS test_thassas_oracle_wins_only_when_library_is_within_blue_devotion
PASS test_dragons_approach_deals_fixed_damage_and_tutors_dragon_from_graveyard_cost
PASS test_thrumming_stone_ripples_dragons_approach_without_bonus_damage
PASS test_pg079_powerbalance_casts_same_mana_value_top_card_without_paying
PASS test_pg102_creative_technique_demonstrates_top_nonland_free_casts
PASS test_pg191_invoke_calamity_casts_two_hand_or_graveyard_spells_and_exiles_them
PASS test_pg191_invoke_calamity_respects_total_mana_value_six_and_two_spell_limit
PASS test_pg206_boltwave_damages_each_opponent
PASS test_pg213_soul_immolation_pays_blight_x_and_damages_opponents_and_their_creatures
PASS test_pg214_waste_not_opponent_discard_card_type_triggers_create_mana_and_draw
PASS test_pg214_bone_miser_controller_discard_card_type_triggers_create_mana_and_draw
PASS test_pg270_currency_converter_exiles_discarded_card_and_converts_exiled_cards
PASS test_pg280_kaylas_music_box_exiles_top_card_and_casts_owned_exiled_card
PASS test_pg273_codex_shredder_returns_graveyard_card_or_mills_target_player
PASS test_pg277_ghoulcallers_bell_mills_each_player
PASS test_pg278_lantern_of_insight_reveals_top_cards_and_shuffles_target_player
PASS test_pg279_possibility_storm_replaces_hand_spell_with_shared_type_free_cast
PASS test_pg274_perpetual_timepiece_self_mills_or_exiles_to_shuffle_graveyard
PASS test_pg275_chaos_wand_exiles_opponent_library_until_free_cast_hit
PASS test_pg276_assemble_the_players_casts_small_top_creature_once_with_paid_cost
PASS test_pg215_green_goblin_discard_nonland_counter_and_land_treasure
PASS test_pg215_aclazotz_opponent_discard_land_creates_flying_bat
PASS test_pg216_black_market_connections_precombat_modal_resources
PASS test_pg216_smugglers_share_each_end_step_draws_and_creates_treasure
PASS test_pg216_davros_end_step_creates_dalek_and_villainous_discard
PASS test_pg229_palantir_end_step_target_opponent_allows_draw_when_projected_loss_is_high
PASS test_pg229_palantir_end_step_decline_draw_mills_and_deals_total_mana_value_damage
PASS test_pg217_fable_saga_creates_rummages_transforms_and_reflection_copies
PASS test_pg217_locust_god_draw_trigger_creates_flying_haste_insects
PASS test_pg217_biotransference_creature_spell_counts_as_artifact_and_creates_necron
PASS test_pg211_blaze_commando_creates_soldiers_when_spell_deals_damage
PASS test_pg207_another_creature_enter_damage_each_opponent_excludes_source_entering
PASS test_pg207_impact_tremors_damages_each_opponent_when_token_enters
PASS test_pg208_armageddon_destroys_all_lands_only
PASS test_everything_comes_to_dust_oracle_normalizes_to_convoke_exile_wipe
PASS test_everything_comes_to_dust_exiles_artifacts_enchantments_and_nonshared_creatures
PASS test_fated_clash_oracle_normalizes_to_protect_then_destroy_wipe
PASS test_fated_clash_protects_best_own_and_weakest_opponent_creature_then_wipes
PASS test_promise_of_loyalty_oracle_normalizes_to_vow_sacrifice_wipe
PASS test_promise_of_loyalty_vows_one_creature_each_player_and_blocks_attack_back
PASS test_starfall_invocation_oracle_normalizes_to_gift_destroy_return_wipe
PASS test_starfall_invocation_destroys_all_creatures_gifts_and_returns_best_own
PASS test_monument_to_endurance_oracle_normalizes_to_discard_modal_trigger
PASS test_monument_to_endurance_uses_each_discard_mode_once_per_turn
PASS test_pg115_monument_to_endurance_rule_resolves_from_sqlite_cache
PASS test_the_mind_stone_oracle_normalizes_to_harnessed_blink_mana_rock
PASS test_the_mind_stone_harnesses_and_blinks_best_target_at_end_step
PASS test_pg117_the_mind_stone_rule_resolves_from_sqlite_cache
PASS test_surge_to_victory_oracle_normalizes_to_combat_copy_team_pump
PASS test_surge_to_victory_exiles_best_graveyard_spell_and_copies_it_on_combat_damage
PASS test_pg118_surge_to_victory_rule_resolves_from_sqlite_cache
PASS test_tragic_arrogance_oracle_normalizes_to_selective_nonland_sacrifice
PASS test_tragic_arrogance_keeps_best_per_type_and_sacrifices_other_nonlands
PASS test_pg079_flare_of_duplication_keeps_copy_spell_as_stack_targeted_instant
PASS test_pg079_reforge_the_soul_discards_then_draws_seven_with_scope
PASS test_pg079_rise_of_the_eldrazi_resolves_composite_destroy_draw_extra_turn_exile
PASS test_pg079_deck606_high_rules_resolve_from_sqlite_cache
PASS test_pg079_storm_herd_creates_life_total_flying_pegasus_tokens
PASS test_pg079_rite_of_the_dragoncaller_creates_flying_dragon_on_instant_sorcery_cast
PASS test_double_vision_copies_only_first_instant_or_sorcery_each_turn
PASS test_swarm_intelligence_copies_second_instant_or_sorcery_spell_too
PASS test_profound_journey_rebounds_and_returns_permanents_to_battlefield
PASS test_pg202_redress_fate_returns_all_artifact_enchantment_cards
PASS test_pg202_redress_fate_rule_resolves_from_sqlite_cache
PASS test_pg203_brilliant_restoration_returns_all_artifact_enchantment_cards
PASS test_pg203_wake_the_past_returns_artifacts_and_grants_haste_until_eot
PASS test_pg222_open_the_vaults_returns_artifact_enchantment_cards_from_each_graveyard
PASS test_pg222_roar_of_reclamation_returns_artifact_cards_from_each_graveyard
PASS test_pg222_triumphant_reckoning_returns_artifact_enchantment_planeswalker_cards
PASS test_pg203_recursion_rules_resolve_from_sqlite_cache
PASS test_pg193_sun_titan_returns_mv_three_or_less_permanent_on_etb_and_attack
PASS test_pg196_squee_returns_from_graveyard_to_hand_on_upkeep
PASS test_pg230_galvanoth_upkeep_casts_top_instant_without_paying_mana
PASS test_pg231_velomachus_attack_casts_best_eligible_top_seven_spell_without_paying_mana
PASS test_pg197_goldspan_attack_and_spell_target_create_double_mana_treasures
PASS test_pg198_surly_badgersaur_discard_card_type_triggers_counter_treasure_and_fight
PASS test_pg199_taii_wakeen_modifies_noncombat_damage_and_draws_on_exact_toughness
PASS test_direct_damage_combat_restriction_only_hits_attacking_or_blocking_creatures
PASS test_primal_amulet_reduces_instant_cost_and_transforms_after_four_spells
PASS test_primal_wellspring_copies_spell_when_its_mana_is_spent
PASS test_pyromancers_goggles_copies_red_instant_when_its_mana_is_spent
PASS test_pyromancers_goggles_skips_nonred_spell_even_when_untapped
PASS test_pg200_trouble_in_pairs_draws_on_opponent_second_card_each_turn
PASS test_pg200_trouble_in_pairs_draws_on_opponent_second_spell_without_tax
PASS test_pg200_trouble_in_pairs_draws_when_attacked_by_two_or_more_creatures
PASS test_pg200_trouble_in_pairs_skips_opponent_extra_turn
PASS test_pg201_deflecting_palm_prevents_chosen_source_and_reflects_damage
PASS test_pg201_deflecting_palm_combat_window_chooses_largest_lethal_source
PASS test_pg194_glint_horn_buccaneer_pays_attack_loot_and_damages_each_opponent
PASS test_pg242_magmakin_artillerist_discard_count_hits_each_opponent
PASS test_pg195_young_pyromancer_creates_elemental_on_instant_sorcery_cast
PASS test_pg209_monastery_mentor_creates_monk_on_noncreature_spell_only
PASS test_pg239_coruscation_mage_damages_each_opponent_only_on_noncreature_spell_cast
PASS test_pg210_utvara_hellkite_creates_dragon_token_when_dragons_attack
PASS test_ward_cost_text_normalizes_for_runtime_replay
PASS test_pg079_witch_enchanter_etb_destroys_opponent_artifact_or_enchantment
PASS test_pg081_artists_talent_rummages_on_own_noncreature_spell_cast
PASS test_pg081_pinnacle_monk_enters_and_returns_instant_or_sorcery_to_hand
PASS test_pinnacle_monk_mystic_peak_land_face_enters_as_red_land
PASS test_pinnacle_monk_mystic_peak_land_face_enters_tapped_when_life_cannot_be_paid
PASS test_glittering_massif_cycles_after_land_drop_is_used
PASS test_glittering_massif_preserves_needed_land_drop_in_opening_hand
PASS test_pg226_bedlam_reveler_etb_discards_hand_and_draws_three
PASS test_pg150_insidious_roots_creature_recursion_creates_buffed_plant_and_unlocks_token_mana
PASS test_pg150_insidious_roots_ignores_noncreature_flashback_from_graveyard
PASS test_pg152_bartolome_normalizes_to_exact_scope
PASS test_pg152_bartolome_sacrifices_treasure_and_grows_precombat
PASS test_pg151_magda_tapped_dwarf_creates_treasure
PASS test_pg151_magda_sacrifices_five_treasures_to_tutor_valid_target
PASS test_pg081_redirect_lightning_redirects_single_target_stack_object
PASS test_pg240_bolt_bend_ferocious_cost_reduction_requires_power_four_creature
PASS test_pg240_bolt_bend_redirects_with_only_single_red_under_ferocious
PASS test_modal_runtime_target_change_modes_redirect_single_target_stack_object
PASS test_pg241_penance_activates_in_combat_window_and_prevents_matching_damage
PASS test_pg241_penance_skips_non_black_red_source
PASS test_removal_exile_stack_target_exiles_spell_instead_of_countering_to_graveyard
PASS test_pg488_counter_target_filters_color_mana_value_and_alternative_spell_types
PASS test_pg489_destroy_target_extended_static_target_filters_runtime
PASS test_pg490_creature_etb_bounce_returns_opponent_creature_to_hand
PASS test_pg491_self_etb_bounce_respects_controller_and_exclude_source
PASS test_pg492_etb_bounce_respects_subtype_and_historic_constraints
PASS test_pg086_angels_grace_rule_resolves_from_sqlite_cache
PASS test_pg087_deck606_remaining_semantic_rules_resolve_from_sqlite_cache
PASS test_pg087_hexing_squelcher_static_counter_shield_uses_sqlite_rule
PASS test_pg087_skyclave_apparition_exiles_only_nontoken_mv_lte_four_with_rule_provenance
PASS test_pg089_removal_compensation_creature_tokens_are_created_for_target_controller
PASS test_pg089_l6_removal_compensation_rules_resolve_from_sqlite_cache
PASS test_pg091_token_maker_family_runtime_support
PASS test_pgc060_furygale_tokens_attack_assigned_opponents_if_able
PASS test_pgc060_tempt_with_bunnies_opponent_choices_execute
PASS test_patrol_signaler_postcombat_activation_creates_token_and_untaps
PASS test_patrol_signaler_skips_when_not_tapped_for_untap_activation
PASS test_eldrazi_confluence_creates_three_scions_when_no_other_modes_are_live
PASS test_eldrazi_confluence_uses_pump_then_blink_then_scion_when_context_exists
PASS test_pg091_deck607_token_maker_rules_resolve_from_sqlite_cache
PASS test_pg114_emerias_call_creates_angels_and_protects_non_angels_until_next_turn
PASS test_pg114_emerias_call_rule_resolves_from_sqlite_cache
PASS test_pg092_deck608_modal_interaction_rules_resolve_from_sqlite_cache
PASS test_pg092_untimely_malfunction_removes_artifact_only_with_rule_provenance
PASS test_pg092_return_the_favor_requires_stack_spell_target_with_rule_provenance
PASS test_pg065_modal_target_change_runtime_rules_redirect_stack_target
PASS test_modal_cant_block_runtime_modes_affect_declare_blockers_until_eot
PASS test_pg066_cant_block_runtime_rules_resolve_from_sqlite_cache
PASS test_pg066_untimely_malfunction_cant_block_mode_uses_sqlite_rule
PASS test_pg066_sundering_eruption_nonfliers_cant_block_uses_sqlite_rule
PASS test_exact_erode_scope_can_target_planeswalker_and_preserves_basic_land_annotation
PASS test_pg093_insurrection_uses_compact_steal_attack_runtime
PASS test_pg093_insurrection_rule_resolves_from_sqlite_cache
PASS test_life_cant_change_prevents_damage_and_life_gain
PASS test_replacement_registry_prevents_damage_before_life_mutation
PASS test_replacement_registry_moves_commander_to_command_zone
PASS test_replacement_registry_uses_deterministic_priority_order
PASS test_commander_zone_replacement_covers_exile_hand_and_library
PASS test_damage_prevention_shield_partially_reduces_damage
PASS test_damage_prevention_shield_fully_prevents_damage_and_clears_at_eot
PASS test_summoning_sick_creature_cannot_attack_until_next_turn
PASS test_creature_loses_summoning_sickness_at_start_of_controller_turn_and_taps_to_attack
PASS test_haste_creature_can_attack_while_summoning_sick_and_taps
PASS test_vigilance_creature_attacks_without_tapping
PASS test_engine_creature_enters_with_summoning_sickness
PASS test_contextual_haste_text_does_not_grant_self_haste
PASS test_token_maker_tokens_are_sick_unless_rule_grants_haste
PASS test_springheart_landfall_creates_sick_insect_token
PASS test_creature_mana_source_has_summoning_sickness_then_refreshes_mana
PASS test_elvish_reclaimer_cannot_activate_while_summoning_sick
PASS test_elvish_reclaimer_activates_after_sickness_clears
PASS test_elvish_reclaimer_does_not_sacrifice_unique_color_for_tapped_basic
PASS test_elvish_reclaimer_prefers_redundant_tapped_land_for_high_value_target
PASS test_permanent_activated_removal_text_does_not_become_free_removal
PASS test_token_destroyed_by_board_wipe_does_not_remain_in_graveyard
PASS test_token_sba_removes_tokens_from_non_battlefield_zones
PASS test_artifact_removal_does_not_destroy_creature_target_by_mistake
PASS test_exile_removal_moves_commander_to_command_zone_and_off_battlefield
PASS test_zone_move_uses_real_battlefield_object_for_declared_target_copy
PASS test_declared_removal_resolves_snapshot_target_to_live_permanent
PASS test_apply_effect_declared_target_survives_effect_data_deepcopy
PASS test_land_ramp_puts_library_land_tapped_and_spell_goes_to_graveyard
PASS test_crop_rotation_can_find_untapped_high_value_land_with_context
PASS test_crop_rotation_blocks_last_land_for_fetch_without_clear_payoff
PASS test_land_recursion_returns_graveyard_lands_tapped
PASS test_passive_permanent_does_not_draw_or_make_mana_on_resolution
PASS test_tutor_to_graveyard_moves_library_card_without_drawing
PASS test_mystical_tutor_finds_instant_or_sorcery_only
PASS test_tutor_trace_uses_contextual_target_scoring
PASS test_board_wipe_trace_records_asymmetry_context
PASS test_wheel_trace_uses_multiplayer_discard_draw_model
PASS test_draw_seven_non_wheel_override_draws_only_controller
PASS test_wheel_uses_library_of_leng_replacement_for_effect_discard
PASS test_effect_discard_replacement_prefers_keepable_spells_over_graveyard
PASS test_wheel_cast_guard_blocks_opponent_refill_without_payoff
PASS test_reforge_defaults_wheel_draw_count_to_seven
PASS test_reanimation_recursion_returns_creature_to_battlefield
PASS test_classify_loss_covers_poison_effect_and_concede_tags
PASS test_token_maker_counts_dict_lands_for_land_based_tokens
PASS test_lumra_returns_milled_and_graveyard_lands_tapped
PASS test_protected_player_prevents_combat_damage_without_audit_finding
PASS test_auditor_flags_noncreature_land_attacker
PASS test_zero_power_creature_without_attack_trigger_does_not_attack
PASS test_emit_decision_trace_includes_chosen_option_and_scores
PASS test_emit_decision_trace_derives_rejected_scores_from_available_options
PASS test_decision_trace_auditor_flags_missing_score_and_duplicate_id
PASS test_decision_trace_auditor_flags_chosen_outside_options
PASS test_decision_trace_auditor_flags_missing_comparative_fields_for_multi_option_choice
PASS test_approach_topdeck_setup_trace_uses_current_brainstone_runtime_scope
PASS test_promoted_hotfixes_resolve_from_sqlite_without_manual_override
PASS test_pg078_deck606_l2_hash_scope_rules_resolve_from_sqlite
PASS test_attack_restriction_details_include_limit_sources
PASS test_attack_restriction_details_include_vow_sources
