## git status --short --branch
## master...origin/master
 M app/integration_test/deck_runtime_m2006_test.dart

## flutter devices --no-version-check
Found 4 connected devices:
  iPhone (mobile)    • 00008130-001C152922BA001C            • ios            • iOS 26.5 23F77
  iPhone 15 (mobile) • F0B1713F-4B8A-4DB9-825E-C8A4B17A03DF • ios            • com.apple.CoreSimulator.SimRuntime.iOS-17-4 (simulator)
  macOS (desktop)    • macos                                • darwin-arm64   • macOS 26.2 25C56 darwin-arm64
  Chrome (web)       • chrome                               • web-javascript • Google Chrome 148.0.7778.168

Checking for wireless devices...

No wireless devices were found.

Error: Browsing on the local area network for iPad de Eduardo. Ensure the device is unlocked and attached with a cable or associated with the same local area network as this Mac.
The device must be opted into Developer Mode to connect wirelessly. (code -27)

Error: Browsing on the local area network for iPhone de NEY ANTONIO. Ensure the device is unlocked and attached with a cable or associated with the same local area network as this Mac.
The device must be opted into Developer Mode to connect wirelessly. (code -27)

Error: Browsing on the local area network for Rafael’s Apple Watch. Ensure the device is unlocked and discoverable via Bluetooth. (code -27)

Error: Browsing on the local area network for iPhone de Milton. Ensure the device is unlocked and attached with a cable or associated with the same local area network as this Mac.
The device must be opted into Developer Mode to connect wirelessly. (code -27)

Run "flutter emulators" to list and start any available device emulators.

If you expected another device to be detected, please run "flutter doctor" to diagnose potential issues. You may also try increasing the time to wait for connected devices with the "--device-timeout" flag. Visit https://flutter.dev/setup/ for troubleshooting tips.

## xcrun simctl list devices available | grep -E "iPhone 15|Booted"
    iPhone 15 Pro (F3C5B123-673F-4ACC-84B2-489957CB81C8) (Shutdown)
    iPhone 15 Pro Max (DABB9D79-2FDB-4585-94DB-E31F1288EE74) (Shutdown)
    iPhone 15 (F0B1713F-4B8A-4DB9-825E-C8A4B17A03DF) (Booted)
    iPhone 15 Plus (6A3E5508-0190-48AC-B6D1-E4BA8A94FFD9) (Shutdown)

## public /health
{"status":"healthy","service":"mtgia-server","timestamp":"2026-05-15T19:50:59.361484","environment":"production","version":"1.0.0","git_sha":"dc53d092ee9f1955a52d2e0fd45d22298ca91540","checks":{"process":{"status":"healthy"}}}
