00:00 +0: loading /Users/desenvolvimentomobile/Documents/rafa/mtg/mtgia/app/integration_test/deck_runtime_m2006_test.dart
The following target(s) do not support arm64 architecture, which is a requirement for Apple Silicon iOS 26+ simulators:
  - camera_avfoundation (Flutter plugin)
  - camera_avfoundation-camera_avfoundation_privacy
  - Firebase (transitive dependency of Flutter plugin firebase_messaging)
  - firebase_core (Flutter plugin)
  - firebase_messaging (Flutter plugin)
  - firebase_messaging-firebase_messaging_Privacy
  - firebase_performance (Flutter plugin)
  - FirebaseABTesting (transitive dependency of Flutter plugin firebase_performance)
  - FirebaseABTesting-FirebaseABTesting_Privacy (transitive dependency of Flutter plugin firebase_performance)
  - FirebaseCore (transitive dependency of Flutter plugin firebase_messaging)
  - FirebaseCore-FirebaseCore_Privacy (transitive dependency of Flutter plugin firebase_messaging)
  - FirebaseCoreExtension (transitive dependency of Flutter plugin firebase_performance)
  - FirebaseCoreExtension-FirebaseCoreExtension_Privacy (transitive dependency of Flutter plugin firebase_performance)
  - FirebaseCoreInternal (transitive dependency of Flutter plugin firebase_messaging)
  - FirebaseCoreInternal-FirebaseCoreInternal_Privacy (transitive dependency of Flutter plugin firebase_messaging)
  - FirebaseInstallations (transitive dependency of Flutter plugin firebase_messaging)
  - FirebaseInstallations-FirebaseInstallations_Privacy (transitive dependency of Flutter plugin firebase_messaging)
  - FirebaseMessaging (transitive dependency of Flutter plugin firebase_messaging)
  - FirebaseMessaging-FirebaseMessaging_Privacy (transitive dependency of Flutter plugin firebase_messaging)
  - FirebasePerformance (transitive dependency of Flutter plugin firebase_performance)
  - FirebaseRemoteConfig (transitive dependency of Flutter plugin firebase_performance)
  - FirebaseRemoteConfig-FirebaseRemoteConfig_Privacy (transitive dependency of Flutter plugin firebase_performance)
  - FirebaseRemoteConfigInterop (transitive dependency of Flutter plugin firebase_performance)
  - FirebaseSessions (transitive dependency of Flutter plugin firebase_performance)
  - FirebaseSharedSwift (transitive dependency of Flutter plugin firebase_performance)
  - Flutter (transitive dependency of Flutter plugin camera_avfoundation)
  - google_mlkit_commons (Flutter plugin)
  - google_mlkit_text_recognition (Flutter plugin)
  - GoogleDataTransport (transitive dependency of Flutter plugin firebase_messaging)
  - GoogleDataTransport-GoogleDataTransport_Privacy (transitive dependency of Flutter plugin firebase_messaging)
  - GoogleMLKit (transitive dependency of Flutter plugin google_mlkit_text_recognition)
  - GoogleToolboxForMac (transitive dependency of Flutter plugin google_mlkit_text_recognition)
  - GoogleToolboxForMac-GoogleToolboxForMac_Logger_Privacy
  - GoogleToolboxForMac-GoogleToolboxForMac_Privacy
  - GoogleUtilities (transitive dependency of Flutter plugin firebase_messaging)
  - GoogleUtilities-GoogleUtilities_Privacy
  - GTMSessionFetcher (transitive dependency of Flutter plugin google_mlkit_text_recognition)
  - GTMSessionFetcher-GTMSessionFetcher_Core_Privacy
  - integration_test (Flutter plugin)
  - MLImage (transitive dependency of Flutter plugin google_mlkit_commons)
  - MLKitCommon (transitive dependency of Flutter plugin google_mlkit_text_recognition)
  - MLKitTextRecognition (transitive dependency of Flutter plugin google_mlkit_text_recognition)
  - MLKitTextRecognition-LatinOCRResources (transitive dependency of Flutter plugin google_mlkit_text_recognition)
  - MLKitTextRecognitionCommon (transitive dependency of Flutter plugin google_mlkit_text_recognition)
  - MLKitVision (transitive dependency of Flutter plugin google_mlkit_commons)
  - nanopb (transitive dependency of Flutter plugin firebase_messaging)
  - nanopb-nanopb_Privacy (transitive dependency of Flutter plugin firebase_messaging)
  - objective_c (Flutter plugin)
  - package_info_plus (Flutter plugin)
  - package_info_plus-package_info_plus_privacy
  - permission_handler_apple (Flutter plugin)
  - permission_handler_apple-permission_handler_apple_privacy
  - PromisesObjC (transitive dependency of Flutter plugin firebase_messaging)
  - PromisesObjC-FBLPromises_Privacy (transitive dependency of Flutter plugin firebase_messaging)
  - PromisesSwift (transitive dependency of Flutter plugin firebase_performance)
  - PromisesSwift-Promises_Privacy (transitive dependency of Flutter plugin firebase_performance)
  - Sentry (transitive dependency of Flutter plugin sentry_flutter)
  - Sentry-Sentry
  - sentry_flutter (Flutter plugin)
  - share_plus (Flutter plugin)
  - share_plus-share_plus_privacy
  - shared_preferences_foundation (Flutter plugin)
  - shared_preferences_foundation-shared_preferences_foundation_privacy
  - sqflite_darwin (Flutter plugin)
  - sqflite_darwin-sqflite_darwin_privacy
  - webview_flutter_wkwebview (Flutter plugin)
  - webview_flutter_wkwebview-webview_flutter_wkwebview_privacy
  - camera_avfoundation (Flutter plugin)

Please contact plugin maintainers to request arm64 support to continue to be able to use the plugin on a simulator.
Running Xcode build...
Xcode build done.                                           27.7s
00:00 +0: device runtime: iPhone 15 register -> create commander -> complete -> apply -> validate
DEVICE_RUNTIME_BASE_URL https://evolution-cartinhas.8ktevp.easypanel.host
[🌐 ApiClient] baseUrl = https://evolution-cartinhas.8ktevp.easypanel.host
[🌐 ApiClient] platform = TargetPlatform.iOS | kIsWeb=false | kDebugMode=true
[🧭 Router] redirect: location=/ | status=AuthStatus.initial
[🔑 Auth] initialize() → loading
[🧭 Router] redirect: location=/ | status=AuthStatus.loading
[🔑 Auth] savedToken exists: false, savedUser exists: false
[🔑 Auth] initialize() concluído → AuthStatus.unauthenticated
[🧭 Router] redirect: location=/ | status=AuthStatus.unauthenticated
[🧭 Router] redirect: location=/login | status=AuthStatus.unauthenticated
[🧭 Router] → null (sem redirect)
[📱 Screen] → PUSH: login
CAPTURE_START 01_login
CAPTURE_CONVERT_BEGIN 01_login
CAPTURE_CONVERT_DONE 01_login
CAPTURE_TAKEN 01_login bytes=736292
SCREENSHOT_BEGIN 01_login
SCREENSHOT_SAVED 02_deck_runtime_focused_rerun__01_login.png bytes=736292
SCREENSHOT_END 01_login
[🧭 Router] redirect: location=/register | status=AuthStatus.unauthenticated
[🧭 Router] → null (sem redirect)
[📱 Screen] → PUSH: register
[🧭 Router] redirect: location=/login | status=AuthStatus.loading
[🧭 Router] → null (status=AuthStatus.loading, aguardando)
[⚠️ ApiClient] Firebase Performance indisponível; métricas HTTP desativadas nesta sessão. Detalhe: [core/no-app] No Firebase App '[DEFAULT]' has been created - call Firebase.initializeApp()
[🌐 ApiClient] POST https://evolution-cartinhas.8ktevp.easypanel.host/auth/register
[🌐 ApiClient] POST /auth/register → 201 (1050ms)
[🌐 ApiClient] GET https://evolution-cartinhas.8ktevp.easypanel.host/notifications/count
[🌐 ApiClient] GET https://evolution-cartinhas.8ktevp.easypanel.host/conversations/unread-count
[Push] Firebase ainda não inicializado; aguardando init
[🧭 Router] redirect: location=/login | status=AuthStatus.authenticated
[🧭 Router] → /home (já autenticado)
[📱 Screen] → PUSH: home
[🌐 ApiClient] GET https://evolution-cartinhas.8ktevp.easypanel.host/decks
[🌐 ApiClient] GET https://evolution-cartinhas.8ktevp.easypanel.host/market/movers?limit=5&min_price=1.0
[🌐 ApiClient] GET /notifications/count → 200 (540ms)
CAPTURE_START 02_registered_home
CAPTURE_TAKEN 02_registered_home bytes=633895
SCREENSHOT_BEGIN 02_registered_home
SCREENSHOT_SAVED 02_deck_runtime_focused_rerun__02_registered_home.png bytes=633895
SCREENSHOT_END 02_registered_home
[🧭 Router] redirect: location=/decks | status=AuthStatus.authenticated
[🧭 Router] → null (sem redirect)
[📱 Screen] → PUSH: decks
[🌐 ApiClient] GET https://evolution-cartinhas.8ktevp.easypanel.host/decks
[🌐 ApiClient] GET /conversations/unread-count → 200 (1400ms)
[🌐 ApiClient] GET /decks → 200 (275ms)
[🌐 ApiClient] GET /decks → 200 (1171ms)
CAPTURE_START 03_decks
CAPTURE_TAKEN 03_decks bytes=156069
SCREENSHOT_BEGIN 03_decks
SCREENSHOT_SAVED 02_deck_runtime_focused_rerun__03_decks.png bytes=156069
SCREENSHOT_END 03_decks
[🌐 ApiClient] POST https://evolution-cartinhas.8ktevp.easypanel.host/decks
[🌐 ApiClient] POST /decks → 200 (484ms)
[🌐 ApiClient] GET https://evolution-cartinhas.8ktevp.easypanel.host/decks
[🌐 ApiClient] POST https://evolution-cartinhas.8ktevp.easypanel.host/users/me/activation-events
[🌐 ApiClient] GET https://evolution-cartinhas.8ktevp.easypanel.host/decks
[🌐 ApiClient] GET /decks → 200 (556ms)
CAPTURE_START 04_deck_created
[🌐 ApiClient] POST /users/me/activation-events → 201 (780ms)
[🌐 ApiClient] GET /decks → 200 (244ms)
[🌐 ApiClient] GET /market/movers?limit=5&min_price=1.0 → 200 (5109ms)
[⚠️ SLOW REQUEST] GET /market/movers?limit=5&min_price=1.0 demorou 5109ms
[Observability] breadcrumb category=api message=api_slow_request data={method: GET, endpoint: /market/movers?limit=5&min_price=1.0, status_code: 200, duration_ms: 5109, request_id: mob-651e09f8c18b5-8789e57e, response_request_id: mob-651e09f8c18b5-8789e57e}
CAPTURE_TAKEN 04_deck_created bytes=275059
SCREENSHOT_BEGIN 04_deck_created
SCREENSHOT_SAVED 02_deck_runtime_focused_rerun__04_deck_created.png bytes=275059
SCREENSHOT_END 04_deck_created
[🌐 ApiClient] GET https://evolution-cartinhas.8ktevp.easypanel.host/decks
[🌐 ApiClient] GET /decks → 200 (276ms)
[🧭 Router] redirect: location=/decks/d73ab2c1-4048-451e-a291-babe8139cb17 | status=AuthStatus.authenticated
[🧭 Router] → null (sem redirect)
[📱 Screen] → PUSH: :id
[🌐 ApiClient] GET https://evolution-cartinhas.8ktevp.easypanel.host/decks/d73ab2c1-4048-451e-a291-babe8139cb17
[🌐 ApiClient] GET /decks/d73ab2c1-4048-451e-a291-babe8139cb17 → 200 (380ms)
CAPTURE_START 05_empty_deck_details
CAPTURE_TAKEN 05_empty_deck_details bytes=483877
SCREENSHOT_BEGIN 05_empty_deck_details
SCREENSHOT_SAVED 02_deck_runtime_focused_rerun__05_empty_deck_details.png bytes=483877
SCREENSHOT_END 05_empty_deck_details
CAPTURE_START 06_import_commander
CAPTURE_TAKEN 06_import_commander bytes=303615
SCREENSHOT_BEGIN 06_import_commander
SCREENSHOT_SAVED 02_deck_runtime_focused_rerun__06_import_commander.png bytes=303615
SCREENSHOT_END 06_import_commander
[🌐 ApiClient] POST https://evolution-cartinhas.8ktevp.easypanel.host/import/to-deck
[🌐 ApiClient] POST /import/to-deck → 200 (706ms)
[🌐 ApiClient] GET https://evolution-cartinhas.8ktevp.easypanel.host/decks/d73ab2c1-4048-451e-a291-babe8139cb17
[🌐 ApiClient] GET /decks/d73ab2c1-4048-451e-a291-babe8139cb17 → 200 (765ms)
[🌐 ApiClient] GET https://evolution-cartinhas.8ktevp.easypanel.host/decks
[🌐 ApiClient] GET https://evolution-cartinhas.8ktevp.easypanel.host/decks/d73ab2c1-4048-451e-a291-babe8139cb17
[🌐 ApiClient] GET /decks → 200 (550ms)
[🌐 ApiClient] GET /decks/d73ab2c1-4048-451e-a291-babe8139cb17 → 200 (1549ms)
[🌐 ApiClient] POST https://evolution-cartinhas.8ktevp.easypanel.host/decks/d73ab2c1-4048-451e-a291-babe8139cb17/pricing
[🌐 ApiClient] POST https://evolution-cartinhas.8ktevp.easypanel.host/decks/d73ab2c1-4048-451e-a291-babe8139cb17/validate
[🌐 ApiClient] POST /decks/d73ab2c1-4048-451e-a291-babe8139cb17/validate → 200 (357ms)
[🌐 ApiClient] POST /decks/d73ab2c1-4048-451e-a291-babe8139cb17/pricing → 200 (639ms)
CAPTURE_START 07_commander_imported
CAPTURE_TAKEN 07_commander_imported bytes=226392
SCREENSHOT_BEGIN 07_commander_imported
SCREENSHOT_SAVED 02_deck_runtime_focused_rerun__07_commander_imported.png bytes=226392
SCREENSHOT_END 07_commander_imported
CAPTURE_START 07b_import_without_commander
CAPTURE_TAKEN 07b_import_without_commander bytes=388782
SCREENSHOT_BEGIN 07b_import_without_commander
SCREENSHOT_SAVED 02_deck_runtime_focused_rerun__07b_import_without_commander.png bytes=388782
SCREENSHOT_END 07b_import_without_commander
[🌐 ApiClient] POST https://evolution-cartinhas.8ktevp.easypanel.host/import/to-deck
[🌐 ApiClient] POST /import/to-deck → 200 (569ms)
[🌐 ApiClient] GET https://evolution-cartinhas.8ktevp.easypanel.host/decks/d73ab2c1-4048-451e-a291-babe8139cb17
[🌐 ApiClient] GET /decks/d73ab2c1-4048-451e-a291-babe8139cb17 → 200 (771ms)
[🌐 ApiClient] GET https://evolution-cartinhas.8ktevp.easypanel.host/decks
[🌐 ApiClient] GET https://evolution-cartinhas.8ktevp.easypanel.host/decks/d73ab2c1-4048-451e-a291-babe8139cb17
[🌐 ApiClient] GET /decks → 200 (287ms)
[🌐 ApiClient] GET /decks/d73ab2c1-4048-451e-a291-babe8139cb17 → 200 (688ms)
[🌐 ApiClient] GET https://evolution-cartinhas.8ktevp.easypanel.host/decks
[🌐 ApiClient] GET /decks → 200 (261ms)
[🌐 ApiClient] GET https://evolution-cartinhas.8ktevp.easypanel.host/decks/d73ab2c1-4048-451e-a291-babe8139cb17
[🌐 ApiClient] GET /decks/d73ab2c1-4048-451e-a291-babe8139cb17 → 200 (647ms)
CAPTURE_START 07c_commander_preserved
CAPTURE_TAKEN 07c_commander_preserved bytes=711713
SCREENSHOT_BEGIN 07c_commander_preserved
SCREENSHOT_SAVED 02_deck_runtime_focused_rerun__07c_commander_preserved.png bytes=711713
SCREENSHOT_END 07c_commander_preserved
[🌐 ApiClient] POST https://evolution-cartinhas.8ktevp.easypanel.host/ai/archetypes
[🌐 ApiClient] GET https://evolution-cartinhas.8ktevp.easypanel.host/notifications/count
[🌐 ApiClient] GET https://evolution-cartinhas.8ktevp.easypanel.host/conversations/unread-count
[🌐 ApiClient] GET /notifications/count → 200 (261ms)
[🌐 ApiClient] GET /conversations/unread-count → 200 (630ms)
[🌐 ApiClient] POST /ai/archetypes → 200 (11553ms)
[⚠️ SLOW REQUEST] POST /ai/archetypes demorou 11553ms
[Observability] breadcrumb category=api message=api_slow_request data={method: POST, endpoint: /ai/archetypes, status_code: 200, duration_ms: 11553, request_id: mob-651e0a0dc4827-c3ea94c8, response_request_id: mob-651e0a0dc4827-c3ea94c8}
CAPTURE_START 08_optimize_sheet
CAPTURE_TAKEN 08_optimize_sheet bytes=591123
SCREENSHOT_BEGIN 08_optimize_sheet
SCREENSHOT_SAVED 02_deck_runtime_focused_rerun__08_optimize_sheet.png bytes=591123
SCREENSHOT_END 08_optimize_sheet
CAPTURE_START 08c_optimize_sheet_focado
CAPTURE_TAKEN 08c_optimize_sheet_focado bytes=231614
SCREENSHOT_BEGIN 08c_optimize_sheet_focado
SCREENSHOT_SAVED 02_deck_runtime_focused_rerun__08c_optimize_sheet_focado.png bytes=231614
SCREENSHOT_END 08c_optimize_sheet_focado
🧪 [AI Optimize] request={deck_id: d73ab2c1-4048-451e-a291-babe8139cb17, archetype: Spellslinger, bracket: 2, keep_theme: true, intensity: focused}
[Observability] breadcrumb category=deck_optimize message=ai_optimize_requested data={deck_id: d73ab2c1-4048-451e-a291-babe8139cb17, archetype: Spellslinger, bracket: 2, keep_theme: true, intensity: focused}
[🌐 ApiClient] POST https://evolution-cartinhas.8ktevp.easypanel.host/ai/optimize
[🌐 ApiClient] POST /ai/optimize → 200 (11584ms)
[⚠️ SLOW REQUEST] POST /ai/optimize demorou 11584ms
[Observability] breadcrumb category=api message=api_slow_request data={method: POST, endpoint: /ai/optimize, status_code: 200, duration_ms: 11584, request_id: mob-651e0a1bbfc31-5c529287, response_request_id: mob-651e0a1bbfc31-5c529287}
🧪 [AI Optimize] response={mode: optimize, strategy_source: deterministic_first, constraints: {keep_theme: true}, cache: {hit: false, cache_key: v7:ec1847a3}, preferences: {memory_applied: false, keep_theme: true, preferred_bracket: null}, theme: {theme: spellslinger, confidence: alta, match_score: 1.011290322580645, core_cards: [Talrand, Sky Summoner, Archmage Emeritus, Deekah, Fractal Theorist, Octavia, Living Thesis, Delay, Counterspell, Cancel, Rewind, Worn Powerstone, Midnight Clock]}, removals: [Sinister Sabotage, Swan Song, Ominous Seas, Dissipate, Dissolve, Unwind, Essence Scatter, Mana Leak, Dispel], additions: [Refute, An Offer You Can't Refuse, Think Twice, Wash Away, Ancestral Vision, Pact of Negation, Tormod's Crypt, Force of Will, Disallow], reasoning: O backend priorizou swaps determinísticos para spellslinger antes da IA, usando função das cartas, prioridade competitiva do comandante e histórico de rejeição., deck_analysis: {detected_archetype: combo, average_cmc: 2.77, type_distribution: {creatures: 8, instants: 32, sorceries: 9, enchantments: 3, artifacts: 10, planeswalkers: 0, lands: 38, battles: 0}, total_cards: 100, mana_curve_assessment: OK: Curva dentro de parâmetros aceitáveis, mana_base_assessment: Base de mana equilibrada, archetype_confidence: média}, post_analysis: {detected_archetype: combo, average_cmc: 2.69, type_distribution: {creatures: 8, instants: 31, sorceries: 10, enchantments: 2, artifacts: 11, planeswalkers: 0, lands: 38, battles: 0}, total_cards: 100, mana_curve_assessment: OK: Curva dentro de parâmetros aceitáveis, mana_base_assessment: Base de mana equilibrada, archetype_confidence: média, improvements: [CMC médio otimizado: 2.77 → 2.69], validation: {validation_score: 93, deck_health_score: 87, improvement_score: 94, verdict: aprovado, monte_carlo: {before: {simulations: 1000, consistency_score: 88, mana_analysis: {land_count: 38, screw_rate: 0.202, flood_rate: 0.011, keepable_rate: 0.787}, curve_analysis: {avg_cmc: 2.77, turn_1_play: 0.665, turn_2_play: 0.946, turn_3_play: 0.979, turn_4_play: 0.988, cmc_distribution: {4: 8, 1: 14, 2: 22, 3: 10, 8: 2, 5: 4, 6: 1, 10: 1}}, recommendations: [Alta taxa de mana screw (20.2%). Considere adicionar 2-4 terrenos.]}, after: {simulations: 1000, consistency_score: 89, mana_analysis: {land_count: 38, screw_rate: 0.183, flood_rate: 0.011, keepable_rate: 0.806}, curve_analysis: {avg_cmc: 2.69, turn_1_play: 0.728, turn_2_play: 0.969, turn_3_play: 0.987, turn_4_play: 0.993, cmc_distribution: {4: 8, 1: 14, 2: 20, 3: 8, 8: 2, 5: 5, 6: 1, 10: 1, 0: 3}}, recommendations: [Alta taxa de mana screw (18.3%). Considere adicionar 2-4 terrenos.]}, mulligan_before: {runs: 500, avg_mulligans: 0.15, keep_at_7: 0.864, keep_at_6: 0.124, keep_at_5: 0.012, keep_at_4_or_less: 0.0, keepable_after_mull: 0.944}, mulligan_after: {runs: 500, avg_mulligans: 0.16, keep_at_7: 0.86, keep_at_6: 0.12, keep_at_5: 0.02, keep_at_4_or_less: 0.0, keepable_after_mull: 0.918}, deltas: {consistency_score: 1, screw_rate_delta: -0.019, flood_rate_delta: 0.0, keepable_rate_delta: 0.019, turn2_play_delta: 0.023, mulligan_keep7_delta: -0.004}}, functional_analysis: {swaps: [{removed: Sinister Sabotage, added: Refute, removed_role: draw, added_role: draw, role_preserved: true, cmc_delta: 0, verdict: upgrade}, {removed: Swan Song, added: An Offer You Can't Refuse, removed_role: removal, added_role: removal, role_preserved: true, cmc_delta: 0, verdict: upgrade}, {removed: Ominous Seas, added: Think Twice, removed_role: draw, added_role: draw, role_preserved: true, cmc_delta: 0, verdict: upgrade}, {removed: Dissipate, added: Wash Away, removed_role: removal, added_role: removal, role_preserved: true, cmc_delta: -2, verdict: upgrade}, {removed: Dissolve, added: Ancestral Vision, removed_role: draw, added_role: draw, role_preserved: true, cmc_delta: -3, verdict: upgrade}, {removed: Unwind, added: Pact of Negation, removed_role: removal, added_role: removal, role_preserved: true, cmc_delta: -3, verdict: upgrade}, {removed: Essence Scatter, added: Tormod's Crypt, removed_role: removal, added_role: removal, role_preserved: true, cmc_delta: -2, verdict: upgrade}, {removed: Mana Leak, added: Force of Will, removed_role: removal, added_role: removal, role_preserved: true, cmc_delta: 3, verdict: sidegrade}, {removed: Dispel, added: Disallow, removed_role: removal, added_role: removal, role_preserved: true, cmc_delta: 2, verdict: sidegrade}], summary: {upgrades: 7, sidegrades: 2, tradeoffs: 0, questionable: 0}, role_delta: {draw: 0, removal: 0, ramp: 0, creature: 0, artifact: 0, enchantment: 0, land: 0, utility: 0, wipe: 0, tutor: 0, protection: 0}}, critic_ai: {approval_score: 85, verdict: aprovado_com_ressalvas, concerns: [A troca de Essence Scatter por Tormod's Crypt pode não ser ideal, pois Tormod's Crypt é um artefato de remoção de cemitério e não oferece a mesma proteção contra criaturas que Essence Scatter., A troca de Mana Leak por Force of Will é uma melhoria em termos de poder, mas pode ser mais difícil de jogar devido ao custo de mana alternativo., A troca de Unwind por Pact of Negation é uma melhoria, mas Pact of Negation pode ser arriscado em jogos longos, onde o custo de não pagar o pacto pode ser problemático.], strong_swaps: [Refute por Sinister Sabotage, An Offer You Can't Refuse por Swan Song, Think Twice por Ominous Seas, Wash Away por Dissipate, Ancestral Vision por Dissolve, Pact of Negation por Unwind, Force of Will por Mana Leak, Disallow por Dispel], weak_swaps: [Essence Scatter por Tormod's Crypt], overall_assessment: As trocas são em sua maioria benéficas, mas algumas podem comprometer a proteção contra criaturas e a consistência do deck.}, warnings: []}}, validation_warnings: [🔒 Gate de qualidade removeu 1 troca(s) insegura(s) antes da resposta final., 🔒 Negate -> Deep Analysis removida pelo gate: papel removal -> draw, delta CMC +2., 💡 3 carta(s) sugerida(s) não estão nos dados EDHREC - podem ser inovadoras ou de baixa sinergia.], bracket: 2, target_additions: null, optimize_diagnostics: {empty_suggestions_fallback: {triggered: false, applied: false, candidate_count: 0, replacement_count: 0, pair_count: 0}, empty_suggestions_fallback_aggregate: {request_count: 1, triggered_count: 0, applied_count: 0, no_candidate_count: 0, no_replacement_count: 0, trigger_rate: 0.0, apply_rate: 0.0}, empty_suggestions_fallback_aggregate_persisted: {all_time: {request_count: 113, triggered_count: 23, applied_count: 0, no_candidate_count: 23, no_replacement_count: 0, trigger_rate: 0.20353982300884957, apply_rate: 0.0}, last_24h: {request_count: 2, triggered_count: 0, applied_count: 0, no_candidate_count: 0, no_replacement_count: 0, trigger_rate: 0.0, apply_rate: 0.0}}}, edhrec_validation: {commander: Talrand, Sky Summoner, deck_count: 6590, themes: [Spellslinger, Tokens, Cantrips, Control, Counterspells, Flying, Card Draw, Combo, Drakes, Tempo, Wizards, Wheels, Extra Turns, Midrange, Aggro, Storm, Polymorph, Flash, Merfolk, Stax, +1/+1 Counters, Bounce, Clones, Commander Matters, Mill, Good Stuff, Artifacts, Ad Nauseam, Cycling, Blink, Creatureless, Morph, Toolbox, Aristocrats, Blue Moon, Chaos, Discard, Enchantress, Exile, Hatebears, Old School, Ramp, Snow, Theft, Triggered Abilities, X Spells, All Spells, Anthems, Big Mana, Birds, Birthing Pod, Burn, Clues, Counters Matter, Devotion, Extra Combats, Foretell, Hand Size, Impulse Draw, Lands Matter, Lifegain, Monarch, Pillow Fort, Planeswalkers, Populate, Prison, Sea Creatures, Spell Copy, Stompy, Topdeck, Unnatural, Zoo], additions_validated: 6, additions_not_in_edhrec: [Ancestral Vision, Pact of Negation, Tormod's Crypt]}, additions_detailed: [{type: add, name: Refute, card_id: eff7974f-ad66-426e-b17c-114b292ca038, quantity: 1, is_basic_land: false, role: utility, function: utility, priority: High, risk: low, reason: Sugestão de entrada para alinhar o deck ao plano spellslinger e melhorar consistência geral., confidence: {level: alta, score: 0.9}, impact_estimate: {curve: ΔCMC -0.08, consistency: alta, synergy: melhora, legality: mantida, risk: low}}, {type: add, name: An Offer You Can't Refuse, card_id: 752104f0-b216-4ce4-8afe-07e41e0190b3, quantity: 1, is_basic_land: false, role: utility, function: utility, priority: High, risk: low, reason: Sugestão de entrada para alinhar o deck ao plano spellslinger e melhorar consistência geral., confidence: {level: alta, score: 0.9}, impact_estimate: {curve: ΔCMC -0.08, consistency: alta, synergy: melhora, legality: mantida, risk: low}}, {type: add, name: Think Twice, card_id: d7ea6e3e-cb18-4371-a75e-2873f09442b3, quantity: 1, is_basic_land: false, role: utility, function: utility, priority: High, risk: low, reason: Sugestão de entrada para alinhar o deck ao plano spellslinger e melhorar consistência geral., confidence: {level: alta, score: 0.9}, impact_estimate: {curve: ΔCMC -0.08, consistency: alta, synergy: melhora, legality: mantida, risk: low}}, {type: add, name: Wash Away, card_id: ef3677dc-9144-4fc7-b1ce-eca0f48d4be8, quantity: 1, is_basic_land: false, role: utility, function: utility, priority: High, risk: low, reason: Sugestão de entrada para alinhar o deck ao plano spellslinger e melhorar consistência geral., confidence: {level: alta, score: 0.9}, impact_estimate: {curve: ΔCMC -0.08, consistency: alta, synergy: melhora, legality: mantida, risk: low}}, {type: add, name: Ancestral Vision, card_id: 1598d0f3-b23c-48cf-addc-88dc164a5043, quantity: 1, is_basic_land: false, role: utility, function: utility, priority: High, risk: low, reason: Sugestão de entrada para alinhar o deck ao plano spellslinger e melhorar consistência geral., confidence: {level: alta, score: 0.9}, impact_estimate: {curve: ΔCMC -0.08, consistency: alta, synergy: melhora, legality: mantida, risk: low}}, {type: add, name: Pact of Negation, card_id: b6272fcb-79b3-4cde-b95f-e3b3d7e1fa12, quantity: 1, is_basic_land: false, role: utility, function: utility, priority: High, risk: low, reason: Sugestão de entrada para alinhar o deck ao plano spellslinger e melhorar consistência geral., confidence: {level: alta, score: 0.9}, impact_estimate: {curve: ΔCMC -0.08, consistency: alta, synergy: melhora, legality: mantida, risk: low}}, {type: add, name: Tormod's Crypt, card_id: 9f666db0-aa05-4b56-8726-7070fea8193c, quantity: 1, is_basic_land: false, role: utility, function: utility, priority: High, risk: low, reason: Sugestão de entrada para alinhar o deck ao plano spellslinger e melhorar consistência geral., confidence: {level: alta, score: 0.9}, impact_estimate: {curve: ΔCMC -0.08, consistency: alta, synergy: melhora, legality: mantida, risk: low}}, {type: add, name: Force of Will, card_id: b683fbd5-e1e2-4a8e-9dbe-af2cf8dbf06c, quantity: 1, is_basic_land: false, role: utility, function: utility, priority: High, risk: low, reason: Sugestão de entrada para alinhar o deck ao plano spellslinger e melhorar consistência geral., confidence: {level: alta, score: 0.9}, impact_estimate: {curve: ΔCMC -0.08, consistency: alta, synergy: melhora, legality: mantida, risk: low}}, {type: add, name: Disallow, card_id: 6a1fcb8c-a488-4cdb-a58b-c0675305f620, quantity: 1, is_basic_land: false, role: utility, function: utility, priority: High, risk: low, reason: Sugestão de entrada para alinhar o deck ao plano spellslinger e melhorar consistência geral., confidence: {level: alta, score: 0.9}, impact_estimate: {curve: ΔCMC -0.08, consistency: alta, synergy: melhora, legality: mantida, risk: low}}], removals_detailed: [{type: remove, name: Sinister Sabotage, card_id: 08366a05-ce81-435a-a702-b90f4536cffb, quantity: 1, is_basic_land: false, role: interaction, function: interaction, priority: High, risk: low, reason: Sugestão de saída para alinhar o deck ao plano spellslinger e melhorar consistência geral., confidence: {level: alta, score: 0.9}, impact_estimate: {curve: ΔCMC -0.08, consistency: alta, synergy: ajuste, legality: mantida, risk: low}}, {type: remove, name: Swan Song, card_id: c2b30be2-9982-4ea7-877f-84b227198eed, quantity: 1, is_basic_land: false, role: interaction, function: interaction, priority: High, risk: low, reason: Sugestão de saída para alinhar o deck ao plano spellslinger e melhorar consistência geral., confidence: {level: alta, score: 0.9}, impact_estimate: {curve: ΔCMC -0.08, consistency: alta, synergy: ajuste, legality: mantida, risk: low}}, {type: remove, name: Ominous Seas, card_id: 79cd7e8e-b2cb-46c5-a487-263029302ea5, quantity: 1, is_basic_land: false, role: draw, function: draw, priority: High, risk: low, reason: Sugestão de saída para alinhar o deck ao plano spellslinger e melhorar consistência geral., confidence: {level: alta, score: 0.9}, impact_estimate: {curve: ΔCMC -0.08, consistency: alta, synergy: ajuste, legality: mantida, risk: low}}, {type: remove, name: Dissipate, card_id: ad996d84-4e26-4c07-b4ca-92cf3a77cd7d, quantity: 1, is_basic_land: false, role: interaction, function: interaction, priority: High, risk: low, reason: Sugestão de saída para alinhar o deck ao plano spellslinger e melhorar consistência geral., confidence: {level: alta, score: 0.9}, impact_estimate: {curve: ΔCMC -0.08, consistency: alta, synergy: ajuste, legality: mantida, risk: low}}, {type: remove, name: Dissolve, card_id: 631bdfe4-fd93-4fb1-a281-a43d134191b5, quantity: 1, is_basic_land: false, role: interaction, function: interaction, priority: High, risk: low, reason: Sugestão de saída para alinhar o deck ao plano spellslinger e melhorar consistência geral., confidence: {level: alta, score: 0.9}, impact_estimate: {curve: ΔCMC -0.08, consistency: alta, synergy: ajuste, legality: mantida, risk: low}}, {type: remove, name: Unwind, card_id: 92bdd08e-d438-41c3-8f1d-e66041bf83a7, quantity: 1, is_basic_land: false, role: interaction, function: interaction, priority: High, risk: low, reason: Sugestão de saída para alinhar o deck ao plano spellslinger e melhorar consistência geral., confidence: {level: alta, score: 0.9}, impact_estimate: {curve: ΔCMC -0.08, consistency: alta, synergy: ajuste, legality: mantida, risk: low}}, {type: remove, name: Essence Scatter, card_id: 01e7fd69-9798-437d-8216-0ce54fd603b1, quantity: 1, is_basic_land: false, role: interaction, function: interaction, priority: High, risk: low, reason: Sugestão de saída para alinhar o deck ao plano spellslinger e melhorar consistência geral., confidence: {level: alta, score: 0.9}, impact_estimate: {curve: ΔCMC -0.08, consistency: alta, synergy: ajuste, legality: mantida, risk: low}}, {type: remove, name: Mana Leak, card_id: 6513259e-3aac-41af-b33d-4234edb8b4cb, quantity: 1, is_basic_land: false, role: interaction, function: interaction, priority: High, risk: low, reason: Sugestão de saída para alinhar o deck ao plano spellslinger e melhorar consistência geral., confidence: {level: alta, score: 0.9}, impact_estimate: {curve: ΔCMC -0.08, consistency: alta, synergy: ajuste, legality: mantida, risk: low}}, {type: remove, name: Dispel, card_id: 49dfb22f-e25e-4ca8-9755-ab09c269aeb5, quantity: 1, is_basic_land: false, role: interaction, function: interaction, priority: High, risk: low, reason: Sugestão de saída para alinhar o deck ao plano spellslinger e melhorar consistência geral., confidence: {level: alta, score: 0.9}, impact_estimate: {curve: ΔCMC -0.08, consistency: alta, synergy: ajuste, legality: mantida, risk: low}}], recommendations: [{type: remove, name: Sinister Sabotage, card_id: 08366a05-ce81-435a-a702-b90f4536cffb, quantity: 1, is_basic_land: false, role: interaction, function: interaction, priority: High, risk: low, reason: Sugestão de saída para alinhar o deck ao plano spellslinger e melhorar consistência geral., confidence: {level: alta, score: 0.9}, impact_estimate: {curve: ΔCMC -0.08, consistency: alta, synergy: ajuste, legality: mantida, risk: low}}, {type: remove, name: Swan Song, card_id: c2b30be2-9982-4ea7-877f-84b227198eed, quantity: 1, is_basic_land: false, role: interaction, function: interaction, priority: High, risk: low, reason: Sugestão de saída para alinhar o deck ao plano spellslinger e melhorar consistência geral., confidence: {level: alta, score: 0.9}, impact_estimate: {curve: ΔCMC -0.08, consistency: alta, synergy: ajuste, legality: mantida, risk: low}}, {type: remove, name: Ominous Seas, card_id: 79cd7e8e-b2cb-46c5-a487-263029302ea5, quantity: 1, is_basic_land: false, role: draw, function: draw, priority: High, risk: low, reason: Sugestão de saída para alinhar o deck ao plano spellslinger e melhorar consistência geral., confidence: {level: alta, score: 0.9}, impact_estimate: {curve: ΔCMC -0.08, consistency: alta, synergy: ajuste, legality: mantida, risk: low}}, {type: remove, name: Dissipate, card_id: ad996d84-4e26-4c07-b4ca-92cf3a77cd7d, quantity: 1, is_basic_land: false, role: interaction, function: interaction, priority: High, risk: low, reason: Sugestão de saída para alinhar o deck ao plano spellslinger e melhorar consistência geral., confidence: {level: alta, score: 0.9}, impact_estimate: {curve: ΔCMC -0.08, consistency: alta, synergy: ajuste, legality: mantida, risk: low}}, {type: remove, name: Dissolve, card_id: 631bdfe4-fd93-4fb1-a281-a43d134191b5, quantity: 1, is_basic_land: false, role: interaction, function: interaction, priority: High, risk: low, reason: Sugestão de saída para alinhar o deck ao plano spellslinger e melhorar consistência geral., confidence: {level: alta, score: 0.9}, impact_estimate: {curve: ΔCMC -0.08, consistency: alta, synergy: ajuste, legality: mantida, risk: low}}, {type: remove, name: Unwind, card_id: 92bdd08e-d438-41c3-8f1d-e66041bf83a7, quantity: 1, is_basic_land: false, role: interaction, function: interaction, priority: High, risk: low, reason: Sugestão de saída para alinhar o deck ao plano spellslinger e melhorar consistência geral., confidence: {level: alta, score: 0.9}, impact_estimate: {curve: ΔCMC -0.08, consistency: alta, synergy: ajuste, legality: mantida, risk: low}}, {type: remove, name: Essence Scatter, card_id: 01e7fd69-9798-437d-8216-0ce54fd603b1, quantity: 1, is_basic_land: false, role: interaction, function: interaction, priority: High, risk: low, reason: Sugestão de saída para alinhar o deck ao plano spellslinger e melhorar consistência geral., confidence: {level: alta, score: 0.9}, impact_estimate: {curve: ΔCMC -0.08, consistency: alta, synergy: ajuste, legality: mantida, risk: low}}, {type: remove, name: Mana Leak, card_id: 6513259e-3aac-41af-b33d-4234edb8b4cb, quantity: 1, is_basic_land: false, role: interaction, function: interaction, priority: High, risk: low, reason: Sugestão de saída para alinhar o deck ao plano spellslinger e melhorar consistência geral., confidence: {level: alta, score: 0.9}, impact_estimate: {curve: ΔCMC -0.08, consistency: alta, synergy: ajuste, legality: mantida, risk: low}}, {type: remove, name: Dispel, card_id: 49dfb22f-e25e-4ca8-9755-ab09c269aeb5, quantity: 1, is_basic_land: false, role: interaction, function: interaction, priority: High, risk: low, reason: Sugestão de saída para alinhar o deck ao plano spellslinger e melhorar consistência geral., confidence: {level: alta, score: 0.9}, impact_estimate: {curve: ΔCMC -0.08, consistency: alta, synergy: ajuste, legality: mantida, risk: low}}, {type: add, name: Refute, card_id: eff7974f-ad66-426e-b17c-114b292ca038, quantity: 1, is_basic_land: false, role: utility, function: utility, priority: High, risk: low, reason: Sugestão de entrada para alinhar o deck ao plano spellslinger e melhorar consistência geral., confidence: {level: alta, score: 0.9}, impact_estimate: {curve: ΔCMC -0.08, consistency: alta, synergy: melhora, legality: mantida, risk: low}}, {type: add, name: An Offer You Can't Refuse, card_id: 752104f0-b216-4ce4-8afe-07e41e0190b3, quantity: 1, is_basic_land: false, role: utility, function: utility, priority: High, risk: low, reason: Sugestão de entrada para alinhar o deck ao plano spellslinger e melhorar consistência geral., confidence: {level: alta, score: 0.9}, impact_estimate: {curve: ΔCMC -0.08, consistency: alta, synergy: melhora, legality: mantida, risk: low}}, {type: add, name: Think Twice, card_id: d7ea6e3e-cb18-4371-a75e-2873f09442b3, quantity: 1, is_basic_land: false, role: utility, function: utility, priority: High, risk: low, reason: Sugestão de entrada para alinhar o deck ao plano spellslinger e melhorar consistência geral., confidence: {level: alta, score: 0.9}, impact_estimate: {curve: ΔCMC -0.08, consistency: alta, synergy: melhora, legality: mantida, risk: low}}, {type: add, name: Wash Away, card_id: ef3677dc-9144-4fc7-b1ce-eca0f48d4be8, quantity: 1, is_basic_land: false, role: utility, function: utility, priority: High, risk: low, reason: Sugestão de entrada para alinhar o deck ao plano spellslinger e melhorar consistência geral., confidence: {level: alta, score: 0.9}, impact_estimate: {curve: ΔCMC -0.08, consistency: alta, synergy: melhora, legality: mantida, risk: low}}, {type: add, name: Ancestral Vision, card_id: 1598d0f3-b23c-48cf-addc-88dc164a5043, quantity: 1, is_basic_land: false, role: utility, function: utility, priority: High, risk: low, reason: Sugestão de entrada para alinhar o deck ao plano spellslinger e melhorar consistência geral., confidence: {level: alta, score: 0.9}, impact_estimate: {curve: ΔCMC -0.08, consistency: alta, synergy: melhora, legality: mantida, risk: low}}, {type: add, name: Pact of Negation, card_id: b6272fcb-79b3-4cde-b95f-e3b3d7e1fa12, quantity: 1, is_basic_land: false, role: utility, function: utility, priority: High, risk: low, reason: Sugestão de entrada para alinhar o deck ao plano spellslinger e melhorar consistência geral., confidence: {level: alta, score: 0.9}, impact_estimate: {curve: ΔCMC -0.08, consistency: alta, synergy: melhora, legality: mantida, risk: low}}, {type: add, name: Tormod's Crypt, card_id: 9f666db0-aa05-4b56-8726-7070fea8193c, quantity: 1, is_basic_land: false, role: utility, function: utility, priority: High, risk: low, reason: Sugestão de entrada para alinhar o deck ao plano spellslinger e melhorar consistência geral., confidence: {level: alta, score: 0.9}, impact_estimate: {curve: ΔCMC -0.08, consistency: alta, synergy: melhora, legality: mantida, risk: low}}, {type: add, name: Force of Will, card_id: b683fbd5-e1e2-4a8e-9dbe-af2cf8dbf06c, quantity: 1, is_basic_land: false, role: utility, function: utility, priority: High, risk: low, reason: Sugestão de entrada para alinhar o deck ao plano spellslinger e melhorar consistência geral., confidence: {level: alta, score: 0.9}, impact_estimate: {curve: ΔCMC -0.08, consistency: alta, synergy: melhora, legality: mantida, risk: low}}, {type: add, name: Disallow, card_id: 6a1fcb8c-a488-4cdb-a58b-c0675305f620, quantity: 1, is_basic_land: false, role: utility, function: utility, priority: High, risk: low, reason: Sugestão de entrada para alinhar o deck ao plano spellslinger e melhorar consistência geral., confidence: {level: alta, score: 0.9}, impact_estimate: {curve: ΔCMC -0.08, consistency: alta, synergy: melhora, legality: mantida, risk: low}}], intensity: focused, optimize_intensity: {selected: focused, requested: focused, source: explicit, target_swaps: {min: 6, max: 10}, quality_gate: {can_reduce_scope: true, dropped_swaps: 1}, candidate_swaps: 10, returned_swaps: 9}, deck_state: {status: healthy, recommended_mode: optimize, suggested_scope: micro_swaps, severity_score: 0, reasons: []}, outcome_code: optimized, timings: {deck_id: d73ab2c1-4048-451e-a291-babe8139cb17, request_mode: optimize, total_ms: 10922, stages_ms: {request.deterministic_shortlist: 511, request.commander_live_edhrec: 429, request.deck_context: 276, deck_context.theme_profile: 131, deck_context.cards_query: 82, request.commander_reference_cache: 16, deck_context.deck_query: 15, request.cache_lookup: 15, deck_context.analysis: 10, request.user_preferences: 5, deck_context.state_assessment: 4, deck_context.resolve_archetype: 0, request.normalize_payload: 0}}, stage_telemetry: {deck_id: d73ab2c1-4048-451e-a291-babe8139cb17, request_mode: optimize, total_ms: 10922, stages_ms: {request.deterministic_shortlist: 511, request.commander_live_edhrec: 429, request.deck_context: 276, deck_context.theme_profile: 131, deck_context.cards_query: 82, request.commander_reference_cache: 16, deck_context.deck_query: 15, request.cache_lookup: 15, deck_context.analysis: 10, request.user_preferences: 5, deck_context.state_assessment: 4, deck_context.resolve_archetype: 0, request.normalize_payload: 0}}}
CAPTURE_START 09_preview
[🌐 ApiClient] POST https://evolution-cartinhas.8ktevp.easypanel.host/users/me/activation-events
[🌐 ApiClient] POST /users/me/activation-events → 201 (224ms)
CAPTURE_TAKEN 09_preview bytes=266758
SCREENSHOT_BEGIN 09_preview
SCREENSHOT_SAVED 02_deck_runtime_focused_rerun__09_preview.png bytes=266758
SCREENSHOT_END 09_preview
CAPTURE_START 09b_preview_partial_selection
CAPTURE_TAKEN 09b_preview_partial_selection bytes=296770
SCREENSHOT_BEGIN 09b_preview_partial_selection
SCREENSHOT_SAVED 02_deck_runtime_focused_rerun__09b_preview_partial_selection.png bytes=296770
SCREENSHOT_END 09b_preview_partial_selection
🚀 [DeckProvider] Otimização rápida com IDs diretos
👑 [DeckProvider] Commanders no deck: 1
  Commander: Talrand, Sky Summoner (id=399bc563-ee94-4143-9bf8-02545a144d7a, qty=1)
🃏 [DeckProvider] MainBoard entries: 6
[🌐 ApiClient] GET https://evolution-cartinhas.8ktevp.easypanel.host/cards?name=Refute&limit=1
[🌐 ApiClient] GET /cards?name=Refute&limit=1 → 200 (243ms)
[🌐 ApiClient] GET https://evolution-cartinhas.8ktevp.easypanel.host/cards?name=An+Offer+You+Can%27t+Refuse&limit=1
[🌐 ApiClient] GET /cards?name=An+Offer+You+Can%27t+Refuse&limit=1 → 200 (244ms)
[🌐 ApiClient] GET https://evolution-cartinhas.8ktevp.easypanel.host/cards?name=Think+Twice&limit=1
[🌐 ApiClient] GET /cards?name=Think+Twice&limit=1 → 200 (233ms)
[🌐 ApiClient] GET https://evolution-cartinhas.8ktevp.easypanel.host/cards?name=Wash+Away&limit=1
[🌐 ApiClient] GET /cards?name=Wash+Away&limit=1 → 200 (215ms)
[🌐 ApiClient] GET https://evolution-cartinhas.8ktevp.easypanel.host/cards?name=Ancestral+Vision&limit=1
[🌐 ApiClient] GET /cards?name=Ancestral+Vision&limit=1 → 200 (211ms)
[🌐 ApiClient] GET https://evolution-cartinhas.8ktevp.easypanel.host/cards?name=Pact+of+Negation&limit=1
CAPTURE_START 10_complete_validated
[🌐 ApiClient] GET /cards?name=Pact+of+Negation&limit=1 → 200 (209ms)
[🌐 ApiClient] GET https://evolution-cartinhas.8ktevp.easypanel.host/cards?name=Tormod%27s+Crypt&limit=1
CAPTURE_TAKEN 10_complete_validated bytes=295727
SCREENSHOT_BEGIN 10_complete_validated
SCREENSHOT_SAVED 02_deck_runtime_focused_rerun__10_complete_validated.png bytes=295727
SCREENSHOT_END 10_complete_validated
[🌐 ApiClient] GET /cards?name=Tormod%27s+Crypt&limit=1 → 200 (330ms)
[🌐 ApiClient] GET https://evolution-cartinhas.8ktevp.easypanel.host/cards?name=Force+of+Will&limit=1
[🌐 ApiClient] GET /cards?name=Force+of+Will&limit=1 → 200 (216ms)
💾 [DeckProvider] Salvando...
📦 [DeckProvider] Total de cartas a enviar: 63
  📌 399bc563-ee94-4143-9bf8-02545a144d7a: qty=1, is_commander=true
  📌 554c3ede-0f32-46d1-b3ad-c127df20c01b: qty=1, is_commander=false
  📌 e07f761b-a78b-41a9-9127-65b666f098da: qty=1, is_commander=false
  📌 4e393b89-0a19-44cd-a9dc-92a9b6f71f07: qty=1, is_commander=false
  📌 e2290699-6527-4611-8957-1a1f0f88b7ff: qty=1, is_commander=false
  📌 6c2c0309-dd07-4e1e-93c7-38551249db69: qty=1, is_commander=false
  📌 84e2e339-5207-4fa4-b4e4-f1e404ae7184: qty=1, is_commander=false
  📌 c76a3b36-18c8-4c2f-a591-10466478a92d: qty=1, is_commander=false
  📌 613770ff-8f0f-4fb6-bb76-5c2d4b9b1909: qty=1, is_commander=false
  📌 4ffc23e2-cd23-49cc-ac7c-ec63ed9ad2fc: qty=1, is_commander=false
  📌 4b506563-2371-4bff-9bec-b12fb4a9c407: qty=1, is_commander=false
  📌 5dd7f93a-1a11-4f7e-a798-3ed79de1fd34: qty=1, is_commander=false
  📌 7675ec23-67b2-4819-9787-ece58e076c17: qty=1, is_commander=false
  📌 5d44c829-d2df-442b-88d1-9c15b0000e6c: qty=1, is_commander=false
  📌 0c128e07-820a-40bf-9a01-01df2681e7ee: qty=1, is_commander=false
  📌 f4daf4d7-7c95-4579-af9c-afb31b2a16a7: qty=1, is_commander=false
  📌 5f9b10cf-2e6b-4860-bb51-cd8b3b3d0649: qty=1, is_commander=false
  📌 e58484f6-0b3a-4c6c-862e-8037ff49b314: qty=1, is_commander=false
  📌 96cd1896-d7c8-4057-95c3-df5b958cd553: qty=1, is_commander=false
  📌 fa7f572b-d8f0-48d1-bb73-548cc1aec092: qty=1, is_commander=false
  📌 909eeb1c-fe6e-4b8c-9563-54cd35d86c61: qty=1, is_commander=false
  📌 08366a05-ce81-435a-a702-b90f4536cffb: qty=1, is_commander=false
  📌 6b822d6e-67aa-4a37-8b41-b11192592044: qty=1, is_commander=false
  📌 0f2dbb67-fcef-4ced-9b66-e026d05965b1: qty=1, is_commander=false
  📌 01382c08-32b3-4f15-9f45-2ef857fd8b58: qty=1, is_commander=false
  📌 80c1b3a7-7e93-4694-9713-da69949b585b: qty=1, is_commander=false
  📌 2fc58b83-442e-4853-86d9-ad1b252515eb: qty=1, is_commander=false
  📌 51f819ef-32e5-4138-92d8-06a20d3364d4: qty=1, is_commander=false
  📌 9ac0a95e-ca4b-48af-b0a4-64b4684bd064: qty=1, is_commander=false
  📌 9295761d-1f95-4417-a365-1ba77c64b2ad: qty=1, is_commander=false
  📌 5531fa58-0120-46f9-a046-14aad924670f: qty=1, is_commander=false
  📌 7863b24d-4143-43d4-b555-0db4c234ac15: qty=1, is_commander=false
  📌 6eef1c2a-605d-4ec4-9784-3353256a11a8: qty=1, is_commander=false
  📌 b393933f-6ebf-4cf9-bbdc-58bdbb654a66: qty=1, is_commander=false
  📌 083da955-e31c-4d6b-a0f1-dfdf1569d9d8: qty=1, is_commander=false
  📌 af4dbd03-8804-42d5-8672-546dcb1a77a2: qty=1, is_commander=false
  📌 80731d3c-0a9c-43b4-af33-73bfc0ff251f: qty=1, is_commander=false
  📌 a1e37e8f-f1dc-460a-b2a1-00e196e7837a: qty=1, is_commander=false
  📌 612e55d9-25ae-45d2-9fb1-f1075a0deeb9: qty=1, is_commander=false
  📌 08d3cfaa-d747-44d2-87d6-ec9e4b4c6452: qty=1, is_commander=false
  📌 bedf456d-c54d-4df9-bb8a-8c1fc9f44d1c: qty=1, is_commander=false
  📌 063b65aa-dc36-4ab9-ad02-c58a6d8494e2: qty=1, is_commander=false
  📌 007ccd31-5201-4c62-b5d1-18ee12e0f94e: qty=1, is_commander=false
  📌 d305a97b-ed2d-40ef-bd02-5b121af27f2d: qty=1, is_commander=false
  📌 1bcaf3e9-f8bb-430a-b175-5057f9b984e5: qty=1, is_commander=false
  📌 1d2bcbaf-de31-42ac-8f17-513910a53693: qty=1, is_commander=false
  📌 4d08f318-d62c-4de3-b163-a5fb2fcb27b0: qty=1, is_commander=false
  📌 a8c25880-407e-41d4-a579-e5a389fb04e7: qty=1, is_commander=false
  📌 9ec839b0-8a54-4242-83cc-bc4ce9e25ef2: qty=1, is_commander=false
  📌 0b917683-2833-43dc-873c-47bd016e1523: qty=1, is_commander=false
  📌 34834c72-fee0-4944-8a82-7d07c65e4d53: qty=1, is_commander=false
  📌 2952d139-9134-4586-8806-d30d55effaf6: qty=1, is_commander=false
  📌 ad37e732-a874-4500-903e-e46085306bf8: qty=1, is_commander=false
  📌 0f19b2d1-6faf-425c-9441-efc5ec18d825: qty=1, is_commander=false
  📌 b07b9a40-a94a-4827-97a0-03b30c8acd59: qty=38, is_commander=false
  📌 eff7974f-ad66-426e-b17c-114b292ca038: qty=1, is_commander=false
  📌 752104f0-b216-4ce4-8afe-07e41e0190b3: qty=1, is_commander=false
  📌 d7ea6e3e-cb18-4371-a75e-2873f09442b3: qty=1, is_commander=false
  📌 ef3677dc-9144-4fc7-b1ce-eca0f48d4be8: qty=1, is_commander=false
  📌 1598d0f3-b23c-48cf-addc-88dc164a5043: qty=1, is_commander=false
  📌 b6272fcb-79b3-4cde-b95f-e3b3d7e1fa12: qty=1, is_commander=false
  📌 9f666db0-aa05-4b56-8726-7070fea8193c: qty=1, is_commander=false
  📌 b683fbd5-e1e2-4a8e-9dbe-af2cf8dbf06c: qty=1, is_commander=false
💾 [DeckProvider] Salvando alterações no servidor...
[🌐 ApiClient] PUT https://evolution-cartinhas.8ktevp.easypanel.host/decks/d73ab2c1-4048-451e-a291-babe8139cb17
01:03 +1: (tearDownAll)
01:03 +1: device runtime: iPhone 15 register -> create commander -> complete -> apply -> validate
[🌐 ApiClient] PUT /decks/d73ab2c1-4048-451e-a291-babe8139cb17 → 200 (416ms)
[🌐 ApiClient] POST https://evolution-cartinhas.8ktevp.easypanel.host/decks/d73ab2c1-4048-451e-a291-babe8139cb17/validate
01:04 +1: All tests passed!
