00:00 +0: loading /Users/desenvolvimentomobile/Documents/rafa/mtg/mtgia/app/integration_test/deck_runtime_m2006_test.dart
The following target(s) do not support arm64 architecture, which is a requirement for Apple Silicon iOS 26+ simulators:
  - camera_avfoundation (Flutter plugin)
  - camera_avfoundation-camera_avfoundation_privacy
  - Firebase (transitive dependency of Flutter plugin firebase_messaging)
  - firebase_core (Flutter plugin)
  - firebase_messaging (Flutter plugin)
  - firebase_messaging-firebase_messaging_Privacy
  - firebase_performance (Flutter plugin)
  - FirebaseABTesting (transitive dependency of Flutter plugin firebase_performance)
  - FirebaseABTesting-FirebaseABTesting_Privacy (transitive dependency of Flutter plugin firebase_performance)
  - FirebaseCore (transitive dependency of Flutter plugin firebase_messaging)
  - FirebaseCore-FirebaseCore_Privacy (transitive dependency of Flutter plugin firebase_messaging)
  - FirebaseCoreExtension (transitive dependency of Flutter plugin firebase_performance)
  - FirebaseCoreExtension-FirebaseCoreExtension_Privacy (transitive dependency of Flutter plugin firebase_performance)
  - FirebaseCoreInternal (transitive dependency of Flutter plugin firebase_messaging)
  - FirebaseCoreInternal-FirebaseCoreInternal_Privacy (transitive dependency of Flutter plugin firebase_messaging)
  - FirebaseInstallations (transitive dependency of Flutter plugin firebase_messaging)
  - FirebaseInstallations-FirebaseInstallations_Privacy (transitive dependency of Flutter plugin firebase_messaging)
  - FirebaseMessaging (transitive dependency of Flutter plugin firebase_messaging)
  - FirebaseMessaging-FirebaseMessaging_Privacy (transitive dependency of Flutter plugin firebase_messaging)
  - FirebasePerformance (transitive dependency of Flutter plugin firebase_performance)
  - FirebaseRemoteConfig (transitive dependency of Flutter plugin firebase_performance)
  - FirebaseRemoteConfig-FirebaseRemoteConfig_Privacy (transitive dependency of Flutter plugin firebase_performance)
  - FirebaseRemoteConfigInterop (transitive dependency of Flutter plugin firebase_performance)
  - FirebaseSessions (transitive dependency of Flutter plugin firebase_performance)
  - FirebaseSharedSwift (transitive dependency of Flutter plugin firebase_performance)
  - Flutter (transitive dependency of Flutter plugin camera_avfoundation)
  - google_mlkit_commons (Flutter plugin)
  - google_mlkit_text_recognition (Flutter plugin)
  - GoogleDataTransport (transitive dependency of Flutter plugin firebase_messaging)
  - GoogleDataTransport-GoogleDataTransport_Privacy (transitive dependency of Flutter plugin firebase_messaging)
  - GoogleMLKit (transitive dependency of Flutter plugin google_mlkit_text_recognition)
  - GoogleToolboxForMac (transitive dependency of Flutter plugin google_mlkit_text_recognition)
  - GoogleToolboxForMac-GoogleToolboxForMac_Logger_Privacy
  - GoogleToolboxForMac-GoogleToolboxForMac_Privacy
  - GoogleUtilities (transitive dependency of Flutter plugin firebase_messaging)
  - GoogleUtilities-GoogleUtilities_Privacy
  - GTMSessionFetcher (transitive dependency of Flutter plugin google_mlkit_text_recognition)
  - GTMSessionFetcher-GTMSessionFetcher_Core_Privacy
  - integration_test (Flutter plugin)
  - MLImage (transitive dependency of Flutter plugin google_mlkit_commons)
  - MLKitCommon (transitive dependency of Flutter plugin google_mlkit_text_recognition)
  - MLKitTextRecognition (transitive dependency of Flutter plugin google_mlkit_text_recognition)
  - MLKitTextRecognition-LatinOCRResources (transitive dependency of Flutter plugin google_mlkit_text_recognition)
  - MLKitTextRecognitionCommon (transitive dependency of Flutter plugin google_mlkit_text_recognition)
  - MLKitVision (transitive dependency of Flutter plugin google_mlkit_commons)
  - nanopb (transitive dependency of Flutter plugin firebase_messaging)
  - nanopb-nanopb_Privacy (transitive dependency of Flutter plugin firebase_messaging)
  - objective_c (Flutter plugin)
  - package_info_plus (Flutter plugin)
  - package_info_plus-package_info_plus_privacy
  - permission_handler_apple (Flutter plugin)
  - permission_handler_apple-permission_handler_apple_privacy
  - PromisesObjC (transitive dependency of Flutter plugin firebase_messaging)
  - PromisesObjC-FBLPromises_Privacy (transitive dependency of Flutter plugin firebase_messaging)
  - PromisesSwift (transitive dependency of Flutter plugin firebase_performance)
  - PromisesSwift-Promises_Privacy (transitive dependency of Flutter plugin firebase_performance)
  - Sentry (transitive dependency of Flutter plugin sentry_flutter)
  - Sentry-Sentry
  - sentry_flutter (Flutter plugin)
  - share_plus (Flutter plugin)
  - share_plus-share_plus_privacy
  - shared_preferences_foundation (Flutter plugin)
  - shared_preferences_foundation-shared_preferences_foundation_privacy
  - sqflite_darwin (Flutter plugin)
  - sqflite_darwin-sqflite_darwin_privacy
  - webview_flutter_wkwebview (Flutter plugin)
  - webview_flutter_wkwebview-webview_flutter_wkwebview_privacy
  - camera_avfoundation (Flutter plugin)

Please contact plugin maintainers to request arm64 support to continue to be able to use the plugin on a simulator.
Running Xcode build...
Xcode build done.                                           26.4s
00:00 +0: device runtime: iPhone 15 register -> create commander -> complete -> apply -> validate
DEVICE_RUNTIME_BASE_URL https://evolution-cartinhas.8ktevp.easypanel.host
[🌐 ApiClient] baseUrl = https://evolution-cartinhas.8ktevp.easypanel.host
[🌐 ApiClient] platform = TargetPlatform.iOS | kIsWeb=false | kDebugMode=true
[🧭 Router] redirect: location=/ | status=AuthStatus.initial
[🔑 Auth] initialize() → loading
[🧭 Router] redirect: location=/ | status=AuthStatus.loading
[🔑 Auth] savedToken exists: false, savedUser exists: false
[🔑 Auth] initialize() concluído → AuthStatus.unauthenticated
[🧭 Router] redirect: location=/ | status=AuthStatus.unauthenticated
[🧭 Router] redirect: location=/login | status=AuthStatus.unauthenticated
[🧭 Router] → null (sem redirect)
[📱 Screen] → PUSH: login
CAPTURE_START 01_login
CAPTURE_CONVERT_BEGIN 01_login
CAPTURE_CONVERT_DONE 01_login
CAPTURE_TAKEN 01_login bytes=736292
SCREENSHOT_BEGIN 01_login
SCREENSHOT_SAVED 03_deck_runtime_aggressive__01_login.png bytes=736292
SCREENSHOT_END 01_login
[🧭 Router] redirect: location=/register | status=AuthStatus.unauthenticated
[🧭 Router] → null (sem redirect)
[📱 Screen] → PUSH: register
[🧭 Router] redirect: location=/login | status=AuthStatus.loading
[🧭 Router] → null (status=AuthStatus.loading, aguardando)
[⚠️ ApiClient] Firebase Performance indisponível; métricas HTTP desativadas nesta sessão. Detalhe: [core/no-app] No Firebase App '[DEFAULT]' has been created - call Firebase.initializeApp()
[🌐 ApiClient] POST https://evolution-cartinhas.8ktevp.easypanel.host/auth/register
[🌐 ApiClient] POST /auth/register → 201 (1057ms)
[🌐 ApiClient] GET https://evolution-cartinhas.8ktevp.easypanel.host/notifications/count
[🌐 ApiClient] GET https://evolution-cartinhas.8ktevp.easypanel.host/conversations/unread-count
[Push] Firebase ainda não inicializado; aguardando init
[🧭 Router] redirect: location=/login | status=AuthStatus.authenticated
[🧭 Router] → /home (já autenticado)
[📱 Screen] → PUSH: home
[🌐 ApiClient] GET https://evolution-cartinhas.8ktevp.easypanel.host/decks
[🌐 ApiClient] GET https://evolution-cartinhas.8ktevp.easypanel.host/market/movers?limit=5&min_price=1.0
CAPTURE_START 02_registered_home
[🌐 ApiClient] GET /notifications/count → 200 (712ms)
CAPTURE_TAKEN 02_registered_home bytes=633874
SCREENSHOT_BEGIN 02_registered_home
SCREENSHOT_SAVED 03_deck_runtime_aggressive__02_registered_home.png bytes=633874
SCREENSHOT_END 02_registered_home
[🧭 Router] redirect: location=/decks | status=AuthStatus.authenticated
[🧭 Router] → null (sem redirect)
[📱 Screen] → PUSH: decks
[🌐 ApiClient] GET https://evolution-cartinhas.8ktevp.easypanel.host/decks
[🌐 ApiClient] GET /decks → 200 (262ms)
[🌐 ApiClient] GET /conversations/unread-count → 200 (1753ms)
[🌐 ApiClient] GET /decks → 200 (1325ms)
CAPTURE_START 03_decks
CAPTURE_TAKEN 03_decks bytes=156069
SCREENSHOT_BEGIN 03_decks
SCREENSHOT_SAVED 03_deck_runtime_aggressive__03_decks.png bytes=156069
SCREENSHOT_END 03_decks
[🌐 ApiClient] POST https://evolution-cartinhas.8ktevp.easypanel.host/decks
[🌐 ApiClient] POST /decks → 200 (472ms)
[🌐 ApiClient] GET https://evolution-cartinhas.8ktevp.easypanel.host/decks
[🌐 ApiClient] POST https://evolution-cartinhas.8ktevp.easypanel.host/users/me/activation-events
[🌐 ApiClient] GET https://evolution-cartinhas.8ktevp.easypanel.host/decks
[🌐 ApiClient] GET /decks → 200 (546ms)
CAPTURE_START 04_deck_created
[🌐 ApiClient] GET /market/movers?limit=5&min_price=1.0 → 200 (5147ms)
[⚠️ SLOW REQUEST] GET /market/movers?limit=5&min_price=1.0 demorou 5147ms
[Observability] breadcrumb category=api message=api_slow_request data={method: GET, endpoint: /market/movers?limit=5&min_price=1.0, status_code: 200, duration_ms: 5147, request_id: mob-651e0a71f0192-8a7d9f5b, response_request_id: mob-651e0a71f0192-8a7d9f5b}
[🌐 ApiClient] POST /users/me/activation-events → 201 (784ms)
[🌐 ApiClient] GET /decks → 200 (247ms)
CAPTURE_TAKEN 04_deck_created bytes=274864
SCREENSHOT_BEGIN 04_deck_created
SCREENSHOT_SAVED 03_deck_runtime_aggressive__04_deck_created.png bytes=274864
SCREENSHOT_END 04_deck_created
[🌐 ApiClient] GET https://evolution-cartinhas.8ktevp.easypanel.host/decks
[🌐 ApiClient] GET /decks → 200 (220ms)
[🧭 Router] redirect: location=/decks/e2598690-600f-4aa4-b96c-f33a905d9ecb | status=AuthStatus.authenticated
[🧭 Router] → null (sem redirect)
[📱 Screen] → PUSH: :id
[🌐 ApiClient] GET https://evolution-cartinhas.8ktevp.easypanel.host/decks/e2598690-600f-4aa4-b96c-f33a905d9ecb
[🌐 ApiClient] GET /decks/e2598690-600f-4aa4-b96c-f33a905d9ecb → 200 (400ms)
CAPTURE_START 05_empty_deck_details
CAPTURE_TAKEN 05_empty_deck_details bytes=483296
SCREENSHOT_BEGIN 05_empty_deck_details
SCREENSHOT_SAVED 03_deck_runtime_aggressive__05_empty_deck_details.png bytes=483296
SCREENSHOT_END 05_empty_deck_details
CAPTURE_START 06_import_commander
CAPTURE_TAKEN 06_import_commander bytes=303619
SCREENSHOT_BEGIN 06_import_commander
SCREENSHOT_SAVED 03_deck_runtime_aggressive__06_import_commander.png bytes=303619
SCREENSHOT_END 06_import_commander
[🌐 ApiClient] POST https://evolution-cartinhas.8ktevp.easypanel.host/import/to-deck
[🌐 ApiClient] POST /import/to-deck → 200 (576ms)
[🌐 ApiClient] GET https://evolution-cartinhas.8ktevp.easypanel.host/decks/e2598690-600f-4aa4-b96c-f33a905d9ecb
[🌐 ApiClient] GET /decks/e2598690-600f-4aa4-b96c-f33a905d9ecb → 200 (721ms)
[🌐 ApiClient] GET https://evolution-cartinhas.8ktevp.easypanel.host/decks
[🌐 ApiClient] GET https://evolution-cartinhas.8ktevp.easypanel.host/decks/e2598690-600f-4aa4-b96c-f33a905d9ecb
[🌐 ApiClient] GET /decks → 200 (616ms)
[🌐 ApiClient] GET /decks/e2598690-600f-4aa4-b96c-f33a905d9ecb → 200 (1358ms)
[🌐 ApiClient] POST https://evolution-cartinhas.8ktevp.easypanel.host/decks/e2598690-600f-4aa4-b96c-f33a905d9ecb/pricing
[🌐 ApiClient] POST https://evolution-cartinhas.8ktevp.easypanel.host/decks/e2598690-600f-4aa4-b96c-f33a905d9ecb/validate
[🌐 ApiClient] POST /decks/e2598690-600f-4aa4-b96c-f33a905d9ecb/validate → 200 (461ms)
[🌐 ApiClient] POST /decks/e2598690-600f-4aa4-b96c-f33a905d9ecb/pricing → 200 (774ms)
CAPTURE_START 07_commander_imported
CAPTURE_TAKEN 07_commander_imported bytes=226392
SCREENSHOT_BEGIN 07_commander_imported
SCREENSHOT_SAVED 03_deck_runtime_aggressive__07_commander_imported.png bytes=226392
SCREENSHOT_END 07_commander_imported
CAPTURE_START 07b_import_without_commander
CAPTURE_TAKEN 07b_import_without_commander bytes=388781
SCREENSHOT_BEGIN 07b_import_without_commander
SCREENSHOT_SAVED 03_deck_runtime_aggressive__07b_import_without_commander.png bytes=388781
SCREENSHOT_END 07b_import_without_commander
[🌐 ApiClient] POST https://evolution-cartinhas.8ktevp.easypanel.host/import/to-deck
[🌐 ApiClient] POST /import/to-deck → 200 (466ms)
[🌐 ApiClient] GET https://evolution-cartinhas.8ktevp.easypanel.host/decks/e2598690-600f-4aa4-b96c-f33a905d9ecb
[🌐 ApiClient] GET /decks/e2598690-600f-4aa4-b96c-f33a905d9ecb → 200 (628ms)
[🌐 ApiClient] GET https://evolution-cartinhas.8ktevp.easypanel.host/decks
[🌐 ApiClient] GET https://evolution-cartinhas.8ktevp.easypanel.host/decks/e2598690-600f-4aa4-b96c-f33a905d9ecb
[🌐 ApiClient] GET /decks → 200 (340ms)
[🌐 ApiClient] GET /decks/e2598690-600f-4aa4-b96c-f33a905d9ecb → 200 (664ms)
[🌐 ApiClient] GET https://evolution-cartinhas.8ktevp.easypanel.host/decks
[🌐 ApiClient] GET /decks → 200 (246ms)
[🌐 ApiClient] GET https://evolution-cartinhas.8ktevp.easypanel.host/decks/e2598690-600f-4aa4-b96c-f33a905d9ecb
[🌐 ApiClient] GET /decks/e2598690-600f-4aa4-b96c-f33a905d9ecb → 200 (615ms)
CAPTURE_START 07c_commander_preserved
CAPTURE_TAKEN 07c_commander_preserved bytes=711713
SCREENSHOT_BEGIN 07c_commander_preserved
SCREENSHOT_SAVED 03_deck_runtime_aggressive__07c_commander_preserved.png bytes=711713
SCREENSHOT_END 07c_commander_preserved
[🌐 ApiClient] POST https://evolution-cartinhas.8ktevp.easypanel.host/ai/archetypes
[🌐 ApiClient] POST /ai/archetypes → 200 (5999ms)
[⚠️ SLOW REQUEST] POST /ai/archetypes demorou 5999ms
[Observability] breadcrumb category=api message=api_slow_request data={method: POST, endpoint: /ai/archetypes, status_code: 200, duration_ms: 5999, request_id: mob-651e0a86b4cbd-897468c5, response_request_id: mob-651e0a86b4cbd-897468c5}
CAPTURE_START 08_optimize_sheet
CAPTURE_TAKEN 08_optimize_sheet bytes=562738
SCREENSHOT_BEGIN 08_optimize_sheet
SCREENSHOT_SAVED 03_deck_runtime_aggressive__08_optimize_sheet.png bytes=562738
SCREENSHOT_END 08_optimize_sheet
[🌐 ApiClient] GET https://evolution-cartinhas.8ktevp.easypanel.host/notifications/count
[🌐 ApiClient] GET https://evolution-cartinhas.8ktevp.easypanel.host/conversations/unread-count
CAPTURE_START 08c_optimize_sheet_agressivo
[🌐 ApiClient] GET /notifications/count → 200 (417ms)
[🌐 ApiClient] GET /conversations/unread-count → 200 (421ms)
CAPTURE_TAKEN 08c_optimize_sheet_agressivo bytes=239618
SCREENSHOT_BEGIN 08c_optimize_sheet_agressivo
SCREENSHOT_SAVED 03_deck_runtime_aggressive__08c_optimize_sheet_agressivo.png bytes=239618
SCREENSHOT_END 08c_optimize_sheet_agressivo
🧪 [AI Optimize] request={deck_id: e2598690-600f-4aa4-b96c-f33a905d9ecb, archetype: Spellslinger, bracket: 2, keep_theme: true, intensity: aggressive}
[Observability] breadcrumb category=deck_optimize message=ai_optimize_requested data={deck_id: e2598690-600f-4aa4-b96c-f33a905d9ecb, archetype: Spellslinger, bracket: 2, keep_theme: true, intensity: aggressive}
[🌐 ApiClient] POST https://evolution-cartinhas.8ktevp.easypanel.host/ai/optimize
[🌐 ApiClient] POST /ai/optimize → 202 (397ms)
🧪 [AI Optimize] async job criado: b50aa3f713d44507d327de5b84a86424
[🌐 ApiClient] GET https://evolution-cartinhas.8ktevp.easypanel.host/ai/optimize/jobs/b50aa3f713d44507d327de5b84a86424
[🌐 ApiClient] GET /ai/optimize/jobs/b50aa3f713d44507d327de5b84a86424 → 200 (264ms)
⚠️ WARNING: ⚠️ [AI Optimize] job b50aa3f713d44507d327de5b84a86424 failed: Optimize async recebeu resposta invalida do executor interno.
CAPTURE_START 09_friendly_optimize_failure
CAPTURE_TAKEN 09_friendly_optimize_failure bytes=317997
SCREENSHOT_BEGIN 09_friendly_optimize_failure
SCREENSHOT_SAVED 03_deck_runtime_aggressive__09_friendly_optimize_failure.png bytes=317997
SCREENSHOT_END 09_friendly_optimize_failure
00:44 +1: (tearDownAll)
00:44 +1: All tests passed!
