00:00 +0: loading /Users/desenvolvimentomobile/Documents/rafa/mtg/mtgia/app/integration_test/commander_reference_feather_app_runtime_test.dart
The following target(s) do not support arm64 architecture, which is a requirement for Apple Silicon iOS 26+ simulators:
  - camera_avfoundation (Flutter plugin)
  - camera_avfoundation-camera_avfoundation_privacy
  - Firebase (transitive dependency of Flutter plugin firebase_messaging)
  - firebase_core (Flutter plugin)
  - firebase_messaging (Flutter plugin)
  - firebase_messaging-firebase_messaging_Privacy
  - firebase_performance (Flutter plugin)
  - FirebaseABTesting (transitive dependency of Flutter plugin firebase_performance)
  - FirebaseABTesting-FirebaseABTesting_Privacy (transitive dependency of Flutter plugin firebase_performance)
  - FirebaseCore (transitive dependency of Flutter plugin firebase_messaging)
  - FirebaseCore-FirebaseCore_Privacy (transitive dependency of Flutter plugin firebase_messaging)
  - FirebaseCoreExtension (transitive dependency of Flutter plugin firebase_performance)
  - FirebaseCoreExtension-FirebaseCoreExtension_Privacy (transitive dependency of Flutter plugin firebase_performance)
  - FirebaseCoreInternal (transitive dependency of Flutter plugin firebase_messaging)
  - FirebaseCoreInternal-FirebaseCoreInternal_Privacy (transitive dependency of Flutter plugin firebase_messaging)
  - FirebaseInstallations (transitive dependency of Flutter plugin firebase_messaging)
  - FirebaseInstallations-FirebaseInstallations_Privacy (transitive dependency of Flutter plugin firebase_messaging)
  - FirebaseMessaging (transitive dependency of Flutter plugin firebase_messaging)
  - FirebaseMessaging-FirebaseMessaging_Privacy (transitive dependency of Flutter plugin firebase_messaging)
  - FirebasePerformance (transitive dependency of Flutter plugin firebase_performance)
  - FirebaseRemoteConfig (transitive dependency of Flutter plugin firebase_performance)
  - FirebaseRemoteConfig-FirebaseRemoteConfig_Privacy (transitive dependency of Flutter plugin firebase_performance)
  - FirebaseRemoteConfigInterop (transitive dependency of Flutter plugin firebase_performance)
  - FirebaseSessions (transitive dependency of Flutter plugin firebase_performance)
  - FirebaseSharedSwift (transitive dependency of Flutter plugin firebase_performance)
  - Flutter (transitive dependency of Flutter plugin camera_avfoundation)
  - google_mlkit_commons (Flutter plugin)
  - google_mlkit_text_recognition (Flutter plugin)
  - GoogleDataTransport (transitive dependency of Flutter plugin firebase_messaging)
  - GoogleDataTransport-GoogleDataTransport_Privacy (transitive dependency of Flutter plugin firebase_messaging)
  - GoogleMLKit (transitive dependency of Flutter plugin google_mlkit_text_recognition)
  - GoogleToolboxForMac (transitive dependency of Flutter plugin google_mlkit_text_recognition)
  - GoogleToolboxForMac-GoogleToolboxForMac_Logger_Privacy
  - GoogleToolboxForMac-GoogleToolboxForMac_Privacy
  - GoogleUtilities (transitive dependency of Flutter plugin firebase_messaging)
  - GoogleUtilities-GoogleUtilities_Privacy
  - GTMSessionFetcher (transitive dependency of Flutter plugin google_mlkit_text_recognition)
  - GTMSessionFetcher-GTMSessionFetcher_Core_Privacy
  - integration_test (Flutter plugin)
  - MLImage (transitive dependency of Flutter plugin google_mlkit_commons)
  - MLKitCommon (transitive dependency of Flutter plugin google_mlkit_text_recognition)
  - MLKitTextRecognition (transitive dependency of Flutter plugin google_mlkit_text_recognition)
  - MLKitTextRecognition-LatinOCRResources (transitive dependency of Flutter plugin google_mlkit_text_recognition)
  - MLKitTextRecognitionCommon (transitive dependency of Flutter plugin google_mlkit_text_recognition)
  - MLKitVision (transitive dependency of Flutter plugin google_mlkit_commons)
  - nanopb (transitive dependency of Flutter plugin firebase_messaging)
  - nanopb-nanopb_Privacy (transitive dependency of Flutter plugin firebase_messaging)
  - objective_c (Flutter plugin)
  - package_info_plus (Flutter plugin)
  - package_info_plus-package_info_plus_privacy
  - permission_handler_apple (Flutter plugin)
  - permission_handler_apple-permission_handler_apple_privacy
  - PromisesObjC (transitive dependency of Flutter plugin firebase_messaging)
  - PromisesObjC-FBLPromises_Privacy (transitive dependency of Flutter plugin firebase_messaging)
  - PromisesSwift (transitive dependency of Flutter plugin firebase_performance)
  - PromisesSwift-Promises_Privacy (transitive dependency of Flutter plugin firebase_performance)
  - Sentry (transitive dependency of Flutter plugin sentry_flutter)
  - Sentry-Sentry
  - sentry_flutter (Flutter plugin)
  - share_plus (Flutter plugin)
  - share_plus-share_plus_privacy
  - shared_preferences_foundation (Flutter plugin)
  - shared_preferences_foundation-shared_preferences_foundation_privacy
  - sqflite_darwin (Flutter plugin)
  - sqflite_darwin-sqflite_darwin_privacy
  - webview_flutter_wkwebview (Flutter plugin)
  - webview_flutter_wkwebview-webview_flutter_wkwebview_privacy
  - camera_avfoundation (Flutter plugin)

Please contact plugin maintainers to request arm64 support to continue to be able to use the plugin on a simulator.
Running Xcode build...
Xcode build done.                                           25.2s
00:00 +0: iPhone 15 runtime: Commander Reference Feather app proof
COMMANDER_REFERENCE_FEATHER_APP_BASE_URL https://evolution-cartinhas.8ktevp.easypanel.host
[⚠️ ApiClient] Firebase Performance indisponível; métricas HTTP desativadas nesta sessão. Detalhe: [core/no-app] No Firebase App '[DEFAULT]' has been created - call Firebase.initializeApp()
[🌐 ApiClient] GET https://evolution-cartinhas.8ktevp.easypanel.host/health
[🌐 ApiClient] GET /health → 200 (1028ms)
COMMANDER_REFERENCE_FEATHER_APP_HEALTH status=200 git_sha=dc53d092ee9f1955a52d2e0fd45d22298ca91540 latency_ms=1028
[🌐 ApiClient] baseUrl = https://evolution-cartinhas.8ktevp.easypanel.host
[🌐 ApiClient] platform = TargetPlatform.iOS | kIsWeb=false | kDebugMode=true
[🧭 Router] redirect: location=/ | status=AuthStatus.initial
[🔑 Auth] initialize() → loading
[🧭 Router] redirect: location=/ | status=AuthStatus.loading
[🔑 Auth] savedToken exists: false, savedUser exists: false
[🔑 Auth] initialize() concluído → AuthStatus.unauthenticated
[🧭 Router] redirect: location=/ | status=AuthStatus.unauthenticated
[🧭 Router] redirect: location=/login | status=AuthStatus.unauthenticated
[🧭 Router] → null (sem redirect)
[📱 Screen] → PUSH: login
CAPTURE_START commander_reference_feather_01_login
CAPTURE_CONVERT_BEGIN commander_reference_feather_01_login
CAPTURE_CONVERT_DONE commander_reference_feather_01_login
CAPTURE_TAKEN commander_reference_feather_01_login bytes=736292
SCREENSHOT_BEGIN commander_reference_feather_01_login
SCREENSHOT_SAVED 04_commander_reference_feather_generate__commander_reference_feather_01_login.png bytes=736292
SCREENSHOT_END commander_reference_feather_01_login
[🧭 Router] redirect: location=/register | status=AuthStatus.unauthenticated
[🧭 Router] → null (sem redirect)
[📱 Screen] → PUSH: register
[🧭 Router] redirect: location=/login | status=AuthStatus.loading
[🧭 Router] → null (status=AuthStatus.loading, aguardando)
[🌐 ApiClient] POST https://evolution-cartinhas.8ktevp.easypanel.host/auth/register
[🌐 ApiClient] POST /auth/register → 201 (496ms)
[🌐 ApiClient] GET https://evolution-cartinhas.8ktevp.easypanel.host/notifications/count
[🌐 ApiClient] GET https://evolution-cartinhas.8ktevp.easypanel.host/conversations/unread-count
[Push] Firebase ainda não inicializado; aguardando init
[🧭 Router] redirect: location=/login | status=AuthStatus.authenticated
[🧭 Router] → /home (já autenticado)
[📱 Screen] → PUSH: home
[🌐 ApiClient] GET https://evolution-cartinhas.8ktevp.easypanel.host/decks
[🌐 ApiClient] GET https://evolution-cartinhas.8ktevp.easypanel.host/market/movers?limit=5&min_price=1.0
CAPTURE_START commander_reference_feather_02_registered
[🌐 ApiClient] GET /notifications/count → 200 (694ms)
CAPTURE_TAKEN commander_reference_feather_02_registered bytes=632155
SCREENSHOT_BEGIN commander_reference_feather_02_registered
SCREENSHOT_SAVED 04_commander_reference_feather_generate__commander_reference_feather_02_registered.png bytes=632155
SCREENSHOT_END commander_reference_feather_02_registered
[🌐 ApiClient] GET /conversations/unread-count → 200 (1146ms)
[🌐 ApiClient] baseUrl = https://evolution-cartinhas.8ktevp.easypanel.host
[🌐 ApiClient] platform = TargetPlatform.iOS | kIsWeb=false | kDebugMode=true
[🧭 Router] redirect: location=/ | status=AuthStatus.initial
[🔑 Auth] initialize() → loading
[🧭 Router] redirect: location=/ | status=AuthStatus.loading
[🔑 Auth] savedToken exists: false, savedUser exists: false
[🔑 Auth] initialize() concluído → AuthStatus.unauthenticated
[🧭 Router] redirect: location=/ | status=AuthStatus.unauthenticated
[🌐 ApiClient] GET /decks → 200 (1072ms)
[🧭 Router] redirect: location=/login | status=AuthStatus.unauthenticated
[🧭 Router] → null (sem redirect)
[📱 Screen] → PUSH: login
[📱 LoginScreen] _handleLogin() chamado
[📱 LoginScreen] chamando authProvider.login()...
[🔑 Auth] login() chamado email_domain=runtime.invalid
[🧭 Router] redirect: location=/login | status=AuthStatus.loading
[🧭 Router] → null (status=AuthStatus.loading, aguardando)
[🔑 Auth] enviando POST /auth/login...
[🌐 ApiClient] POST https://evolution-cartinhas.8ktevp.easypanel.host/auth/login
[🌐 ApiClient] GET /market/movers?limit=5&min_price=1.0 → 200 (4920ms)
[⚠️ SLOW REQUEST] GET /market/movers?limit=5&min_price=1.0 demorou 4920ms
[Observability] breadcrumb category=api message=api_slow_request data={method: GET, endpoint: /market/movers?limit=5&min_price=1.0, status_code: 200, duration_ms: 4920, request_id: mob-651e0adb08e5a-438ebbd1, response_request_id: mob-651e0adb08e5a-438ebbd1}
[🌐 ApiClient] POST /auth/login → 200 (410ms)
[🔑 Auth] resposta recebida: statusCode=200
[🔑 Auth] token recebido: sim
[🔑 Auth] user parsed: runtime_feather_app_19e2d3ac137
[🔑 Auth] credenciais salvas
[🔑 Auth] status → authenticated ✅
[🌐 ApiClient] GET https://evolution-cartinhas.8ktevp.easypanel.host/notifications/count
[🌐 ApiClient] GET https://evolution-cartinhas.8ktevp.easypanel.host/conversations/unread-count
[🧭 Router] redirect: location=/login | status=AuthStatus.authenticated
[🧭 Router] → /home (já autenticado)
[📱 LoginScreen] login retornou: success=true
[📱 LoginScreen] ✅ login OK — aguardando redirect do GoRouter
[📱 Screen] → PUSH: home
[🌐 ApiClient] GET https://evolution-cartinhas.8ktevp.easypanel.host/decks
[🌐 ApiClient] GET https://evolution-cartinhas.8ktevp.easypanel.host/market/movers?limit=5&min_price=1.0
[🌐 ApiClient] GET /notifications/count → 200 (367ms)
[🌐 ApiClient] GET /conversations/unread-count → 200 (368ms)
CAPTURE_START commander_reference_feather_03_logged_in
[🌐 ApiClient] GET /decks → 200 (395ms)
CAPTURE_TAKEN commander_reference_feather_03_logged_in bytes=624151
SCREENSHOT_BEGIN commander_reference_feather_03_logged_in
SCREENSHOT_SAVED 04_commander_reference_feather_generate__commander_reference_feather_03_logged_in.png bytes=624151
SCREENSHOT_END commander_reference_feather_03_logged_in
COMMANDER_REFERENCE_FEATHER_APP_AUTH_SUMMARY register_ui=true login_ui=true
[🧭 Router] redirect: location=/decks | status=AuthStatus.authenticated
[🧭 Router] → null (sem redirect)
[📱 Screen] → PUSH: decks
[🌐 ApiClient] GET https://evolution-cartinhas.8ktevp.easypanel.host/decks
[🌐 ApiClient] GET /decks → 200 (286ms)
[🧭 Router] redirect: location=/decks/generate | status=AuthStatus.authenticated
[🧭 Router] → null (sem redirect)
[📱 Screen] → PUSH: generate
CAPTURE_START commander_reference_feather_feather_01_generate_screen
CAPTURE_TAKEN commander_reference_feather_feather_01_generate_screen bytes=263041
SCREENSHOT_BEGIN commander_reference_feather_feather_01_generate_screen
SCREENSHOT_SAVED 04_commander_reference_feather_generate__commander_reference_feather_feather_01_generate_screen.png bytes=263041
SCREENSHOT_END commander_reference_feather_feather_01_generate_screen
[🌐 ApiClient] POST https://evolution-cartinhas.8ktevp.easypanel.host/ai/generate
[🌐 ApiClient] POST /ai/generate → 202 (416ms)
ℹ️ [DeckGenerate] async accepted status=202 job_id=754902e5ccdad3b1373519e3d1902c1e accepted_ms=416
[Observability] breadcrumb category=ai_generate message=ai_generate_async_accepted data={status_code: 202, job_id: 754902e5ccdad3b1373519e3d1902c1e, accepted_ms: 416}
ℹ️ [DeckGenerate] initial async feedback after 433ms
[🌐 ApiClient] GET /market/movers?limit=5&min_price=1.0 → 200 (4292ms)
[⚠️ SLOW REQUEST] GET /market/movers?limit=5&min_price=1.0 demorou 4292ms
[Observability] breadcrumb category=api message=api_slow_request data={method: GET, endpoint: /market/movers?limit=5&min_price=1.0, status_code: 200, duration_ms: 4292, request_id: mob-651e0ae033b17-1f16a5d9, response_request_id: mob-651e0ae033b17-1f16a5d9}
COMMANDER_REFERENCE_FEATHER_APP_GENERATE_INITIAL_FEEDBACK commander="Feather, the Redeemed" archetype=boros_heroic_spellslinger elapsed_ms=713
[🌐 ApiClient] GET https://evolution-cartinhas.8ktevp.easypanel.host/ai/generate/jobs/754902e5ccdad3b1373519e3d1902c1e
[🌐 ApiClient] GET /ai/generate/jobs/754902e5ccdad3b1373519e3d1902c1e → 200 (434ms)
ℹ️ [DeckGenerate] async completed job_id=754902e5ccdad3b1373519e3d1902c1e result_status=200 elapsed_ms=5457
[Observability] breadcrumb category=ai_generate message=ai_generate_async_completed data={job_id: 754902e5ccdad3b1373519e3d1902c1e, result_status_code: 200, elapsed_ms: 5457}
ℹ️ [DeckGenerate] reference diagnostics commander="Feather, the Redeemed" reference_profile_used=true reference_card_stats_used=true on_theme_candidate_count=31 unresolved_reference_cards=0
CAPTURE_START commander_reference_feather_feather_02_preview
CAPTURE_TAKEN commander_reference_feather_feather_02_preview bytes=256791
SCREENSHOT_BEGIN commander_reference_feather_feather_02_preview
SCREENSHOT_SAVED 04_commander_reference_feather_generate__commander_reference_feather_feather_02_preview.png bytes=256791
SCREENSHOT_END commander_reference_feather_feather_02_preview
[🌐 ApiClient] POST https://evolution-cartinhas.8ktevp.easypanel.host/cards/resolve/batch
[🌐 ApiClient] POST /cards/resolve/batch → 200 (438ms)
[🌐 ApiClient] POST https://evolution-cartinhas.8ktevp.easypanel.host/decks
[🌐 ApiClient] POST /decks → 200 (436ms)
[🌐 ApiClient] GET https://evolution-cartinhas.8ktevp.easypanel.host/decks
[🌐 ApiClient] POST https://evolution-cartinhas.8ktevp.easypanel.host/users/me/activation-events
[🧭 Router] redirect: location=/decks | status=AuthStatus.authenticated
[🧭 Router] → null (sem redirect)
[📱 Screen] ← POP: generate (10220ms)
[⚠️ SLOW SCREEN] generate demorou 10s
[🌐 ApiClient] GET https://evolution-cartinhas.8ktevp.easypanel.host/decks
[🌐 ApiClient] GET /decks → 200 (650ms)
[🌐 ApiClient] POST /users/me/activation-events → 201 (1835ms)
[🌐 ApiClient] GET /decks → 200 (1226ms)
[🌐 ApiClient] GET https://evolution-cartinhas.8ktevp.easypanel.host/decks
[🌐 ApiClient] GET /decks → 200 (232ms)
[🧭 Router] redirect: location=/decks/65b87379-9a89-41bf-a5ef-e36e33b3f686 | status=AuthStatus.authenticated
[🧭 Router] → null (sem redirect)
[📱 Screen] → PUSH: :id
[🌐 ApiClient] GET https://evolution-cartinhas.8ktevp.easypanel.host/decks/65b87379-9a89-41bf-a5ef-e36e33b3f686
CAPTURE_START commander_reference_feather_feather_03_details
[🌐 ApiClient] GET /decks/65b87379-9a89-41bf-a5ef-e36e33b3f686 → 200 (640ms)
[🌐 ApiClient] POST https://evolution-cartinhas.8ktevp.easypanel.host/decks/65b87379-9a89-41bf-a5ef-e36e33b3f686/pricing
[🌐 ApiClient] POST https://evolution-cartinhas.8ktevp.easypanel.host/decks/65b87379-9a89-41bf-a5ef-e36e33b3f686/validate
CAPTURE_TAKEN commander_reference_feather_feather_03_details bytes=1382344
SCREENSHOT_BEGIN commander_reference_feather_feather_03_details
SCREENSHOT_SAVED 04_commander_reference_feather_generate__commander_reference_feather_feather_03_details.png bytes=1382344
SCREENSHOT_END commander_reference_feather_feather_03_details
[🌐 ApiClient] GET https://evolution-cartinhas.8ktevp.easypanel.host/decks/65b87379-9a89-41bf-a5ef-e36e33b3f686
[🌐 ApiClient] POST /decks/65b87379-9a89-41bf-a5ef-e36e33b3f686/validate → 200 (348ms)
[🌐 ApiClient] POST /decks/65b87379-9a89-41bf-a5ef-e36e33b3f686/pricing → 200 (705ms)
[🌐 ApiClient] GET /decks/65b87379-9a89-41bf-a5ef-e36e33b3f686 → 200 (672ms)
[🌐 ApiClient] POST https://evolution-cartinhas.8ktevp.easypanel.host/decks/65b87379-9a89-41bf-a5ef-e36e33b3f686/validate
[🌐 ApiClient] POST /decks/65b87379-9a89-41bf-a5ef-e36e33b3f686/validate → 200 (253ms)
COMMANDER_REFERENCE_FEATHER_APP_VALIDATE_SUMMARY {"deck_id":"65b87379-9a89-41bf-a5ef-e36e33b3f686","commander":"Feather, the Redeemed","archetype":"boros_heroic_spellslinger","app_runtime_valid":true,"deck_commander_name_matches":true,"raw_commander_entries":1,"raw_commander_names":["Feather, the Redeemed"],"validation_ok":true,"main_quantity":99,"total":100,"commander_count":1,"commander_in_99_count":0,"off_identity":0}
COMMANDER_REFERENCE_FEATHER_APP_RUNTIME_SUMMARY {"deck_id":"65b87379-9a89-41bf-a5ef-e36e33b3f686","commander":"Feather, the Redeemed","archetype":"boros_heroic_spellslinger","app_runtime_valid":true,"deck_commander_name_matches":true,"raw_commander_entries":1,"raw_commander_names":["Feather, the Redeemed"],"validation_ok":true,"main_quantity":99,"total":100,"commander_count":1,"commander_in_99_count":0,"off_identity":0}
[📱 Screen] ← POP: :id (2817ms)
[🌐 ApiClient] GET https://evolution-cartinhas.8ktevp.easypanel.host/decks
[🌐 ApiClient] GET /decks → 200 (456ms)
COMMANDER_REFERENCE_FEATHER_APP_FINAL_SUMMARY {"deck_id":"65b87379-9a89-41bf-a5ef-e36e33b3f686","commander":"Feather, the Redeemed","archetype":"boros_heroic_spellslinger","app_runtime_valid":true,"deck_commander_name_matches":true,"raw_commander_entries":1,"raw_commander_names":["Feather, the Redeemed"],"validation_ok":true,"main_quantity":99,"total":100,"commander_count":1,"commander_in_99_count":0,"off_identity":0}
00:36 +1: (tearDownAll)
00:37 +1: All tests passed!
