00:00 +0: loading /Users/desenvolvimentomobile/Documents/rafa/mtg/mtgia/app/integration_test/binder_marketplace_trade_runtime_test.dart
The following target(s) do not support arm64 architecture, which is a requirement for Apple Silicon iOS 26+ simulators:
  - camera_avfoundation (Flutter plugin)
  - camera_avfoundation-camera_avfoundation_privacy
  - Firebase (transitive dependency of Flutter plugin firebase_messaging)
  - firebase_core (Flutter plugin)
  - firebase_messaging (Flutter plugin)
  - firebase_messaging-firebase_messaging_Privacy
  - firebase_performance (Flutter plugin)
  - FirebaseABTesting (transitive dependency of Flutter plugin firebase_performance)
  - FirebaseABTesting-FirebaseABTesting_Privacy (transitive dependency of Flutter plugin firebase_performance)
  - FirebaseCore (transitive dependency of Flutter plugin firebase_messaging)
  - FirebaseCore-FirebaseCore_Privacy (transitive dependency of Flutter plugin firebase_messaging)
  - FirebaseCoreExtension (transitive dependency of Flutter plugin firebase_performance)
  - FirebaseCoreExtension-FirebaseCoreExtension_Privacy (transitive dependency of Flutter plugin firebase_performance)
  - FirebaseCoreInternal (transitive dependency of Flutter plugin firebase_messaging)
  - FirebaseCoreInternal-FirebaseCoreInternal_Privacy (transitive dependency of Flutter plugin firebase_messaging)
  - FirebaseInstallations (transitive dependency of Flutter plugin firebase_messaging)
  - FirebaseInstallations-FirebaseInstallations_Privacy (transitive dependency of Flutter plugin firebase_messaging)
  - FirebaseMessaging (transitive dependency of Flutter plugin firebase_messaging)
  - FirebaseMessaging-FirebaseMessaging_Privacy (transitive dependency of Flutter plugin firebase_messaging)
  - FirebasePerformance (transitive dependency of Flutter plugin firebase_performance)
  - FirebaseRemoteConfig (transitive dependency of Flutter plugin firebase_performance)
  - FirebaseRemoteConfig-FirebaseRemoteConfig_Privacy (transitive dependency of Flutter plugin firebase_performance)
  - FirebaseRemoteConfigInterop (transitive dependency of Flutter plugin firebase_performance)
  - FirebaseSessions (transitive dependency of Flutter plugin firebase_performance)
  - FirebaseSharedSwift (transitive dependency of Flutter plugin firebase_performance)
  - Flutter (transitive dependency of Flutter plugin camera_avfoundation)
  - google_mlkit_commons (Flutter plugin)
  - google_mlkit_text_recognition (Flutter plugin)
  - GoogleDataTransport (transitive dependency of Flutter plugin firebase_messaging)
  - GoogleDataTransport-GoogleDataTransport_Privacy (transitive dependency of Flutter plugin firebase_messaging)
  - GoogleMLKit (transitive dependency of Flutter plugin google_mlkit_text_recognition)
  - GoogleToolboxForMac (transitive dependency of Flutter plugin google_mlkit_text_recognition)
  - GoogleToolboxForMac-GoogleToolboxForMac_Logger_Privacy
  - GoogleToolboxForMac-GoogleToolboxForMac_Privacy
  - GoogleUtilities (transitive dependency of Flutter plugin firebase_messaging)
  - GoogleUtilities-GoogleUtilities_Privacy
  - GTMSessionFetcher (transitive dependency of Flutter plugin google_mlkit_text_recognition)
  - GTMSessionFetcher-GTMSessionFetcher_Core_Privacy
  - integration_test (Flutter plugin)
  - MLImage (transitive dependency of Flutter plugin google_mlkit_commons)
  - MLKitCommon (transitive dependency of Flutter plugin google_mlkit_text_recognition)
  - MLKitTextRecognition (transitive dependency of Flutter plugin google_mlkit_text_recognition)
  - MLKitTextRecognition-LatinOCRResources (transitive dependency of Flutter plugin google_mlkit_text_recognition)
  - MLKitTextRecognitionCommon (transitive dependency of Flutter plugin google_mlkit_text_recognition)
  - MLKitVision (transitive dependency of Flutter plugin google_mlkit_commons)
  - nanopb (transitive dependency of Flutter plugin firebase_messaging)
  - nanopb-nanopb_Privacy (transitive dependency of Flutter plugin firebase_messaging)
  - objective_c (Flutter plugin)
  - package_info_plus (Flutter plugin)
  - package_info_plus-package_info_plus_privacy
  - permission_handler_apple (Flutter plugin)
  - permission_handler_apple-permission_handler_apple_privacy
  - PromisesObjC (transitive dependency of Flutter plugin firebase_messaging)
  - PromisesObjC-FBLPromises_Privacy (transitive dependency of Flutter plugin firebase_messaging)
  - PromisesSwift (transitive dependency of Flutter plugin firebase_performance)
  - PromisesSwift-Promises_Privacy (transitive dependency of Flutter plugin firebase_performance)
  - Sentry (transitive dependency of Flutter plugin sentry_flutter)
  - Sentry-Sentry
  - sentry_flutter (Flutter plugin)
  - share_plus (Flutter plugin)
  - share_plus-share_plus_privacy
  - shared_preferences_foundation (Flutter plugin)
  - shared_preferences_foundation-shared_preferences_foundation_privacy
  - sqflite_darwin (Flutter plugin)
  - sqflite_darwin-sqflite_darwin_privacy
  - webview_flutter_wkwebview (Flutter plugin)
  - webview_flutter_wkwebview-webview_flutter_wkwebview_privacy
  - camera_avfoundation (Flutter plugin)

Please contact plugin maintainers to request arm64 support to continue to be able to use the plugin on a simulator.
Running Xcode build...
Xcode build done.                                           27.8s
00:00 +0: iPhone 15 runtime: binder marketplace sale trade lifecycle with notifications
BINDER_MARKETPLACE_TRADE_BASE_URL https://evolution-cartinhas.8ktevp.easypanel.host
BINDER_MARKETPLACE_TRADE_MARKER qa_bmt_19e2d44eb17
[🔑 Auth] login() chamado email_domain=example.com
[🔑 Auth] enviando POST /auth/login...
[⚠️ ApiClient] Firebase Performance indisponível; métricas HTTP desativadas nesta sessão. Detalhe: [core/no-app] No Firebase App '[DEFAULT]' has been created - call Firebase.initializeApp()
[🌐 ApiClient] POST https://evolution-cartinhas.8ktevp.easypanel.host/auth/login
[🌐 ApiClient] POST /auth/login → 200 (767ms)
[🔑 Auth] resposta recebida: statusCode=200
[🔑 Auth] token recebido: sim
[🔑 Auth] user parsed: qa_bmt_19e2d44eb17_buyer_651e0d547d8e9
[🔑 Auth] credenciais salvas
[🔑 Auth] status → authenticated ✅
[🌐 ApiClient] GET https://evolution-cartinhas.8ktevp.easypanel.host/cards/printings?name=Command+Tower&limit=50
[🌐 ApiClient] GET /cards/printings?name=Command+Tower&limit=50 → 200 (622ms)
[🌐 ApiClient] POST https://evolution-cartinhas.8ktevp.easypanel.host/binder
[🌐 ApiClient] POST /binder → 201 (541ms)
[🌐 ApiClient] GET https://evolution-cartinhas.8ktevp.easypanel.host/binder?page=1&limit=20&sort=name&order=asc
[🌐 ApiClient] GET /binder?page=1&limit=20&sort=name&order=asc → 200 (218ms)
[🌐 ApiClient] GET https://evolution-cartinhas.8ktevp.easypanel.host/binder/stats
[🌐 ApiClient] GET /binder/stats → 200 (347ms)
[🌐 ApiClient] GET https://evolution-cartinhas.8ktevp.easypanel.host/binder?page=1&limit=20&list_type=have&search=Command%20Tower&sort=name&order=asc
[🌐 ApiClient] GET /binder?page=1&limit=20&list_type=have&search=Command%20Tower&sort=name&order=asc → 200 (237ms)
[🌐 ApiClient] PUT https://evolution-cartinhas.8ktevp.easypanel.host/binder/5cfad5d8-fdc6-48fb-a5ac-66729cd9cdda
[🌐 ApiClient] PUT /binder/5cfad5d8-fdc6-48fb-a5ac-66729cd9cdda → 200 (359ms)
[🌐 ApiClient] GET https://evolution-cartinhas.8ktevp.easypanel.host/binder/stats
[🌐 ApiClient] GET /binder/stats → 200 (353ms)
[🌐 ApiClient] GET https://evolution-cartinhas.8ktevp.easypanel.host/binder?page=1&limit=20&list_type=have&search=Command%20Tower&sort=name&order=asc
[🌐 ApiClient] GET /binder?page=1&limit=20&list_type=have&search=Command%20Tower&sort=name&order=asc → 200 (256ms)
[🌐 ApiClient] DELETE https://evolution-cartinhas.8ktevp.easypanel.host/binder/5cfad5d8-fdc6-48fb-a5ac-66729cd9cdda
[🌐 ApiClient] DELETE /binder/5cfad5d8-fdc6-48fb-a5ac-66729cd9cdda → 204 (304ms)
[🌐 ApiClient] GET https://evolution-cartinhas.8ktevp.easypanel.host/binder/stats
[🌐 ApiClient] GET /binder/stats → 200 (353ms)
[🌐 ApiClient] GET https://evolution-cartinhas.8ktevp.easypanel.host/binder?page=1&limit=20&list_type=have&sort=name&order=asc
[🌐 ApiClient] GET https://evolution-cartinhas.8ktevp.easypanel.host/binder/stats
[🌐 ApiClient] GET /binder?page=1&limit=20&list_type=have&sort=name&order=asc → 200 (277ms)
[🌐 ApiClient] GET /binder/stats → 200 (942ms)
CAPTURE_START market_trade_01_binder_have
CAPTURE_CONVERT_BEGIN market_trade_01_binder_have
CAPTURE_CONVERT_DONE market_trade_01_binder_have
CAPTURE_TAKEN market_trade_01_binder_have bytes=58815
SCREENSHOT_BEGIN market_trade_01_binder_have
SCREENSHOT_SAVED 05_binder_marketplace_trade_messages_notifications_rerun3__market_trade_01_binder_have.png bytes=58815
SCREENSHOT_END market_trade_01_binder_have
[🌐 ApiClient] GET https://evolution-cartinhas.8ktevp.easypanel.host/community/marketplace?page=1&limit=20
[🌐 ApiClient] GET https://evolution-cartinhas.8ktevp.easypanel.host/community/marketplace?page=1&limit=20&search=Sol%20Ring
[🌐 ApiClient] GET /community/marketplace?page=1&limit=20 → 200 (794ms)
[🌐 ApiClient] GET /community/marketplace?page=1&limit=20&search=Sol%20Ring → 200 (556ms)
CAPTURE_START market_trade_02_marketplace_result
CAPTURE_TAKEN market_trade_02_marketplace_result bytes=58815
SCREENSHOT_BEGIN market_trade_02_marketplace_result
SCREENSHOT_SAVED 05_binder_marketplace_trade_messages_notifications_rerun3__market_trade_02_marketplace_result.png bytes=58815
SCREENSHOT_END market_trade_02_marketplace_result
[🌐 ApiClient] GET https://evolution-cartinhas.8ktevp.easypanel.host/binder?page=1&limit=200&list_type=have&for_trade=true&sort=name&order=asc
[🌐 ApiClient] GET /binder?page=1&limit=200&list_type=have&for_trade=true&sort=name&order=asc → 200 (308ms)
CAPTURE_START market_trade_03_create_trade
CAPTURE_TAKEN market_trade_03_create_trade bytes=58815
SCREENSHOT_BEGIN market_trade_03_create_trade
SCREENSHOT_SAVED 05_binder_marketplace_trade_messages_notifications_rerun3__market_trade_03_create_trade.png bytes=58815
SCREENSHOT_END market_trade_03_create_trade
CAPTURE_START market_trade_04_create_trade_review
CAPTURE_TAKEN market_trade_04_create_trade_review bytes=58815
SCREENSHOT_BEGIN market_trade_04_create_trade_review
SCREENSHOT_SAVED 05_binder_marketplace_trade_messages_notifications_rerun3__market_trade_04_create_trade_review.png bytes=58815
SCREENSHOT_END market_trade_04_create_trade_review
[🌐 ApiClient] POST https://evolution-cartinhas.8ktevp.easypanel.host/trades
[🌐 ApiClient] POST /trades → 201 (593ms)
[🌐 ApiClient] GET https://evolution-cartinhas.8ktevp.easypanel.host/trades?page=1&limit=20&role=all
[🌐 ApiClient] GET /trades?page=1&limit=20&role=all → 200 (317ms)
BINDER_MARKETPLACE_TRADE_ID b9a9b0cf-8ad2-4185-a870-e2d5f59f7ac2
[🌐 ApiClient] GET https://evolution-cartinhas.8ktevp.easypanel.host/trades?page=1&limit=20&role=receiver&status=pending
[🌐 ApiClient] GET /trades?page=1&limit=20&role=receiver&status=pending → 200 (354ms)
[🌐 ApiClient] GET https://evolution-cartinhas.8ktevp.easypanel.host/trades?page=1&limit=20&role=sender
[🌐 ApiClient] GET /trades?page=1&limit=20&role=sender → 200 (404ms)
CAPTURE_START market_trade_05_trade_list
CAPTURE_TAKEN market_trade_05_trade_list bytes=58815
SCREENSHOT_BEGIN market_trade_05_trade_list
SCREENSHOT_SAVED 05_binder_marketplace_trade_messages_notifications_rerun3__market_trade_05_trade_list.png bytes=58815
SCREENSHOT_END market_trade_05_trade_list
[🔑 Auth] initialize() → loading
[🔑 Auth] savedToken exists: true, savedUser exists: true
[🔑 Auth] validando token com backend...
[🌐 ApiClient] GET https://evolution-cartinhas.8ktevp.easypanel.host/auth/me
[🌐 ApiClient] GET /auth/me → 200 (211ms)
[🔑 Auth] token válido: true
[🔑 Auth] initialize() concluído → AuthStatus.authenticated
[🌐 ApiClient] GET https://evolution-cartinhas.8ktevp.easypanel.host/trades/b9a9b0cf-8ad2-4185-a870-e2d5f59f7ac2
[🌐 ApiClient] GET /trades/b9a9b0cf-8ad2-4185-a870-e2d5f59f7ac2 → 200 (228ms)
CAPTURE_START market_trade_06_trade_detail_pending
CAPTURE_TAKEN market_trade_06_trade_detail_pending bytes=58815
SCREENSHOT_BEGIN market_trade_06_trade_detail_pending
SCREENSHOT_SAVED 05_binder_marketplace_trade_messages_notifications_rerun3__market_trade_06_trade_detail_pending.png bytes=58815
SCREENSHOT_END market_trade_06_trade_detail_pending
[🌐 ApiClient] PUT https://evolution-cartinhas.8ktevp.easypanel.host/trades/b9a9b0cf-8ad2-4185-a870-e2d5f59f7ac2/respond
[🌐 ApiClient] PUT /trades/b9a9b0cf-8ad2-4185-a870-e2d5f59f7ac2/respond → 200 (352ms)
[🌐 ApiClient] GET https://evolution-cartinhas.8ktevp.easypanel.host/trades/b9a9b0cf-8ad2-4185-a870-e2d5f59f7ac2
[🌐 ApiClient] GET /trades/b9a9b0cf-8ad2-4185-a870-e2d5f59f7ac2 → 200 (230ms)
CAPTURE_START market_trade_07_trade_detail_accepted
CAPTURE_TAKEN market_trade_07_trade_detail_accepted bytes=58815
SCREENSHOT_BEGIN market_trade_07_trade_detail_accepted
SCREENSHOT_SAVED 05_binder_marketplace_trade_messages_notifications_rerun3__market_trade_07_trade_detail_accepted.png bytes=58815
SCREENSHOT_END market_trade_07_trade_detail_accepted
[🌐 ApiClient] POST https://evolution-cartinhas.8ktevp.easypanel.host/trades/b9a9b0cf-8ad2-4185-a870-e2d5f59f7ac2/messages
[🌐 ApiClient] POST /trades/b9a9b0cf-8ad2-4185-a870-e2d5f59f7ac2/messages → 201 (270ms)
CAPTURE_START market_trade_08_trade_chat
CAPTURE_TAKEN market_trade_08_trade_chat bytes=58815
SCREENSHOT_BEGIN market_trade_08_trade_chat
SCREENSHOT_SAVED 05_binder_marketplace_trade_messages_notifications_rerun3__market_trade_08_trade_chat.png bytes=58815
SCREENSHOT_END market_trade_08_trade_chat
[🌐 ApiClient] PUT https://evolution-cartinhas.8ktevp.easypanel.host/trades/b9a9b0cf-8ad2-4185-a870-e2d5f59f7ac2/status
[🌐 ApiClient] PUT /trades/b9a9b0cf-8ad2-4185-a870-e2d5f59f7ac2/status → 200 (422ms)
[🌐 ApiClient] GET https://evolution-cartinhas.8ktevp.easypanel.host/trades/b9a9b0cf-8ad2-4185-a870-e2d5f59f7ac2
[🌐 ApiClient] GET /trades/b9a9b0cf-8ad2-4185-a870-e2d5f59f7ac2 → 200 (243ms)
CAPTURE_START market_trade_09_trade_detail_shipped
CAPTURE_TAKEN market_trade_09_trade_detail_shipped bytes=58815
SCREENSHOT_BEGIN market_trade_09_trade_detail_shipped
SCREENSHOT_SAVED 05_binder_marketplace_trade_messages_notifications_rerun3__market_trade_09_trade_detail_shipped.png bytes=58815
SCREENSHOT_END market_trade_09_trade_detail_shipped
[🔑 Auth] initialize() → loading
[🔑 Auth] savedToken exists: true, savedUser exists: true
[🔑 Auth] validando token com backend...
[🌐 ApiClient] GET https://evolution-cartinhas.8ktevp.easypanel.host/auth/me
[🌐 ApiClient] GET /auth/me → 200 (200ms)
[🔑 Auth] token válido: true
[🔑 Auth] initialize() concluído → AuthStatus.authenticated
[🌐 ApiClient] GET https://evolution-cartinhas.8ktevp.easypanel.host/trades/b9a9b0cf-8ad2-4185-a870-e2d5f59f7ac2
[🌐 ApiClient] GET /trades/b9a9b0cf-8ad2-4185-a870-e2d5f59f7ac2 → 200 (204ms)
[🌐 ApiClient] PUT https://evolution-cartinhas.8ktevp.easypanel.host/trades/b9a9b0cf-8ad2-4185-a870-e2d5f59f7ac2/status
[🌐 ApiClient] PUT /trades/b9a9b0cf-8ad2-4185-a870-e2d5f59f7ac2/status → 200 (487ms)
[🌐 ApiClient] GET https://evolution-cartinhas.8ktevp.easypanel.host/trades/b9a9b0cf-8ad2-4185-a870-e2d5f59f7ac2
[🌐 ApiClient] GET /trades/b9a9b0cf-8ad2-4185-a870-e2d5f59f7ac2 → 200 (210ms)
[🌐 ApiClient] PUT https://evolution-cartinhas.8ktevp.easypanel.host/trades/b9a9b0cf-8ad2-4185-a870-e2d5f59f7ac2/status
[🌐 ApiClient] PUT /trades/b9a9b0cf-8ad2-4185-a870-e2d5f59f7ac2/status → 200 (202ms)
[🌐 ApiClient] GET https://evolution-cartinhas.8ktevp.easypanel.host/trades/b9a9b0cf-8ad2-4185-a870-e2d5f59f7ac2
[🌐 ApiClient] GET /trades/b9a9b0cf-8ad2-4185-a870-e2d5f59f7ac2 → 200 (208ms)
CAPTURE_START market_trade_10_trade_detail_completed
CAPTURE_TAKEN market_trade_10_trade_detail_completed bytes=58815
SCREENSHOT_BEGIN market_trade_10_trade_detail_completed
SCREENSHOT_SAVED 05_binder_marketplace_trade_messages_notifications_rerun3__market_trade_10_trade_detail_completed.png bytes=58815
SCREENSHOT_END market_trade_10_trade_detail_completed
[🌐 ApiClient] GET https://evolution-cartinhas.8ktevp.easypanel.host/notifications?page=1&limit=30
[🌐 ApiClient] GET /notifications?page=1&limit=30 → 200 (225ms)
CAPTURE_START market_trade_11_notifications
CAPTURE_TAKEN market_trade_11_notifications bytes=58815
SCREENSHOT_BEGIN market_trade_11_notifications
SCREENSHOT_SAVED 05_binder_marketplace_trade_messages_notifications_rerun3__market_trade_11_notifications.png bytes=58815
SCREENSHOT_END market_trade_11_notifications
[🌐 ApiClient] PUT https://evolution-cartinhas.8ktevp.easypanel.host/notifications/c9081027-85d6-4ae9-b8b3-baf75d128669/read
[🌐 ApiClient] GET https://evolution-cartinhas.8ktevp.easypanel.host/trades/b9a9b0cf-8ad2-4185-a870-e2d5f59f7ac2
[🌐 ApiClient] PUT /notifications/c9081027-85d6-4ae9-b8b3-baf75d128669/read → 200 (387ms)
[🌐 ApiClient] GET /trades/b9a9b0cf-8ad2-4185-a870-e2d5f59f7ac2 → 200 (696ms)
[🌐 ApiClient] GET https://evolution-cartinhas.8ktevp.easypanel.host/notifications?page=1&limit=30
[🌐 ApiClient] GET /notifications?page=1&limit=30 → 200 (236ms)
[🌐 ApiClient] PUT https://evolution-cartinhas.8ktevp.easypanel.host/notifications/read-all
[🌐 ApiClient] PUT /notifications/read-all → 200 (224ms)
00:59 +1: iPhone 15 runtime: direct messages conversation chat and read receipt
DIRECT_MESSAGES_BASE_URL https://evolution-cartinhas.8ktevp.easypanel.host
DIRECT_MESSAGES_MARKER qa_dm_19e2d45d198
RUNTIME_RATE_LIMIT_RETRY endpoint=/auth/register seconds=60
[🔑 Auth] initialize() → loading
[🔑 Auth] savedToken exists: true, savedUser exists: true
[🔑 Auth] validando token com backend...
[🌐 ApiClient] GET https://evolution-cartinhas.8ktevp.easypanel.host/auth/me
[🌐 ApiClient] GET /auth/me → 200 (589ms)
[🔑 Auth] token válido: true
[🔑 Auth] initialize() concluído → AuthStatus.authenticated
02:03 +1: iPhone 15 runtime: binder marketplace sale trade lifecycle with notifications
[🌐 ApiClient] GET https://evolution-cartinhas.8ktevp.easypanel.host/conversations?page=1&limit=20
[🌐 ApiClient] GET /conversations?page=1&limit=20 → 200 (206ms)
02:04 +1: iPhone 15 runtime: direct messages conversation chat and read receipt
CAPTURE_START messages_01_inbox
CAPTURE_TAKEN messages_01_inbox bytes=58815
SCREENSHOT_BEGIN messages_01_inbox
SCREENSHOT_SAVED 05_binder_marketplace_trade_messages_notifications_rerun3__messages_01_inbox.png bytes=58815
SCREENSHOT_END messages_01_inbox
02:05 +1: iPhone 15 runtime: binder marketplace sale trade lifecycle with notifications
[🌐 ApiClient] GET https://evolution-cartinhas.8ktevp.easypanel.host/conversations/2df4bf34-562b-44cc-a796-444845de3543/messages?page=1&limit=50
[🌐 ApiClient] PUT https://evolution-cartinhas.8ktevp.easypanel.host/conversations/2df4bf34-562b-44cc-a796-444845de3543/read
[🌐 ApiClient] GET https://evolution-cartinhas.8ktevp.easypanel.host/conversations?page=1&limit=20
[🌐 ApiClient] GET /conversations/2df4bf34-562b-44cc-a796-444845de3543/messages?page=1&limit=50 → 200 (304ms)
02:05 +1: iPhone 15 runtime: direct messages conversation chat and read receipt
CAPTURE_START messages_02_conversation
02:06 +1: iPhone 15 runtime: binder marketplace sale trade lifecycle with notifications
[🌐 ApiClient] GET /conversations?page=1&limit=20 → 200 (751ms)
[🌐 ApiClient] PUT /conversations/2df4bf34-562b-44cc-a796-444845de3543/read → 200 (759ms)
02:06 +1: iPhone 15 runtime: direct messages conversation chat and read receipt
CAPTURE_TAKEN messages_02_conversation bytes=58815
SCREENSHOT_BEGIN messages_02_conversation
SCREENSHOT_SAVED 05_binder_marketplace_trade_messages_notifications_rerun3__messages_02_conversation.png bytes=58815
SCREENSHOT_END messages_02_conversation
[🌐 ApiClient] POST https://evolution-cartinhas.8ktevp.easypanel.host/conversations/2df4bf34-562b-44cc-a796-444845de3543/messages
[🌐 ApiClient] POST /conversations/2df4bf34-562b-44cc-a796-444845de3543/messages → 201 (271ms)
[🌐 ApiClient] GET https://evolution-cartinhas.8ktevp.easypanel.host/conversations?page=1&limit=20
[🌐 ApiClient] GET /conversations?page=1&limit=20 → 200 (215ms)
[🌐 ApiClient] PUT https://evolution-cartinhas.8ktevp.easypanel.host/conversations/2df4bf34-562b-44cc-a796-444845de3543/read
[🌐 ApiClient] PUT /conversations/2df4bf34-562b-44cc-a796-444845de3543/read → 200 (308ms)
02:09 +2: (tearDownAll)
02:09 +2: All tests passed!
