00:00 +0: loading /Users/desenvolvimentomobile/Documents/rafa/mtg/mtgia/app/integration_test/app_full_non_life_counter_visual_capture_smoke_test.dart
The following target(s) do not support arm64 architecture, which is a requirement for Apple Silicon iOS 26+ simulators:
  - camera_avfoundation (Flutter plugin)
  - camera_avfoundation-camera_avfoundation_privacy
  - Firebase (transitive dependency of Flutter plugin firebase_messaging)
  - firebase_core (Flutter plugin)
  - firebase_messaging (Flutter plugin)
  - firebase_messaging-firebase_messaging_Privacy
  - firebase_performance (Flutter plugin)
  - FirebaseABTesting (transitive dependency of Flutter plugin firebase_performance)
  - FirebaseABTesting-FirebaseABTesting_Privacy (transitive dependency of Flutter plugin firebase_performance)
  - FirebaseCore (transitive dependency of Flutter plugin firebase_messaging)
  - FirebaseCore-FirebaseCore_Privacy (transitive dependency of Flutter plugin firebase_messaging)
  - FirebaseCoreExtension (transitive dependency of Flutter plugin firebase_performance)
  - FirebaseCoreExtension-FirebaseCoreExtension_Privacy (transitive dependency of Flutter plugin firebase_performance)
  - FirebaseCoreInternal (transitive dependency of Flutter plugin firebase_messaging)
  - FirebaseCoreInternal-FirebaseCoreInternal_Privacy (transitive dependency of Flutter plugin firebase_messaging)
  - FirebaseInstallations (transitive dependency of Flutter plugin firebase_messaging)
  - FirebaseInstallations-FirebaseInstallations_Privacy (transitive dependency of Flutter plugin firebase_messaging)
  - FirebaseMessaging (transitive dependency of Flutter plugin firebase_messaging)
  - FirebaseMessaging-FirebaseMessaging_Privacy (transitive dependency of Flutter plugin firebase_messaging)
  - FirebasePerformance (transitive dependency of Flutter plugin firebase_performance)
  - FirebaseRemoteConfig (transitive dependency of Flutter plugin firebase_performance)
  - FirebaseRemoteConfig-FirebaseRemoteConfig_Privacy (transitive dependency of Flutter plugin firebase_performance)
  - FirebaseRemoteConfigInterop (transitive dependency of Flutter plugin firebase_performance)
  - FirebaseSessions (transitive dependency of Flutter plugin firebase_performance)
  - FirebaseSharedSwift (transitive dependency of Flutter plugin firebase_performance)
  - Flutter (transitive dependency of Flutter plugin camera_avfoundation)
  - google_mlkit_commons (Flutter plugin)
  - google_mlkit_text_recognition (Flutter plugin)
  - GoogleDataTransport (transitive dependency of Flutter plugin firebase_messaging)
  - GoogleDataTransport-GoogleDataTransport_Privacy (transitive dependency of Flutter plugin firebase_messaging)
  - GoogleMLKit (transitive dependency of Flutter plugin google_mlkit_text_recognition)
  - GoogleToolboxForMac (transitive dependency of Flutter plugin google_mlkit_text_recognition)
  - GoogleToolboxForMac-GoogleToolboxForMac_Logger_Privacy
  - GoogleToolboxForMac-GoogleToolboxForMac_Privacy
  - GoogleUtilities (transitive dependency of Flutter plugin firebase_messaging)
  - GoogleUtilities-GoogleUtilities_Privacy
  - GTMSessionFetcher (transitive dependency of Flutter plugin google_mlkit_text_recognition)
  - GTMSessionFetcher-GTMSessionFetcher_Core_Privacy
  - integration_test (Flutter plugin)
  - MLImage (transitive dependency of Flutter plugin google_mlkit_commons)
  - MLKitCommon (transitive dependency of Flutter plugin google_mlkit_text_recognition)
  - MLKitTextRecognition (transitive dependency of Flutter plugin google_mlkit_text_recognition)
  - MLKitTextRecognition-LatinOCRResources (transitive dependency of Flutter plugin google_mlkit_text_recognition)
  - MLKitTextRecognitionCommon (transitive dependency of Flutter plugin google_mlkit_text_recognition)
  - MLKitVision (transitive dependency of Flutter plugin google_mlkit_commons)
  - nanopb (transitive dependency of Flutter plugin firebase_messaging)
  - nanopb-nanopb_Privacy (transitive dependency of Flutter plugin firebase_messaging)
  - objective_c (Flutter plugin)
  - package_info_plus (Flutter plugin)
  - package_info_plus-package_info_plus_privacy
  - permission_handler_apple (Flutter plugin)
  - permission_handler_apple-permission_handler_apple_privacy
  - PromisesObjC (transitive dependency of Flutter plugin firebase_messaging)
  - PromisesObjC-FBLPromises_Privacy (transitive dependency of Flutter plugin firebase_messaging)
  - PromisesSwift (transitive dependency of Flutter plugin firebase_performance)
  - PromisesSwift-Promises_Privacy (transitive dependency of Flutter plugin firebase_performance)
  - Sentry (transitive dependency of Flutter plugin sentry_flutter)
  - Sentry-Sentry
  - sentry_flutter (Flutter plugin)
  - share_plus (Flutter plugin)
  - share_plus-share_plus_privacy
  - shared_preferences_foundation (Flutter plugin)
  - shared_preferences_foundation-shared_preferences_foundation_privacy
  - sqflite_darwin (Flutter plugin)
  - sqflite_darwin-sqflite_darwin_privacy
  - webview_flutter_wkwebview (Flutter plugin)
  - webview_flutter_wkwebview-webview_flutter_wkwebview_privacy
  - camera_avfoundation (Flutter plugin)

Please contact plugin maintainers to request arm64 support to continue to be able to use the plugin on a simulator.
Running Xcode build...
Xcode build done.                                           34.5s
00:00 +0: captures non-life-counter app tabs + deck generate preview
[🌐 ApiClient] baseUrl = https://evolution-cartinhas.8ktevp.easypanel.host
[🌐 ApiClient] platform = TargetPlatform.iOS | kIsWeb=false | kDebugMode=true
[🧭 Router] redirect: location=/ | status=AuthStatus.initial
[🔑 Auth] initialize() → loading
[🧭 Router] redirect: location=/ | status=AuthStatus.loading
[🔑 Auth] savedToken exists: false, savedUser exists: false
[🔑 Auth] initialize() concluído → AuthStatus.unauthenticated
[🧭 Router] redirect: location=/ | status=AuthStatus.unauthenticated
[🧭 Router] redirect: location=/login | status=AuthStatus.unauthenticated
[🧭 Router] → null (sem redirect)
[📱 Screen] → PUSH: login
CAPTURE_START 01_login
CAPTURE_CONVERT_BEGIN 01_login
CAPTURE_CONVERT_DONE 01_login
CAPTURE_TAKING 01_login
CAPTURE_TAKEN 01_login bytes=58815
SCREENSHOT_BEGIN 01_login
SCREENSHOT_SAVED 06_app_full_non_scanner_smoke__01_login.png bytes=58815
SCREENSHOT_END 01_login
[🧭 Router] redirect: location=/register | status=AuthStatus.unauthenticated
[🧭 Router] → null (sem redirect)
[📱 Screen] → PUSH: register
CAPTURE_START 02_register_filled
CAPTURE_TAKING 02_register_filled
CAPTURE_TAKEN 02_register_filled bytes=58815
SCREENSHOT_BEGIN 02_register_filled
SCREENSHOT_SAVED 06_app_full_non_scanner_smoke__02_register_filled.png bytes=58815
SCREENSHOT_END 02_register_filled
[🧭 Router] redirect: location=/login | status=AuthStatus.loading
[🧭 Router] → null (status=AuthStatus.loading, aguardando)
[⚠️ ApiClient] Firebase Performance indisponível; métricas HTTP desativadas nesta sessão. Detalhe: [core/no-app] No Firebase App '[DEFAULT]' has been created - call Firebase.initializeApp()
[🌐 ApiClient] POST https://evolution-cartinhas.8ktevp.easypanel.host/auth/register
[🌐 ApiClient] POST /auth/register → 201 (1074ms)
[🌐 ApiClient] GET https://evolution-cartinhas.8ktevp.easypanel.host/notifications/count
[🌐 ApiClient] GET https://evolution-cartinhas.8ktevp.easypanel.host/conversations/unread-count
[Push] Firebase ainda não inicializado; aguardando init
[🧭 Router] redirect: location=/login | status=AuthStatus.authenticated
[🧭 Router] → /home (já autenticado)
[📱 Screen] → PUSH: home
[🌐 ApiClient] GET https://evolution-cartinhas.8ktevp.easypanel.host/decks
[🌐 ApiClient] GET https://evolution-cartinhas.8ktevp.easypanel.host/market/movers?limit=5&min_price=1.0
[🌐 ApiClient] GET /notifications/count → 200 (819ms)
[🌐 ApiClient] GET /decks → 200 (707ms)
[🌐 ApiClient] GET /conversations/unread-count → 200 (1349ms)
CAPTURE_START 03_home
CAPTURE_TAKING 03_home
CAPTURE_TAKEN 03_home bytes=58815
SCREENSHOT_BEGIN 03_home
SCREENSHOT_SAVED 06_app_full_non_scanner_smoke__03_home.png bytes=58815
SCREENSHOT_END 03_home
[🧭 Router] redirect: location=/decks | status=AuthStatus.authenticated
[🧭 Router] → null (sem redirect)
[📱 Screen] → PUSH: decks
[🌐 ApiClient] GET https://evolution-cartinhas.8ktevp.easypanel.host/decks
[🌐 ApiClient] GET /decks → 200 (279ms)
CAPTURE_START 04_decks
CAPTURE_TAKING 04_decks
CAPTURE_TAKEN 04_decks bytes=58815
SCREENSHOT_BEGIN 04_decks
SCREENSHOT_SAVED 06_app_full_non_scanner_smoke__04_decks.png bytes=58815
SCREENSHOT_END 04_decks
[🌐 ApiClient] GET /market/movers?limit=5&min_price=1.0 → 200 (4725ms)
[⚠️ SLOW REQUEST] GET /market/movers?limit=5&min_price=1.0 demorou 4725ms
[Observability] breadcrumb category=api message=api_slow_request data={method: GET, endpoint: /market/movers?limit=5&min_price=1.0, status_code: 200, duration_ms: 4725, request_id: mob-651e0e299815f-898301ec, response_request_id: mob-651e0e299815f-898301ec}
CAPTURE_START 04a_create_deck_dialog
CAPTURE_TAKING 04a_create_deck_dialog
CAPTURE_TAKEN 04a_create_deck_dialog bytes=58815
SCREENSHOT_BEGIN 04a_create_deck_dialog
SCREENSHOT_SAVED 06_app_full_non_scanner_smoke__04a_create_deck_dialog.png bytes=58815
SCREENSHOT_END 04a_create_deck_dialog
[🌐 ApiClient] POST https://evolution-cartinhas.8ktevp.easypanel.host/decks
[🌐 ApiClient] POST /decks → 200 (507ms)
[🌐 ApiClient] GET https://evolution-cartinhas.8ktevp.easypanel.host/decks
[🌐 ApiClient] POST https://evolution-cartinhas.8ktevp.easypanel.host/users/me/activation-events
[🌐 ApiClient] GET https://evolution-cartinhas.8ktevp.easypanel.host/decks
[🌐 ApiClient] POST /users/me/activation-events → 201 (1650ms)
[🌐 ApiClient] GET /decks → 200 (331ms)
[🌐 ApiClient] GET /decks → 200 (1660ms)
[🧭 Router] redirect: location=/decks/87fd8192-dc0f-4726-8649-aeafa0d156ec | status=AuthStatus.authenticated
[🧭 Router] → null (sem redirect)
[📱 Screen] → PUSH: :id
[🌐 ApiClient] GET https://evolution-cartinhas.8ktevp.easypanel.host/decks/87fd8192-dc0f-4726-8649-aeafa0d156ec
[🌐 ApiClient] GET /decks/87fd8192-dc0f-4726-8649-aeafa0d156ec → 200 (308ms)
CAPTURE_START 04b_deck_details
CAPTURE_TAKING 04b_deck_details
CAPTURE_TAKEN 04b_deck_details bytes=58815
SCREENSHOT_BEGIN 04b_deck_details
SCREENSHOT_SAVED 06_app_full_non_scanner_smoke__04b_deck_details.png bytes=58815
SCREENSHOT_END 04b_deck_details
[📱 Screen] ← POP: :id (3815ms)
[⚠️ SLOW SCREEN] :id demorou 3s
[🌐 ApiClient] GET https://evolution-cartinhas.8ktevp.easypanel.host/decks
[🌐 ApiClient] GET /decks → 200 (257ms)
[🧭 Router] redirect: location=/decks/generate | status=AuthStatus.authenticated
[🧭 Router] → null (sem redirect)
[📱 Screen] → PUSH: generate
CAPTURE_START 05_generate
CAPTURE_TAKING 05_generate
CAPTURE_TAKEN 05_generate bytes=58815
SCREENSHOT_BEGIN 05_generate
SCREENSHOT_SAVED 06_app_full_non_scanner_smoke__05_generate.png bytes=58815
SCREENSHOT_END 05_generate
[🌐 ApiClient] POST https://evolution-cartinhas.8ktevp.easypanel.host/ai/generate
[🌐 ApiClient] POST /ai/generate → 202 (399ms)
ℹ️ [DeckGenerate] async accepted status=202 job_id=34bc73acb6698424fcb43817d91bdbc3 accepted_ms=399
[Observability] breadcrumb category=ai_generate message=ai_generate_async_accepted data={status_code: 202, job_id: 34bc73acb6698424fcb43817d91bdbc3, accepted_ms: 399}
ℹ️ [DeckGenerate] initial async feedback after 413ms
CAPTURE_START 06_generate_preview_not_proven
CAPTURE_TAKING 06_generate_preview_not_proven
CAPTURE_TAKEN 06_generate_preview_not_proven bytes=58815
SCREENSHOT_BEGIN 06_generate_preview_not_proven
SCREENSHOT_SAVED 06_app_full_non_scanner_smoke__06_generate_preview_not_proven.png bytes=58815
SCREENSHOT_END 06_generate_preview_not_proven
[🧭 Router] redirect: location=/community | status=AuthStatus.authenticated
[🧭 Router] → null (sem redirect)
[📱 Screen] → PUSH: community
[🌐 ApiClient] GET https://evolution-cartinhas.8ktevp.easypanel.host/community/decks?page=1&limit=20
[🌐 ApiClient] GET /community/decks?page=1&limit=20 → 200 (380ms)
CAPTURE_START 07_community
CAPTURE_TAKING 07_community
CAPTURE_TAKEN 07_community bytes=58815
SCREENSHOT_BEGIN 07_community
SCREENSHOT_SAVED 06_app_full_non_scanner_smoke__07_community.png bytes=58815
SCREENSHOT_END 07_community
[🧭 Router] redirect: location=/collection | status=AuthStatus.authenticated
[🧭 Router] → null (sem redirect)
[📱 Screen] → PUSH: collection
[🌐 ApiClient] GET https://evolution-cartinhas.8ktevp.easypanel.host/binder?page=1&limit=20&list_type=have&sort=name&order=asc
[🌐 ApiClient] GET https://evolution-cartinhas.8ktevp.easypanel.host/binder/stats
[🌐 ApiClient] GET /binder?page=1&limit=20&list_type=have&sort=name&order=asc → 200 (347ms)
[🌐 ApiClient] GET /binder/stats → 200 (961ms)
CAPTURE_START 08_collection
CAPTURE_TAKING 08_collection
CAPTURE_TAKEN 08_collection bytes=58815
SCREENSHOT_BEGIN 08_collection
SCREENSHOT_SAVED 06_app_full_non_scanner_smoke__08_collection.png bytes=58815
SCREENSHOT_END 08_collection
[🧭 Router] redirect: location=/profile | status=AuthStatus.authenticated
[🧭 Router] → null (sem redirect)
[📱 Screen] → PUSH: profile
[🌐 ApiClient] GET https://evolution-cartinhas.8ktevp.easypanel.host/users/me
[🌐 ApiClient] GET /users/me → 200 (293ms)
[🌐 ApiClient] GET https://evolution-cartinhas.8ktevp.easypanel.host/notifications/count
[🌐 ApiClient] GET https://evolution-cartinhas.8ktevp.easypanel.host/conversations/unread-count
[🧭 Router] redirect: location=/profile | status=AuthStatus.authenticated
[🧭 Router] → null (sem redirect)
[🌐 ApiClient] GET /conversations/unread-count → 200 (232ms)
[🌐 ApiClient] GET /notifications/count → 200 (238ms)
CAPTURE_START 09_profile
CAPTURE_TAKING 09_profile
CAPTURE_TAKEN 09_profile bytes=58815
SCREENSHOT_BEGIN 09_profile
SCREENSHOT_SAVED 06_app_full_non_scanner_smoke__09_profile.png bytes=58815
SCREENSHOT_END 09_profile
00:42 +1: (tearDownAll)
00:43 +1: All tests passed!
